  Pro12.cpp
h:\mpa\iplug2\igraphics\igraphicspathbase.h(557): warning C4244: "Argument": Konvertierung von "double" in "float", möglicher Datenverlust
h:\mpa\iplug2\igraphics\icontrol.h(1050): warning C4244: "Argument": Konvertierung von "double" in "float", möglicher Datenverlust
h:\mpa\iplug2\mpa code\global.h(25): warning C4305: "Argument": Verkürzung von "double" in "float"
h:\mpa\iplug2\mpa code\global.h(26): warning C4305: "Argument": Verkürzung von "double" in "float"
h:\mpa\iplug2\mpa code\global.h(28): warning C4244: "Argument": Konvertierung von "double" in "float", möglicher Datenverlust
h:\mpa\iplug2\mpa code\global.h(29): warning C4244: "Argument": Konvertierung von "double" in "float", möglicher Datenverlust
h:\mpa\iplug2\mpa code\global.h(30): warning C4244: "Argument": Konvertierung von "double" in "float", möglicher Datenverlust
h:\mpa\iplug2\mpa code\global.h(31): warning C4244: "Argument": Konvertierung von "double" in "float", möglicher Datenverlust
h:\mpa\iplug2\mpa code\global.h(37): warning C4244: "Argument": Konvertierung von "double" in "float", möglicher Datenverlust
h:\mpa\iplug2\mpa code\global.h(38): warning C4244: "Argument": Konvertierung von "double" in "float", möglicher Datenverlust
h:\mpa\iplug2\mpa code\global.h(39): warning C4244: "Argument": Konvertierung von "double" in "float", möglicher Datenverlust
h:\mpa\iplug2\mpa code\global.h(40): warning C4244: "Argument": Konvertierung von "double" in "float", möglicher Datenverlust
h:\mpa\iplug2\mpa code\global.h(208): warning C4244: "=": Konvertierung von "double" in "int", möglicher Datenverlust
h:\mpa\iplug2\mpa code\global.h(242): warning C4244: "Argument": Konvertierung von "double" in "float", möglicher Datenverlust
h:\mpa\iplug2\mpa code\global.h(243): warning C4244: "Argument": Konvertierung von "double" in "float", möglicher Datenverlust
h:\mpa\iplug2\mpa code\global.h(379): warning C4244: "=": Konvertierung von "double" in "int", möglicher Datenverlust
h:\mpa\iplug2\mpa code\global.h(477): warning C4244: "Argument": Konvertierung von "double" in "float", möglicher Datenverlust
h:\mpa\iplug2\mpa code\global.h(478): warning C4244: "Argument": Konvertierung von "double" in "float", möglicher Datenverlust
h:\mpa\iplug2\mpa code\global.h(479): warning C4244: "Argument": Konvertierung von "double" in "float", möglicher Datenverlust
h:\mpa\iplug2\mpa code\global.h(480): warning C4244: "Argument": Konvertierung von "double" in "float", möglicher Datenverlust
h:\mpa\iplug2\mpa code\global.h(491): warning C4244: "Argument": Konvertierung von "double" in "float", möglicher Datenverlust
h:\mpa\iplug2\mpa code\global.h(492): warning C4244: "Argument": Konvertierung von "double" in "float", möglicher Datenverlust
h:\mpa\iplug2\mpa code\global.h(493): warning C4244: "Argument": Konvertierung von "double" in "float", möglicher Datenverlust
h:\mpa\iplug2\mpa code\global.h(494): warning C4244: "Argument": Konvertierung von "double" in "float", möglicher Datenverlust
h:\mpa\iplug2\examples\pro12\pro12.cpp(482): warning C4305: "Argument": Verkürzung von "double" in "float"
h:\mpa\iplug2\examples\pro12\pro12.cpp(534): warning C4244: "Argument": Konvertierung von "int" in "float", möglicher Datenverlust
h:\mpa\iplug2\examples\pro12\pro12.cpp(535): warning C4244: "Argument": Konvertierung von "int" in "float", möglicher Datenverlust
h:\mpa\iplug2\examples\pro12\pro12.cpp(536): warning C4244: "Argument": Konvertierung von "int" in "float", möglicher Datenverlust
h:\mpa\iplug2\examples\pro12\pro12.cpp(636): warning C4244: "=": Konvertierung von "double" in "int", möglicher Datenverlust
h:\mpa\iplug2\mpa code\resize.h(8): warning C4244: "Initialisierung": Konvertierung von "double" in "int", möglicher Datenverlust
h:\mpa\iplug2\mpa code\resize.h(9): warning C4244: "Initialisierung": Konvertierung von "double" in "int", möglicher Datenverlust
h:\mpa\iplug2\mpa code\resize.h(10): warning C4244: "Initialisierung": Konvertierung von "double" in "int", möglicher Datenverlust
h:\mpa\iplug2\examples\pro12\pro12.cpp(858): warning C4244: "Argument": Konvertierung von "double" in "int", möglicher Datenverlust
h:\mpa\iplug2\examples\pro12\pro12.cpp(1064): warning C4244: "=": Konvertierung von "double" in "uint8_t", möglicher Datenverlust
h:\mpa\iplug2\examples\pro12\pro12.cpp(1067): warning C4244: "=": Konvertierung von "double" in "uint8_t", möglicher Datenverlust
h:\mpa\iplug2\examples\pro12\pro12.cpp(1151): warning C4244: "=": Konvertierung von "double" in "int", möglicher Datenverlust
h:\mpa\iplug2\examples\pro12\pro12.cpp(1160): warning C4244: "=": Konvertierung von "double" in "uint8_t", möglicher Datenverlust
h:\mpa\iplug2\examples\pro12\pro12.cpp(1260): warning C4700: Die nicht initialisierte lokale Variable "pos" wurde verwendet.
  Pro12-app.vcxproj -> H:\MPA\iPlug2\Examples\Pro12\build-win\app\x64\Debug\Pro12.exe
  POSTBUILD SCRIPT VARIABLES -----------------------------------------------------
  FORMAT ".exe" 
  NAME "Pro12" 
  PLATFORM "x64" 
  COPY_VST2 "1" 
  BUILT_BINARY "H:\MPA\iPlug2\Examples\Pro12\build-win\app\x64\Debug\Pro12.exe" 
  VST2_32_PATH "C:\Program Files (x86)\Common Files\VST2" 
  VST2_64_PATH "C:\Program Files\Common Files\VST2"  
  VST3_32_PATH "C:\Program Files (x86)\Common Files\VST3" 
  VST3_64_PATH "C:\Program Files\Common Files\VST3" 
  BUILD_DIR "H:\MPA\iPlug2\Examples\Pro12\build-win"
  VST_ICON "H:\MPA\iPlug2\Examples\Pro12\..\..\Dependencies\IPlug\VST3_SDK\doc\artwork\VST_Logo_Steinberg.ico" 
  AAX_ICON "H:\MPA\iPlug2\Examples\Pro12\..\..\Dependencies\IPlug\AAX_SDK\Utilities\PlugIn.ico" 
  CREATE_BUNDLE_SCRIPT "H:\MPA\iPlug2\Examples\Pro12\..\..\Scripts\create_bundle.bat"
  END POSTBUILD SCRIPT VARIABLES -----------------------------------------------------
