  Minimax.cpp
h:\mpa\iplug2\igraphics\igraphicspathbase.h(557): warning C4244: "Argument": Konvertierung von "double" in "float", möglicher Datenverlust
h:\mpa\iplug2\igraphics\icontrol.h(1050): warning C4244: "Argument": Konvertierung von "double" in "float", möglicher Datenverlust
h:\mpa\iplug2\mpa code\global.h(31): warning C4305: "Argument": Verkürzung von "double" in "float"
h:\mpa\iplug2\mpa code\global.h(32): warning C4305: "Argument": Verkürzung von "double" in "float"
h:\mpa\iplug2\mpa code\global.h(34): warning C4244: "Argument": Konvertierung von "double" in "float", möglicher Datenverlust
h:\mpa\iplug2\mpa code\global.h(35): warning C4244: "Argument": Konvertierung von "double" in "float", möglicher Datenverlust
h:\mpa\iplug2\mpa code\global.h(36): warning C4244: "Argument": Konvertierung von "double" in "float", möglicher Datenverlust
h:\mpa\iplug2\mpa code\global.h(37): warning C4244: "Argument": Konvertierung von "double" in "float", möglicher Datenverlust
h:\mpa\iplug2\mpa code\global.h(43): warning C4244: "Argument": Konvertierung von "double" in "float", möglicher Datenverlust
h:\mpa\iplug2\mpa code\global.h(44): warning C4244: "Argument": Konvertierung von "double" in "float", möglicher Datenverlust
h:\mpa\iplug2\mpa code\global.h(45): warning C4244: "Argument": Konvertierung von "double" in "float", möglicher Datenverlust
h:\mpa\iplug2\mpa code\global.h(46): warning C4244: "Argument": Konvertierung von "double" in "float", möglicher Datenverlust
h:\mpa\iplug2\mpa code\global.h(216): warning C4244: "=": Konvertierung von "double" in "int", möglicher Datenverlust
h:\mpa\iplug2\mpa code\global.h(250): warning C4244: "Argument": Konvertierung von "double" in "float", möglicher Datenverlust
h:\mpa\iplug2\mpa code\global.h(251): warning C4244: "Argument": Konvertierung von "double" in "float", möglicher Datenverlust
h:\mpa\iplug2\mpa code\global.h(388): warning C4244: "=": Konvertierung von "double" in "int", möglicher Datenverlust
h:\mpa\iplug2\mpa code\global.h(486): warning C4244: "Argument": Konvertierung von "double" in "float", möglicher Datenverlust
h:\mpa\iplug2\mpa code\global.h(487): warning C4244: "Argument": Konvertierung von "double" in "float", möglicher Datenverlust
h:\mpa\iplug2\mpa code\global.h(488): warning C4244: "Argument": Konvertierung von "double" in "float", möglicher Datenverlust
h:\mpa\iplug2\mpa code\global.h(489): warning C4244: "Argument": Konvertierung von "double" in "float", möglicher Datenverlust
h:\mpa\iplug2\mpa code\global.h(500): warning C4244: "Argument": Konvertierung von "double" in "float", möglicher Datenverlust
h:\mpa\iplug2\mpa code\global.h(501): warning C4244: "Argument": Konvertierung von "double" in "float", möglicher Datenverlust
h:\mpa\iplug2\mpa code\global.h(502): warning C4244: "Argument": Konvertierung von "double" in "float", möglicher Datenverlust
h:\mpa\iplug2\mpa code\global.h(503): warning C4244: "Argument": Konvertierung von "double" in "float", möglicher Datenverlust
h:\mpa\iplug2\examples\minimax\minimax.cpp(412): warning C4244: "Argument": Konvertierung von "int" in "float", möglicher Datenverlust
h:\mpa\iplug2\examples\minimax\minimax.cpp(413): warning C4244: "Argument": Konvertierung von "int" in "float", möglicher Datenverlust
h:\mpa\iplug2\examples\minimax\minimax.cpp(414): warning C4244: "Argument": Konvertierung von "int" in "float", möglicher Datenverlust
h:\mpa\iplug2\examples\minimax\minimax.cpp(415): warning C4244: "Argument": Konvertierung von "int" in "float", möglicher Datenverlust
h:\mpa\iplug2\examples\minimax\minimax.cpp(416): warning C4244: "Argument": Konvertierung von "int" in "float", möglicher Datenverlust
h:\mpa\iplug2\examples\minimax\minimax.cpp(417): warning C4244: "Argument": Konvertierung von "int" in "float", möglicher Datenverlust
h:\mpa\iplug2\examples\minimax\minimax.cpp(418): warning C4244: "Argument": Konvertierung von "int" in "float", möglicher Datenverlust
h:\mpa\iplug2\examples\minimax\minimax.cpp(419): warning C4244: "Argument": Konvertierung von "int" in "float", möglicher Datenverlust
h:\mpa\iplug2\examples\minimax\minimax.cpp(420): warning C4244: "Argument": Konvertierung von "int" in "float", möglicher Datenverlust
h:\mpa\iplug2\examples\minimax\minimax.cpp(421): warning C4244: "Argument": Konvertierung von "int" in "float", möglicher Datenverlust
h:\mpa\iplug2\examples\minimax\minimax.cpp(422): warning C4244: "Argument": Konvertierung von "int" in "float", möglicher Datenverlust
h:\mpa\iplug2\examples\minimax\minimax.cpp(424): warning C4244: "Argument": Konvertierung von "int" in "float", möglicher Datenverlust
h:\mpa\iplug2\examples\minimax\minimax.cpp(425): warning C4244: "Argument": Konvertierung von "int" in "float", möglicher Datenverlust
h:\mpa\iplug2\examples\minimax\minimax.cpp(426): warning C4244: "Argument": Konvertierung von "int" in "float", möglicher Datenverlust
h:\mpa\iplug2\examples\minimax\minimax.cpp(427): warning C4244: "Argument": Konvertierung von "int" in "float", möglicher Datenverlust
h:\mpa\iplug2\examples\minimax\minimax.cpp(428): warning C4244: "Argument": Konvertierung von "int" in "float", möglicher Datenverlust
h:\mpa\iplug2\examples\minimax\minimax.cpp(429): warning C4244: "Argument": Konvertierung von "int" in "float", möglicher Datenverlust
h:\mpa\iplug2\examples\minimax\minimax.cpp(449): warning C4244: "Argument": Konvertierung von "int" in "float", möglicher Datenverlust
h:\mpa\iplug2\examples\minimax\minimax.cpp(450): warning C4244: "Argument": Konvertierung von "int" in "float", möglicher Datenverlust
h:\mpa\iplug2\examples\minimax\minimax.cpp(451): warning C4244: "Argument": Konvertierung von "int" in "float", möglicher Datenverlust
h:\mpa\iplug2\examples\minimax\minimax.cpp(452): warning C4244: "Argument": Konvertierung von "int" in "float", möglicher Datenverlust
h:\mpa\iplug2\examples\minimax\minimax.cpp(453): warning C4244: "Argument": Konvertierung von "int" in "float", möglicher Datenverlust
h:\mpa\iplug2\examples\minimax\minimax.cpp(454): warning C4244: "Argument": Konvertierung von "int" in "float", möglicher Datenverlust
h:\mpa\iplug2\examples\minimax\minimax.cpp(460): warning C4244: "Argument": Konvertierung von "int" in "float", möglicher Datenverlust
h:\mpa\iplug2\examples\minimax\minimax.cpp(461): warning C4244: "Argument": Konvertierung von "int" in "float", möglicher Datenverlust
h:\mpa\iplug2\examples\minimax\minimax.cpp(462): warning C4244: "Argument": Konvertierung von "int" in "float", möglicher Datenverlust
h:\mpa\iplug2\examples\minimax\minimax.cpp(463): warning C4244: "Argument": Konvertierung von "int" in "float", möglicher Datenverlust
h:\mpa\iplug2\examples\minimax\minimax.cpp(464): warning C4244: "Argument": Konvertierung von "int" in "float", möglicher Datenverlust
h:\mpa\iplug2\examples\minimax\minimax.cpp(465): warning C4244: "Argument": Konvertierung von "int" in "float", möglicher Datenverlust
h:\mpa\iplug2\examples\minimax\minimax.cpp(468): warning C4244: "Argument": Konvertierung von "int" in "float", möglicher Datenverlust
h:\mpa\iplug2\examples\minimax\minimax.cpp(471): warning C4244: "Argument": Konvertierung von "int" in "float", möglicher Datenverlust
h:\mpa\iplug2\examples\minimax\minimax.cpp(477): warning C4244: "Argument": Konvertierung von "int" in "float", möglicher Datenverlust
h:\mpa\iplug2\examples\minimax\minimax.cpp(478): warning C4244: "Argument": Konvertierung von "int" in "float", möglicher Datenverlust
h:\mpa\iplug2\examples\minimax\minimax.cpp(479): warning C4244: "Argument": Konvertierung von "int" in "float", möglicher Datenverlust
h:\mpa\iplug2\examples\minimax\minimax.cpp(480): warning C4244: "Argument": Konvertierung von "int" in "float", möglicher Datenverlust
h:\mpa\iplug2\examples\minimax\minimax.cpp(483): warning C4244: "Argument": Konvertierung von "int" in "float", möglicher Datenverlust
h:\mpa\iplug2\examples\minimax\minimax.cpp(484): warning C4244: "Argument": Konvertierung von "int" in "float", möglicher Datenverlust
h:\mpa\iplug2\examples\minimax\minimax.cpp(485): warning C4244: "Argument": Konvertierung von "int" in "float", möglicher Datenverlust
h:\mpa\iplug2\examples\minimax\minimax.cpp(488): warning C4244: "Argument": Konvertierung von "int" in "float", möglicher Datenverlust
h:\mpa\iplug2\examples\minimax\minimax.cpp(491): warning C4244: "Argument": Konvertierung von "int" in "float", möglicher Datenverlust
h:\mpa\iplug2\examples\minimax\minimax.cpp(492): warning C4244: "Argument": Konvertierung von "int" in "float", möglicher Datenverlust
h:\mpa\iplug2\examples\minimax\minimax.cpp(493): warning C4244: "Argument": Konvertierung von "int" in "float", möglicher Datenverlust
h:\mpa\iplug2\examples\minimax\minimax.cpp(494): warning C4244: "Argument": Konvertierung von "int" in "float", möglicher Datenverlust
h:\mpa\iplug2\examples\minimax\minimax.cpp(495): warning C4244: "Argument": Konvertierung von "int" in "float", möglicher Datenverlust
h:\mpa\iplug2\examples\minimax\minimax.cpp(498): warning C4244: "Argument": Konvertierung von "int" in "float", möglicher Datenverlust
h:\mpa\iplug2\examples\minimax\minimax.cpp(499): warning C4244: "Argument": Konvertierung von "int" in "float", möglicher Datenverlust
h:\mpa\iplug2\examples\minimax\minimax.cpp(502): warning C4244: "Argument": Konvertierung von "int" in "float", möglicher Datenverlust
h:\mpa\iplug2\examples\minimax\minimax.cpp(503): warning C4244: "Argument": Konvertierung von "int" in "float", möglicher Datenverlust
h:\mpa\iplug2\examples\minimax\minimax.cpp(504): warning C4244: "Argument": Konvertierung von "int" in "float", möglicher Datenverlust
h:\mpa\iplug2\examples\minimax\minimax.cpp(507): warning C4244: "Argument": Konvertierung von "int" in "float", möglicher Datenverlust
h:\mpa\iplug2\mpa code\mixerui.h(7): warning C4244: "Initialisierung": Konvertierung von "double" in "int", möglicher Datenverlust
h:\mpa\iplug2\mpa code\mixerui.h(9): warning C4244: "Argument": Konvertierung von "int" in "float", möglicher Datenverlust
h:\mpa\iplug2\mpa code\mixerui.h(15): warning C4244: "Argument": Konvertierung von "int" in "float", möglicher Datenverlust
h:\mpa\iplug2\mpa code\mixerui.h(16): warning C4244: "Argument": Konvertierung von "int" in "float", möglicher Datenverlust
h:\mpa\iplug2\mpa code\mixerui.h(17): warning C4244: "Argument": Konvertierung von "int" in "float", möglicher Datenverlust
h:\mpa\iplug2\mpa code\mixerui.h(18): warning C4244: "Argument": Konvertierung von "int" in "float", möglicher Datenverlust
h:\mpa\iplug2\mpa code\mixerui.h(28): warning C4244: "Argument": Konvertierung von "int" in "float", möglicher Datenverlust
h:\mpa\iplug2\mpa code\mixerui.h(35): warning C4244: "Argument": Konvertierung von "int" in "float", möglicher Datenverlust
h:\mpa\iplug2\mpa code\mixerui.h(43): warning C4244: "Argument": Konvertierung von "int" in "float", möglicher Datenverlust
h:\mpa\iplug2\mpa code\mixerui.h(47): warning C4244: "Argument": Konvertierung von "int" in "float", möglicher Datenverlust
h:\mpa\iplug2\mpa code\mixerui.h(51): warning C4244: "Argument": Konvertierung von "int" in "float", möglicher Datenverlust
h:\mpa\iplug2\mpa code\mixerui.h(54): warning C4244: "Argument": Konvertierung von "int" in "float", möglicher Datenverlust
h:\mpa\iplug2\mpa code\mixerui.h(60): warning C4244: "Argument": Konvertierung von "int" in "float", möglicher Datenverlust
h:\mpa\iplug2\mpa code\mixerui.h(64): warning C4244: "Argument": Konvertierung von "int" in "float", möglicher Datenverlust
h:\mpa\iplug2\mpa code\mixerui.h(69): warning C4244: "Argument": Konvertierung von "int" in "float", möglicher Datenverlust
h:\mpa\iplug2\mpa code\mixerui.h(82): warning C4244: "Argument": Konvertierung von "int" in "float", möglicher Datenverlust
h:\mpa\iplug2\mpa code\mixerui.h(84): warning C4244: "Argument": Konvertierung von "int" in "float", möglicher Datenverlust
h:\mpa\iplug2\mpa code\mixerui.h(89): warning C4244: "Argument": Konvertierung von "int" in "float", möglicher Datenverlust
h:\mpa\iplug2\mpa code\keyboardui.h(4): warning C4305: "Argument": Verkürzung von "double" in "float"
h:\mpa\iplug2\mpa code\keyboardui.h(16): warning C4244: "Argument": Konvertierung von "double" in "float", möglicher Datenverlust
h:\mpa\iplug2\mpa code\resize.h(8): warning C4244: "=": Konvertierung von "double" in "int", möglicher Datenverlust
h:\mpa\iplug2\mpa code\resize.h(9): warning C4244: "=": Konvertierung von "double" in "int", möglicher Datenverlust
h:\mpa\iplug2\mpa code\resize.h(10): warning C4244: "=": Konvertierung von "double" in "int", möglicher Datenverlust
h:\mpa\iplug2\examples\minimax\minimax.cpp(804): warning C4244: "Argument": Konvertierung von "double" in "int", möglicher Datenverlust
h:\mpa\iplug2\mpa code\processmidi.h(86): warning C4244: "Argument": Konvertierung von "double" in "int", möglicher Datenverlust
h:\mpa\iplug2\examples\minimax\minimax.cpp(1007): warning C4244: "=": Konvertierung von "double" in "uint8_t", möglicher Datenverlust
h:\mpa\iplug2\examples\minimax\minimax.cpp(1010): warning C4244: "=": Konvertierung von "double" in "uint8_t", möglicher Datenverlust
h:\mpa\iplug2\examples\minimax\minimax.cpp(1021): warning C4244: "=": Konvertierung von "double" in "uint8_t", möglicher Datenverlust
h:\mpa\iplug2\examples\minimax\minimax.cpp(1026): warning C4244: "=": Konvertierung von "double" in "uint8_t", möglicher Datenverlust
h:\mpa\iplug2\examples\minimax\minimax.cpp(1073): warning C4244: "=": Konvertierung von "double" in "int", möglicher Datenverlust
h:\mpa\iplug2\examples\minimax\minimax.cpp(1114): warning C4244: "=": Konvertierung von "double" in "uint8_t", möglicher Datenverlust
  Minimax-app.vcxproj -> H:\MPA\iPlug2\Examples\Minimax\build-win\app\x64\Debug\Minimax.exe
  POSTBUILD SCRIPT VARIABLES -----------------------------------------------------
  FORMAT ".exe" 
  NAME "Minimax" 
  PLATFORM "x64" 
  COPY_VST2 "1" 
  BUILT_BINARY "H:\MPA\iPlug2\Examples\Minimax\build-win\app\x64\Debug\Minimax.exe" 
  VST2_32_PATH "C:\Program Files (x86)\Common Files\VST2" 
  VST2_64_PATH "C:\Program Files\Common Files\VST2"  
  VST3_32_PATH "C:\Program Files (x86)\Common Files\VST3" 
  VST3_64_PATH "C:\Program Files\Common Files\VST3" 
  BUILD_DIR "H:\MPA\iPlug2\Examples\Minimax\build-win"
  VST_ICON "H:\MPA\iPlug2\Examples\Minimax\..\..\Dependencies\IPlug\VST3_SDK\doc\artwork\VST_Logo_Steinberg.ico" 
  AAX_ICON "H:\MPA\iPlug2\Examples\Minimax\..\..\Dependencies\IPlug\AAX_SDK\Utilities\PlugIn.ico" 
  CREATE_BUNDLE_SCRIPT "H:\MPA\iPlug2\Examples\Minimax\..\..\Scripts\create_bundle.bat"
  END POSTBUILD SCRIPT VARIABLES -----------------------------------------------------
