h:\makeproaudio\iplug2\examples\minimax\build-win\app\x64\debug\int\vc141.pdb
h:\makeproaudio\iplug2\examples\minimax\build-win\app\x64\debug\int\vc141.idb
h:\makeproaudio\iplug2\examples\minimax\build-win\app\x64\debug\int\iplugapibase.obj
h:\makeproaudio\iplug2\examples\minimax\build-win\app\x64\debug\int\voiceallocator.obj
h:\makeproaudio\iplug2\examples\minimax\build-win\app\x64\debug\int\midisynth.obj
h:\makeproaudio\iplug2\examples\minimax\build-win\app\x64\debug\int\iplugapp_main.obj
h:\makeproaudio\iplug2\examples\minimax\build-win\app\x64\debug\int\iplugapp_host.obj
h:\makeproaudio\iplug2\examples\minimax\build-win\app\x64\debug\int\iplugapp_dialog.obj
h:\makeproaudio\iplug2\examples\minimax\build-win\app\x64\debug\int\iplugapp.obj
h:\makeproaudio\iplug2\examples\minimax\build-win\app\x64\debug\int\igraphicswin.obj
h:\makeproaudio\iplug2\examples\minimax\build-win\app\x64\debug\int\igraphicseditordelegate.obj
h:\makeproaudio\iplug2\examples\minimax\build-win\app\x64\debug\int\igraphics.obj
h:\makeproaudio\iplug2\examples\minimax\build-win\app\x64\debug\int\icontrol.obj
h:\makeproaudio\iplug2\examples\minimax\build-win\app\x64\debug\int\itextentrycontrol.obj
h:\makeproaudio\iplug2\examples\minimax\build-win\app\x64\debug\int\ipopupmenucontrol.obj
h:\makeproaudio\iplug2\examples\minimax\build-win\app\x64\debug\int\icontrols.obj
h:\makeproaudio\iplug2\examples\minimax\build-win\app\x64\debug\int\rtmidi.obj
h:\makeproaudio\iplug2\examples\minimax\build-win\app\x64\debug\int\rtaudio.obj
h:\makeproaudio\iplug2\examples\minimax\build-win\app\x64\debug\int\iasiothiscallresolver.obj
h:\makeproaudio\iplug2\examples\minimax\build-win\app\x64\debug\int\asiolist.obj
h:\makeproaudio\iplug2\examples\minimax\build-win\app\x64\debug\int\asiodrivers.obj
h:\makeproaudio\iplug2\examples\minimax\build-win\app\x64\debug\int\asio.obj
h:\makeproaudio\iplug2\examples\minimax\build-win\app\x64\debug\int\minimax.obj
h:\makeproaudio\iplug2\examples\minimax\build-win\app\x64\debug\int\iplugtimer.obj
h:\makeproaudio\iplug2\examples\minimax\build-win\app\x64\debug\int\iplugpluginbase.obj
h:\makeproaudio\iplug2\examples\minimax\build-win\app\x64\debug\int\iplugpaths.obj
h:\makeproaudio\iplug2\examples\minimax\build-win\app\x64\debug\int\iplugparameter.obj
h:\makeproaudio\iplug2\examples\minimax\build-win\app\x64\debug\int\main.res
h:\makeproaudio\iplug2\examples\minimax\build-win\app\x64\debug\minimax.exe
h:\makeproaudio\iplug2\examples\minimax\build-win\app\x64\debug\minimax.ilk
h:\makeproaudio\iplug2\examples\minimax\build-win\pdbs\minimax-app_x64.pdb
h:\makeproaudio\iplug2\examples\minimax\build-win\app\x64\debug\int\minimax-app.tlog\cl.read.1.tlog
h:\makeproaudio\iplug2\examples\minimax\build-win\app\x64\debug\int\minimax-app.tlog\cl.write.1.tlog
h:\makeproaudio\iplug2\examples\minimax\build-win\app\x64\debug\int\minimax-app.tlog\cl.command.1.tlog
h:\makeproaudio\iplug2\examples\minimax\build-win\app\x64\debug\int\minimax-app.tlog\rc.write.1.tlog
h:\makeproaudio\iplug2\examples\minimax\build-win\app\x64\debug\int\minimax-app.tlog\rc.command.1.tlog
h:\makeproaudio\iplug2\examples\minimax\build-win\app\x64\debug\int\minimax-app.tlog\link.read.1.tlog
h:\makeproaudio\iplug2\examples\minimax\build-win\app\x64\debug\int\minimax-app.tlog\link.write.1.tlog
h:\makeproaudio\iplug2\examples\minimax\build-win\app\x64\debug\int\minimax-app.tlog\link.command.1.tlog
h:\makeproaudio\iplug2\examples\minimax\build-win\app\x64\debug\int\minimax-app.tlog\rc.read.1.tlog
