  Pro12.cpp
h:\makeproaudio\iplug2\igraphics\igraphicspathbase.h(557): warning C4244: "Argument": Konvertierung von "double" in "float", möglicher Datenverlust
h:\makeproaudio\iplug2\igraphics\icontrol.h(1050): warning C4244: "Argument": Konvertierung von "double" in "float", möglicher Datenverlust
h:\makeproaudio\iplug2\mpa code\global.h(48): warning C4244: "Argument": Konvertierung von "double" in "float", möglicher Datenverlust
h:\makeproaudio\iplug2\mpa code\global.h(49): warning C4244: "Argument": Konvertierung von "double" in "float", möglicher Datenverlust
h:\makeproaudio\iplug2\mpa code\global.h(50): warning C4244: "Argument": Konvertierung von "double" in "float", möglicher Datenverlust
h:\makeproaudio\iplug2\mpa code\global.h(51): warning C4244: "Argument": Konvertierung von "double" in "float", möglicher Datenverlust
h:\makeproaudio\iplug2\mpa code\global.h(62): warning C4244: "Argument": Konvertierung von "double" in "float", möglicher Datenverlust
h:\makeproaudio\iplug2\mpa code\global.h(63): warning C4244: "Argument": Konvertierung von "double" in "float", möglicher Datenverlust
h:\makeproaudio\iplug2\mpa code\global.h(64): warning C4244: "Argument": Konvertierung von "double" in "float", möglicher Datenverlust
h:\makeproaudio\iplug2\mpa code\global.h(65): warning C4244: "Argument": Konvertierung von "double" in "float", möglicher Datenverlust
h:\makeproaudio\iplug2\examples\pro12\pro12.cpp(315): warning C4244: "Argument": Konvertierung von "int" in "float", möglicher Datenverlust
h:\makeproaudio\iplug2\examples\pro12\pro12.cpp(316): warning C4244: "Argument": Konvertierung von "int" in "float", möglicher Datenverlust
h:\makeproaudio\iplug2\examples\pro12\pro12.cpp(317): warning C4244: "Argument": Konvertierung von "int" in "float", möglicher Datenverlust
h:\makeproaudio\iplug2\examples\pro12\pro12.cpp(318): warning C4244: "Argument": Konvertierung von "int" in "float", möglicher Datenverlust
h:\makeproaudio\iplug2\examples\pro12\pro12.cpp(319): warning C4244: "Argument": Konvertierung von "int" in "float", möglicher Datenverlust
h:\makeproaudio\iplug2\examples\pro12\pro12.cpp(320): warning C4244: "Argument": Konvertierung von "int" in "float", möglicher Datenverlust
h:\makeproaudio\iplug2\examples\pro12\pro12.cpp(321): warning C4244: "Argument": Konvertierung von "int" in "float", möglicher Datenverlust
h:\makeproaudio\iplug2\examples\pro12\pro12.cpp(322): warning C4244: "Argument": Konvertierung von "int" in "float", möglicher Datenverlust
h:\makeproaudio\iplug2\examples\pro12\pro12.cpp(323): warning C4244: "Argument": Konvertierung von "int" in "float", möglicher Datenverlust
h:\makeproaudio\iplug2\examples\pro12\pro12.cpp(324): warning C4244: "Argument": Konvertierung von "int" in "float", möglicher Datenverlust
h:\makeproaudio\iplug2\examples\pro12\pro12.cpp(325): warning C4244: "Argument": Konvertierung von "int" in "float", möglicher Datenverlust
h:\makeproaudio\iplug2\examples\pro12\pro12.cpp(326): warning C4244: "Argument": Konvertierung von "int" in "float", möglicher Datenverlust
h:\makeproaudio\iplug2\examples\pro12\pro12.cpp(327): warning C4244: "Argument": Konvertierung von "int" in "float", möglicher Datenverlust
h:\makeproaudio\iplug2\examples\pro12\pro12.cpp(328): warning C4244: "Argument": Konvertierung von "int" in "float", möglicher Datenverlust
h:\makeproaudio\iplug2\examples\pro12\pro12.cpp(329): warning C4244: "Argument": Konvertierung von "int" in "float", möglicher Datenverlust
h:\makeproaudio\iplug2\examples\pro12\pro12.cpp(330): warning C4244: "Argument": Konvertierung von "int" in "float", möglicher Datenverlust
h:\makeproaudio\iplug2\examples\pro12\pro12.cpp(331): warning C4244: "Argument": Konvertierung von "int" in "float", möglicher Datenverlust
h:\makeproaudio\iplug2\examples\pro12\pro12.cpp(332): warning C4244: "Argument": Konvertierung von "int" in "float", möglicher Datenverlust
h:\makeproaudio\iplug2\examples\pro12\pro12.cpp(333): warning C4244: "Argument": Konvertierung von "int" in "float", möglicher Datenverlust
h:\makeproaudio\iplug2\examples\pro12\pro12.cpp(334): warning C4244: "Argument": Konvertierung von "int" in "float", möglicher Datenverlust
h:\makeproaudio\iplug2\examples\pro12\pro12.cpp(335): warning C4244: "Argument": Konvertierung von "int" in "float", möglicher Datenverlust
h:\makeproaudio\iplug2\examples\pro12\pro12.cpp(336): warning C4244: "Argument": Konvertierung von "int" in "float", möglicher Datenverlust
h:\makeproaudio\iplug2\examples\pro12\pro12.cpp(337): warning C4244: "Argument": Konvertierung von "int" in "float", möglicher Datenverlust
h:\makeproaudio\iplug2\examples\pro12\pro12.cpp(338): warning C4244: "Argument": Konvertierung von "int" in "float", möglicher Datenverlust
h:\makeproaudio\iplug2\examples\pro12\pro12.cpp(341): warning C4244: "Argument": Konvertierung von "int" in "float", möglicher Datenverlust
h:\makeproaudio\iplug2\examples\pro12\pro12.cpp(342): warning C4244: "Argument": Konvertierung von "int" in "float", möglicher Datenverlust
h:\makeproaudio\iplug2\examples\pro12\pro12.cpp(343): warning C4244: "Argument": Konvertierung von "int" in "float", möglicher Datenverlust
h:\makeproaudio\iplug2\examples\pro12\pro12.cpp(344): warning C4244: "Argument": Konvertierung von "int" in "float", möglicher Datenverlust
h:\makeproaudio\iplug2\examples\pro12\pro12.cpp(345): warning C4244: "Argument": Konvertierung von "int" in "float", möglicher Datenverlust
h:\makeproaudio\iplug2\examples\pro12\pro12.cpp(346): warning C4244: "Argument": Konvertierung von "int" in "float", möglicher Datenverlust
h:\makeproaudio\iplug2\examples\pro12\pro12.cpp(347): warning C4244: "Argument": Konvertierung von "int" in "float", möglicher Datenverlust
h:\makeproaudio\iplug2\examples\pro12\pro12.cpp(348): warning C4244: "Argument": Konvertierung von "int" in "float", möglicher Datenverlust
h:\makeproaudio\iplug2\examples\pro12\pro12.cpp(349): warning C4244: "Argument": Konvertierung von "int" in "float", möglicher Datenverlust
h:\makeproaudio\iplug2\examples\pro12\pro12.cpp(352): warning C4244: "Argument": Konvertierung von "int" in "float", möglicher Datenverlust
h:\makeproaudio\iplug2\examples\pro12\pro12.cpp(353): warning C4244: "Argument": Konvertierung von "int" in "float", möglicher Datenverlust
h:\makeproaudio\iplug2\examples\pro12\pro12.cpp(354): warning C4244: "Argument": Konvertierung von "int" in "float", möglicher Datenverlust
h:\makeproaudio\iplug2\examples\pro12\pro12.cpp(355): warning C4244: "Argument": Konvertierung von "int" in "float", möglicher Datenverlust
h:\makeproaudio\iplug2\examples\pro12\pro12.cpp(356): warning C4244: "Argument": Konvertierung von "int" in "float", möglicher Datenverlust
h:\makeproaudio\iplug2\examples\pro12\pro12.cpp(361): warning C4244: "Argument": Konvertierung von "int" in "float", möglicher Datenverlust
h:\makeproaudio\iplug2\examples\pro12\pro12.cpp(362): warning C4244: "Argument": Konvertierung von "int" in "float", möglicher Datenverlust
h:\makeproaudio\iplug2\examples\pro12\pro12.cpp(363): warning C4244: "Argument": Konvertierung von "int" in "float", möglicher Datenverlust
h:\makeproaudio\iplug2\examples\pro12\pro12.cpp(364): warning C4244: "Argument": Konvertierung von "int" in "float", möglicher Datenverlust
h:\makeproaudio\iplug2\examples\pro12\pro12.cpp(365): warning C4244: "Argument": Konvertierung von "int" in "float", möglicher Datenverlust
h:\makeproaudio\iplug2\examples\pro12\pro12.cpp(366): warning C4244: "Argument": Konvertierung von "int" in "float", möglicher Datenverlust
h:\makeproaudio\iplug2\examples\pro12\pro12.cpp(367): warning C4244: "Argument": Konvertierung von "int" in "float", möglicher Datenverlust
h:\makeproaudio\iplug2\examples\pro12\pro12.cpp(368): warning C4244: "Argument": Konvertierung von "int" in "float", möglicher Datenverlust
h:\makeproaudio\iplug2\examples\pro12\pro12.cpp(369): warning C4244: "Argument": Konvertierung von "int" in "float", möglicher Datenverlust
h:\makeproaudio\iplug2\examples\pro12\pro12.cpp(370): warning C4244: "Argument": Konvertierung von "int" in "float", möglicher Datenverlust
h:\makeproaudio\iplug2\examples\pro12\pro12.cpp(371): warning C4244: "Argument": Konvertierung von "int" in "float", möglicher Datenverlust
h:\makeproaudio\iplug2\examples\pro12\pro12.cpp(372): warning C4244: "Argument": Konvertierung von "int" in "float", möglicher Datenverlust
h:\makeproaudio\iplug2\examples\pro12\pro12.cpp(373): warning C4244: "Argument": Konvertierung von "int" in "float", möglicher Datenverlust
h:\makeproaudio\iplug2\examples\pro12\pro12.cpp(374): warning C4244: "Argument": Konvertierung von "int" in "float", möglicher Datenverlust
h:\makeproaudio\iplug2\examples\pro12\pro12.cpp(375): warning C4244: "Argument": Konvertierung von "int" in "float", möglicher Datenverlust
h:\makeproaudio\iplug2\examples\pro12\pro12.cpp(376): warning C4244: "Argument": Konvertierung von "int" in "float", möglicher Datenverlust
h:\makeproaudio\iplug2\examples\pro12\pro12.cpp(377): warning C4244: "Argument": Konvertierung von "int" in "float", möglicher Datenverlust
h:\makeproaudio\iplug2\examples\pro12\pro12.cpp(378): warning C4244: "Argument": Konvertierung von "int" in "float", möglicher Datenverlust
h:\makeproaudio\iplug2\examples\pro12\pro12.cpp(379): warning C4244: "Argument": Konvertierung von "int" in "float", möglicher Datenverlust
h:\makeproaudio\iplug2\examples\pro12\pro12.cpp(380): warning C4244: "Argument": Konvertierung von "int" in "float", möglicher Datenverlust
h:\makeproaudio\iplug2\examples\pro12\pro12.cpp(381): warning C4244: "Argument": Konvertierung von "int" in "float", möglicher Datenverlust
h:\makeproaudio\iplug2\examples\pro12\pro12.cpp(382): warning C4244: "Argument": Konvertierung von "int" in "float", möglicher Datenverlust
h:\makeproaudio\iplug2\examples\pro12\pro12.cpp(383): warning C4244: "Argument": Konvertierung von "int" in "float", möglicher Datenverlust
h:\makeproaudio\iplug2\examples\pro12\pro12.cpp(384): warning C4244: "Argument": Konvertierung von "int" in "float", möglicher Datenverlust
h:\makeproaudio\iplug2\examples\pro12\pro12.cpp(385): warning C4244: "Argument": Konvertierung von "int" in "float", möglicher Datenverlust
h:\makeproaudio\iplug2\examples\pro12\pro12.cpp(386): warning C4244: "Argument": Konvertierung von "int" in "float", möglicher Datenverlust
h:\makeproaudio\iplug2\examples\pro12\pro12.cpp(387): warning C4244: "Argument": Konvertierung von "int" in "float", möglicher Datenverlust
h:\makeproaudio\iplug2\examples\pro12\pro12.cpp(388): warning C4244: "Argument": Konvertierung von "int" in "float", möglicher Datenverlust
h:\makeproaudio\iplug2\examples\pro12\pro12.cpp(389): warning C4244: "Argument": Konvertierung von "int" in "float", möglicher Datenverlust
h:\makeproaudio\iplug2\examples\pro12\pro12.cpp(392): warning C4244: "Argument": Konvertierung von "int" in "float", möglicher Datenverlust
h:\makeproaudio\iplug2\examples\pro12\pro12.cpp(393): warning C4244: "Argument": Konvertierung von "int" in "float", möglicher Datenverlust
h:\makeproaudio\iplug2\examples\pro12\pro12.cpp(394): warning C4244: "Argument": Konvertierung von "int" in "float", möglicher Datenverlust
h:\makeproaudio\iplug2\examples\pro12\pro12.cpp(395): warning C4244: "Argument": Konvertierung von "int" in "float", möglicher Datenverlust
h:\makeproaudio\iplug2\examples\pro12\pro12.cpp(396): warning C4244: "Argument": Konvertierung von "int" in "float", möglicher Datenverlust
h:\makeproaudio\iplug2\examples\pro12\pro12.cpp(397): warning C4244: "Argument": Konvertierung von "int" in "float", möglicher Datenverlust
h:\makeproaudio\iplug2\examples\pro12\pro12.cpp(398): warning C4244: "Argument": Konvertierung von "int" in "float", möglicher Datenverlust
h:\makeproaudio\iplug2\examples\pro12\pro12.cpp(399): warning C4244: "Argument": Konvertierung von "int" in "float", möglicher Datenverlust
h:\makeproaudio\iplug2\examples\pro12\pro12.cpp(400): warning C4244: "Argument": Konvertierung von "int" in "float", möglicher Datenverlust
h:\makeproaudio\iplug2\examples\pro12\pro12.cpp(401): warning C4244: "Argument": Konvertierung von "int" in "float", möglicher Datenverlust
h:\makeproaudio\iplug2\examples\pro12\pro12.cpp(402): warning C4244: "Argument": Konvertierung von "int" in "float", möglicher Datenverlust
h:\makeproaudio\iplug2\examples\pro12\pro12.cpp(403): warning C4244: "Argument": Konvertierung von "int" in "float", möglicher Datenverlust
h:\makeproaudio\iplug2\examples\pro12\pro12.cpp(404): warning C4244: "Argument": Konvertierung von "int" in "float", möglicher Datenverlust
h:\makeproaudio\iplug2\examples\pro12\pro12.cpp(405): warning C4244: "Argument": Konvertierung von "int" in "float", möglicher Datenverlust
h:\makeproaudio\iplug2\examples\pro12\pro12.cpp(406): warning C4244: "Argument": Konvertierung von "int" in "float", möglicher Datenverlust
h:\makeproaudio\iplug2\examples\pro12\pro12.cpp(407): warning C4244: "Argument": Konvertierung von "int" in "float", möglicher Datenverlust
h:\makeproaudio\iplug2\examples\pro12\pro12.cpp(410): warning C4244: "Argument": Konvertierung von "int" in "float", möglicher Datenverlust
h:\makeproaudio\iplug2\examples\pro12\pro12.cpp(411): warning C4244: "Argument": Konvertierung von "int" in "float", möglicher Datenverlust
h:\makeproaudio\iplug2\examples\pro12\pro12.cpp(412): warning C4244: "Argument": Konvertierung von "int" in "float", möglicher Datenverlust
h:\makeproaudio\iplug2\examples\pro12\pro12.cpp(413): warning C4244: "Argument": Konvertierung von "int" in "float", möglicher Datenverlust
h:\makeproaudio\iplug2\examples\pro12\pro12.cpp(414): warning C4244: "Argument": Konvertierung von "int" in "float", möglicher Datenverlust
h:\makeproaudio\iplug2\examples\pro12\pro12.cpp(415): warning C4244: "Argument": Konvertierung von "int" in "float", möglicher Datenverlust
h:\makeproaudio\iplug2\examples\pro12\pro12.cpp(416): warning C4244: "Argument": Konvertierung von "int" in "float", möglicher Datenverlust
h:\makeproaudio\iplug2\examples\pro12\pro12.cpp(417): warning C4244: "Argument": Konvertierung von "int" in "float", möglicher Datenverlust
h:\makeproaudio\iplug2\examples\pro12\pro12.cpp(418): warning C4244: "Argument": Konvertierung von "int" in "float", möglicher Datenverlust
h:\makeproaudio\iplug2\examples\pro12\pro12.cpp(419): warning C4244: "Argument": Konvertierung von "int" in "float", möglicher Datenverlust
h:\makeproaudio\iplug2\examples\pro12\pro12.cpp(420): warning C4244: "Argument": Konvertierung von "int" in "float", möglicher Datenverlust
h:\makeproaudio\iplug2\examples\pro12\pro12.cpp(421): warning C4244: "Argument": Konvertierung von "int" in "float", möglicher Datenverlust
h:\makeproaudio\iplug2\examples\pro12\pro12.cpp(422): warning C4244: "Argument": Konvertierung von "int" in "float", möglicher Datenverlust
h:\makeproaudio\iplug2\examples\pro12\pro12.cpp(423): warning C4244: "Argument": Konvertierung von "int" in "float", möglicher Datenverlust
h:\makeproaudio\iplug2\examples\pro12\pro12.cpp(537): warning C4244: "Initialisierung": Konvertierung von "double" in "int", möglicher Datenverlust
h:\makeproaudio\iplug2\examples\pro12\pro12.cpp(538): warning C4244: "Initialisierung": Konvertierung von "double" in "int", möglicher Datenverlust
h:\makeproaudio\iplug2\examples\pro12\pro12.cpp(819): warning C4244: "=": Konvertierung von "double" in "uint8_t", möglicher Datenverlust
h:\makeproaudio\iplug2\examples\pro12\pro12.cpp(822): warning C4244: "=": Konvertierung von "double" in "uint8_t", möglicher Datenverlust
h:\makeproaudio\iplug2\examples\pro12\pro12.cpp(845): warning C4244: "=": Konvertierung von "double" in "int", möglicher Datenverlust
h:\makeproaudio\iplug2\examples\pro12\pro12.cpp(854): warning C4244: "=": Konvertierung von "double" in "uint8_t", möglicher Datenverlust
h:\makeproaudio\iplug2\examples\pro12\pro12.cpp(863): warning C4244: "=": Konvertierung von "double" in "uint8_t", möglicher Datenverlust
  Code wird generiert.
  0 of 5571 functions ( 0.0%) were compiled, the rest were copied from previous compilation.
    0 functions were new in current compilation
    0 functions had inline decision re-evaluated but remain unchanged
  Codegenerierung ist abgeschlossen.
  Pro12-app.vcxproj -> H:\MakeProAudio\iPlug2\Examples\Pro12\build-win\app\x64\Release\Pro12.exe
  POSTBUILD SCRIPT VARIABLES -----------------------------------------------------
  FORMAT ".exe" 
  NAME "Pro12" 
  PLATFORM "x64" 
  COPY_VST2 "1" 
  BUILT_BINARY "H:\MakeProAudio\iPlug2\Examples\Pro12\build-win\app\x64\Release\Pro12.exe" 
  VST2_32_PATH "C:\Program Files (x86)\Common Files\VST2" 
  VST2_64_PATH "C:\Program Files\Common Files\VST2"  
  VST3_32_PATH "C:\Program Files (x86)\Common Files\VST3" 
  VST3_64_PATH "C:\Program Files\Common Files\VST3" 
  BUILD_DIR "H:\MakeProAudio\iPlug2\Examples\Pro12\build-win"
  VST_ICON "H:\MakeProAudio\iPlug2\Examples\Pro12\..\..\Dependencies\IPlug\VST3_SDK\doc\artwork\VST_Logo_Steinberg.ico" 
  AAX_ICON "H:\MakeProAudio\iPlug2\Examples\Pro12\..\..\Dependencies\IPlug\AAX_SDK\Utilities\PlugIn.ico" 
  CREATE_BUNDLE_SCRIPT "H:\MakeProAudio\iPlug2\Examples\Pro12\..\..\Scripts\create_bundle.bat"
  END POSTBUILD SCRIPT VARIABLES -----------------------------------------------------
