  Minimax.cpp
e:\makeproaudio\iplug2\igraphics\igraphicspathbase.h(557): warning C4244: "Argument": Konvertierung von "double" in "float", möglicher Datenverlust
e:\makeproaudio\iplug2\igraphics\icontrol.h(1050): warning C4244: "Argument": Konvertierung von "double" in "float", möglicher Datenverlust
e:\makeproaudio\iplug2\mpa code\global.h(50): warning C4244: "Argument": Konvertierung von "double" in "float", möglicher Datenverlust
e:\makeproaudio\iplug2\mpa code\global.h(51): warning C4244: "Argument": Konvertierung von "double" in "float", möglicher Datenverlust
e:\makeproaudio\iplug2\mpa code\global.h(52): warning C4244: "Argument": Konvertierung von "double" in "float", möglicher Datenverlust
e:\makeproaudio\iplug2\mpa code\global.h(53): warning C4244: "Argument": Konvertierung von "double" in "float", möglicher Datenverlust
e:\makeproaudio\iplug2\mpa code\global.h(64): warning C4244: "Argument": Konvertierung von "double" in "float", möglicher Datenverlust
e:\makeproaudio\iplug2\mpa code\global.h(65): warning C4244: "Argument": Konvertierung von "double" in "float", möglicher Datenverlust
e:\makeproaudio\iplug2\mpa code\global.h(66): warning C4244: "Argument": Konvertierung von "double" in "float", möglicher Datenverlust
e:\makeproaudio\iplug2\mpa code\global.h(67): warning C4244: "Argument": Konvertierung von "double" in "float", möglicher Datenverlust
e:\makeproaudio\iplug2\examples\minimax\minimax.cpp(319): warning C4305: "Argument": Verkürzung von "double" in "float"
e:\makeproaudio\iplug2\examples\minimax\minimax.cpp(353): warning C4244: "Argument": Konvertierung von "int" in "float", möglicher Datenverlust
e:\makeproaudio\iplug2\examples\minimax\minimax.cpp(354): warning C4244: "Argument": Konvertierung von "int" in "float", möglicher Datenverlust
e:\makeproaudio\iplug2\examples\minimax\minimax.cpp(355): warning C4244: "Argument": Konvertierung von "int" in "float", möglicher Datenverlust
e:\makeproaudio\iplug2\examples\minimax\minimax.cpp(356): warning C4244: "Argument": Konvertierung von "int" in "float", möglicher Datenverlust
e:\makeproaudio\iplug2\examples\minimax\minimax.cpp(357): warning C4244: "Argument": Konvertierung von "int" in "float", möglicher Datenverlust
e:\makeproaudio\iplug2\examples\minimax\minimax.cpp(358): warning C4244: "Argument": Konvertierung von "int" in "float", möglicher Datenverlust
e:\makeproaudio\iplug2\examples\minimax\minimax.cpp(359): warning C4244: "Argument": Konvertierung von "int" in "float", möglicher Datenverlust
e:\makeproaudio\iplug2\examples\minimax\minimax.cpp(360): warning C4244: "Argument": Konvertierung von "int" in "float", möglicher Datenverlust
e:\makeproaudio\iplug2\examples\minimax\minimax.cpp(361): warning C4244: "Argument": Konvertierung von "int" in "float", möglicher Datenverlust
e:\makeproaudio\iplug2\examples\minimax\minimax.cpp(362): warning C4244: "Argument": Konvertierung von "int" in "float", möglicher Datenverlust
e:\makeproaudio\iplug2\examples\minimax\minimax.cpp(363): warning C4244: "Argument": Konvertierung von "int" in "float", möglicher Datenverlust
e:\makeproaudio\iplug2\examples\minimax\minimax.cpp(365): warning C4244: "Argument": Konvertierung von "int" in "float", möglicher Datenverlust
e:\makeproaudio\iplug2\examples\minimax\minimax.cpp(366): warning C4244: "Argument": Konvertierung von "int" in "float", möglicher Datenverlust
e:\makeproaudio\iplug2\examples\minimax\minimax.cpp(367): warning C4244: "Argument": Konvertierung von "int" in "float", möglicher Datenverlust
e:\makeproaudio\iplug2\examples\minimax\minimax.cpp(368): warning C4244: "Argument": Konvertierung von "int" in "float", möglicher Datenverlust
e:\makeproaudio\iplug2\examples\minimax\minimax.cpp(369): warning C4244: "Argument": Konvertierung von "int" in "float", möglicher Datenverlust
e:\makeproaudio\iplug2\examples\minimax\minimax.cpp(370): warning C4244: "Argument": Konvertierung von "int" in "float", möglicher Datenverlust
e:\makeproaudio\iplug2\examples\minimax\minimax.cpp(390): warning C4244: "Argument": Konvertierung von "int" in "float", möglicher Datenverlust
e:\makeproaudio\iplug2\examples\minimax\minimax.cpp(391): warning C4244: "Argument": Konvertierung von "int" in "float", möglicher Datenverlust
e:\makeproaudio\iplug2\examples\minimax\minimax.cpp(392): warning C4244: "Argument": Konvertierung von "int" in "float", möglicher Datenverlust
e:\makeproaudio\iplug2\examples\minimax\minimax.cpp(393): warning C4244: "Argument": Konvertierung von "int" in "float", möglicher Datenverlust
e:\makeproaudio\iplug2\examples\minimax\minimax.cpp(394): warning C4244: "Argument": Konvertierung von "int" in "float", möglicher Datenverlust
e:\makeproaudio\iplug2\examples\minimax\minimax.cpp(395): warning C4244: "Argument": Konvertierung von "int" in "float", möglicher Datenverlust
e:\makeproaudio\iplug2\examples\minimax\minimax.cpp(400): warning C4244: "Argument": Konvertierung von "int" in "float", möglicher Datenverlust
e:\makeproaudio\iplug2\examples\minimax\minimax.cpp(401): warning C4244: "Argument": Konvertierung von "int" in "float", möglicher Datenverlust
e:\makeproaudio\iplug2\examples\minimax\minimax.cpp(402): warning C4244: "Argument": Konvertierung von "int" in "float", möglicher Datenverlust
e:\makeproaudio\iplug2\examples\minimax\minimax.cpp(403): warning C4244: "Argument": Konvertierung von "int" in "float", möglicher Datenverlust
e:\makeproaudio\iplug2\examples\minimax\minimax.cpp(404): warning C4244: "Argument": Konvertierung von "int" in "float", möglicher Datenverlust
e:\makeproaudio\iplug2\examples\minimax\minimax.cpp(405): warning C4244: "Argument": Konvertierung von "int" in "float", möglicher Datenverlust
e:\makeproaudio\iplug2\examples\minimax\minimax.cpp(408): warning C4244: "Argument": Konvertierung von "int" in "float", möglicher Datenverlust
e:\makeproaudio\iplug2\examples\minimax\minimax.cpp(411): warning C4244: "Argument": Konvertierung von "int" in "float", möglicher Datenverlust
e:\makeproaudio\iplug2\examples\minimax\minimax.cpp(417): warning C4244: "Argument": Konvertierung von "int" in "float", möglicher Datenverlust
e:\makeproaudio\iplug2\examples\minimax\minimax.cpp(418): warning C4244: "Argument": Konvertierung von "int" in "float", möglicher Datenverlust
e:\makeproaudio\iplug2\examples\minimax\minimax.cpp(419): warning C4244: "Argument": Konvertierung von "int" in "float", möglicher Datenverlust
e:\makeproaudio\iplug2\examples\minimax\minimax.cpp(420): warning C4244: "Argument": Konvertierung von "int" in "float", möglicher Datenverlust
e:\makeproaudio\iplug2\examples\minimax\minimax.cpp(423): warning C4244: "Argument": Konvertierung von "int" in "float", möglicher Datenverlust
e:\makeproaudio\iplug2\examples\minimax\minimax.cpp(424): warning C4244: "Argument": Konvertierung von "int" in "float", möglicher Datenverlust
e:\makeproaudio\iplug2\examples\minimax\minimax.cpp(425): warning C4244: "Argument": Konvertierung von "int" in "float", möglicher Datenverlust
e:\makeproaudio\iplug2\examples\minimax\minimax.cpp(428): warning C4244: "Argument": Konvertierung von "int" in "float", möglicher Datenverlust
e:\makeproaudio\iplug2\examples\minimax\minimax.cpp(431): warning C4244: "Argument": Konvertierung von "int" in "float", möglicher Datenverlust
e:\makeproaudio\iplug2\examples\minimax\minimax.cpp(432): warning C4244: "Argument": Konvertierung von "int" in "float", möglicher Datenverlust
e:\makeproaudio\iplug2\examples\minimax\minimax.cpp(433): warning C4244: "Argument": Konvertierung von "int" in "float", möglicher Datenverlust
e:\makeproaudio\iplug2\examples\minimax\minimax.cpp(434): warning C4244: "Argument": Konvertierung von "int" in "float", möglicher Datenverlust
e:\makeproaudio\iplug2\examples\minimax\minimax.cpp(435): warning C4244: "Argument": Konvertierung von "int" in "float", möglicher Datenverlust
e:\makeproaudio\iplug2\examples\minimax\minimax.cpp(438): warning C4244: "Argument": Konvertierung von "int" in "float", möglicher Datenverlust
e:\makeproaudio\iplug2\examples\minimax\minimax.cpp(439): warning C4244: "Argument": Konvertierung von "int" in "float", möglicher Datenverlust
e:\makeproaudio\iplug2\examples\minimax\minimax.cpp(442): warning C4244: "Argument": Konvertierung von "int" in "float", möglicher Datenverlust
e:\makeproaudio\iplug2\examples\minimax\minimax.cpp(443): warning C4244: "Argument": Konvertierung von "int" in "float", möglicher Datenverlust
e:\makeproaudio\iplug2\examples\minimax\minimax.cpp(444): warning C4244: "Argument": Konvertierung von "int" in "float", möglicher Datenverlust
e:\makeproaudio\iplug2\examples\minimax\minimax.cpp(447): warning C4244: "Argument": Konvertierung von "int" in "float", möglicher Datenverlust
e:\makeproaudio\iplug2\examples\minimax\minimax.cpp(558): warning C4244: "Initialisierung": Konvertierung von "double" in "int", möglicher Datenverlust
e:\makeproaudio\iplug2\examples\minimax\minimax.cpp(559): warning C4244: "Initialisierung": Konvertierung von "double" in "int", möglicher Datenverlust
e:\makeproaudio\iplug2\examples\minimax\minimax.cpp(737): warning C4244: "=": Konvertierung von "double" in "uint8_t", möglicher Datenverlust
e:\makeproaudio\iplug2\examples\minimax\minimax.cpp(740): warning C4244: "=": Konvertierung von "double" in "uint8_t", möglicher Datenverlust
e:\makeproaudio\iplug2\examples\minimax\minimax.cpp(751): warning C4244: "=": Konvertierung von "double" in "uint8_t", möglicher Datenverlust
e:\makeproaudio\iplug2\examples\minimax\minimax.cpp(756): warning C4244: "=": Konvertierung von "double" in "uint8_t", möglicher Datenverlust
e:\makeproaudio\iplug2\examples\minimax\minimax.cpp(774): warning C4244: "=": Konvertierung von "double" in "int", möglicher Datenverlust
e:\makeproaudio\iplug2\examples\minimax\minimax.cpp(783): warning C4244: "=": Konvertierung von "double" in "uint8_t", möglicher Datenverlust
e:\makeproaudio\iplug2\examples\minimax\minimax.cpp(792): warning C4244: "=": Konvertierung von "double" in "uint8_t", möglicher Datenverlust
e:\makeproaudio\iplug2\examples\minimax\minimax.cpp(891): warning C4700: Die nicht initialisierte lokale Variable "pos" wurde verwendet.
  Minimax-app.vcxproj -> E:\MakeProAudio\iPlug2\Examples\Minimax\build-win\app\x64\Debug\Minimax.exe
  POSTBUILD SCRIPT VARIABLES -----------------------------------------------------
  FORMAT ".exe" 
  NAME "Minimax" 
  PLATFORM "x64" 
  COPY_VST2 "1" 
  BUILT_BINARY "E:\MakeProAudio\iPlug2\Examples\Minimax\build-win\app\x64\Debug\Minimax.exe" 
  VST2_32_PATH "C:\Program Files (x86)\Common Files\VST2" 
  VST2_64_PATH "C:\Program Files\Common Files\VST2"  
  VST3_32_PATH "C:\Program Files (x86)\Common Files\VST3" 
  VST3_64_PATH "C:\Program Files\Common Files\VST3" 
  BUILD_DIR "E:\MakeProAudio\iPlug2\Examples\Minimax\build-win"
  VST_ICON "E:\MakeProAudio\iPlug2\Examples\Minimax\..\..\Dependencies\IPlug\VST3_SDK\doc\artwork\VST_Logo_Steinberg.ico" 
  AAX_ICON "E:\MakeProAudio\iPlug2\Examples\Minimax\..\..\Dependencies\IPlug\AAX_SDK\Utilities\PlugIn.ico" 
  CREATE_BUNDLE_SCRIPT "E:\MakeProAudio\iPlug2\Examples\Minimax\..\..\Scripts\create_bundle.bat"
  END POSTBUILD SCRIPT VARIABLES -----------------------------------------------------
