C:\Program Files (x86)\Microsoft Visual Studio\2017\Community\Common7\IDE\VC\VCTargets\Microsoft.CppBuild.targets(377,5): warning MSB8004: Das Output-Verzeichnis endet nicht mit einem nachstehenden Schrägstrich. Der Schrägstrich wird in dieser Buildinstanz hinzugefügt, da er für die ordnungsgemäße Auswertung des Output-Verzeichnisses erforderlich ist.
  IControls.cpp
e:\makeproaudio\iplug2\igraphics\icontrol.h(1050): warning C4244: "Argument": Konvertierung von "double" in "float", möglicher Datenverlust
e:\makeproaudio\iplug2\igraphics\controls\icontrols.cpp(724): warning C4244: "Initialisierung": Konvertierung von "double" in "float", möglicher Datenverlust
e:\makeproaudio\iplug2\igraphics\controls\icontrols.cpp(725): warning C4244: "Initialisierung": Konvertierung von "double" in "float", möglicher Datenverlust
e:\makeproaudio\iplug2\igraphics\controls\icontrols.cpp(729): warning C4244: "Argument": Konvertierung von "double" in "float", möglicher Datenverlust
  IPopupMenuControl.cpp
e:\makeproaudio\iplug2\igraphics\icontrol.h(1050): warning C4244: "Argument": Konvertierung von "double" in "float", möglicher Datenverlust
  ITextEntryControl.cpp
e:\makeproaudio\iplug2\igraphics\icontrol.h(1050): warning C4244: "Argument": Konvertierung von "double" in "float", möglicher Datenverlust
e:\makeproaudio\iplug2\igraphics\controls\itextentrycontrol.cpp(107): warning C4305: "Argument": Verkürzung von "double" in "float"
  IControl.cpp
e:\makeproaudio\iplug2\igraphics\icontrol.h(1050): warning C4244: "Argument": Konvertierung von "double" in "float", möglicher Datenverlust
  IGraphics.cpp
e:\makeproaudio\iplug2\dependencies\igraphics\nanosvg\src\nanosvg.h(1098): warning C4244: "=": Konvertierung von "double" in "__int64", möglicher Datenverlust
e:\makeproaudio\iplug2\igraphics\icontrol.h(1050): warning C4244: "Argument": Konvertierung von "double" in "float", möglicher Datenverlust
e:\makeproaudio\iplug2\igraphics\igraphics.cpp(1395): warning C4244: "=": Konvertierung von "double" in "float", möglicher Datenverlust
e:\makeproaudio\iplug2\igraphics\igraphics.cpp(1705): warning C4244: "Argument": Konvertierung von "double" in "float", möglicher Datenverlust
e:\makeproaudio\iplug2\igraphics\igraphics.cpp(1729): warning C4244: "Argument": Konvertierung von "const _Ty" in "float", möglicher Datenverlust
          with
          [
              _Ty=double
          ]
e:\makeproaudio\iplug2\igraphics\igraphics.cpp(1730): warning C4244: "Argument": Konvertierung von "const _Ty" in "float", möglicher Datenverlust
          with
          [
              _Ty=double
          ]
  IGraphicsEditorDelegate.cpp
e:\makeproaudio\iplug2\igraphics\icontrol.h(1050): warning C4244: "Argument": Konvertierung von "double" in "float", möglicher Datenverlust
  IGraphicsWin.cpp
e:\makeproaudio\iplug2\igraphics\igraphicspathbase.h(557): warning C4244: "Argument": Konvertierung von "double" in "float", möglicher Datenverlust
e:\makeproaudio\iplug2\igraphics\icontrol.h(1050): warning C4244: "Argument": Konvertierung von "double" in "float", möglicher Datenverlust
e:\makeproaudio\iplug2\igraphics\platforms\igraphicswin.cpp(197): warning C4101: "v": Unreferenzierte lokale Variable
e:\makeproaudio\iplug2\igraphics\platforms\igraphicswin.cpp(1510): warning C4302: "Typumwandlung": Verkürzung von "HINSTANCE" in "int"
  MidiSynth.cpp
e:\makeproaudio\iplug2\iplug\extras\synth\controlramp.h(53): warning C4244: "Initialisierung": Konvertierung von "double" in "float", möglicher Datenverlust
e:\makeproaudio\iplug2\iplug\extras\synth\controlramp.h(54): warning C4244: "Initialisierung": Konvertierung von "double" in "float", möglicher Datenverlust
e:\makeproaudio\iplug2\iplug\extras\synth\midisynth.h(86): warning C4244: "Argument": Konvertierung von "double" in "float", möglicher Datenverlust
e:\makeproaudio\iplug2\iplug\extras\synth\midisynth.cpp(81): warning C4244: "=": Konvertierung von "double" in "float", möglicher Datenverlust
e:\makeproaudio\iplug2\iplug\extras\synth\midisynth.cpp(87): warning C4244: "=": Konvertierung von "double" in "float", möglicher Datenverlust
e:\makeproaudio\iplug2\iplug\extras\synth\midisynth.cpp(149): warning C4244: "=": Konvertierung von "double" in "float", möglicher Datenverlust
e:\makeproaudio\iplug2\iplug\extras\synth\midisynth.cpp(164): warning C4244: "=": Konvertierung von "double" in "float", möglicher Datenverlust
e:\makeproaudio\iplug2\iplug\extras\synth\midisynth.cpp(244): warning C4244: "=": Konvertierung von "double" in "float", möglicher Datenverlust
  VoiceAllocator.cpp
e:\makeproaudio\iplug2\iplug\extras\synth\controlramp.h(53): warning C4244: "Initialisierung": Konvertierung von "double" in "float", möglicher Datenverlust
e:\makeproaudio\iplug2\iplug\extras\synth\controlramp.h(54): warning C4244: "Initialisierung": Konvertierung von "double" in "float", möglicher Datenverlust
e:\makeproaudio\iplug2\iplug\extras\synth\voiceallocator.cpp(293): warning C4244: "=": Konvertierung von "double" in "int", möglicher Datenverlust
e:\makeproaudio\iplug2\iplug\extras\synth\voiceallocator.cpp(294): warning C4244: "=": Konvertierung von "double" in "int", möglicher Datenverlust
e:\makeproaudio\iplug2\iplug\extras\synth\voiceallocator.cpp(411): warning C4244: "Argument": Konvertierung von "double" in "int", möglicher Datenverlust
e:\makeproaudio\iplug2\iplug\extras\synth\voiceallocator.cpp(421): warning C4244: "Argument": Konvertierung von "double" in "float", möglicher Datenverlust
e:\makeproaudio\iplug2\iplug\extras\synth\voiceallocator.cpp(441): warning C4244: "Argument": Konvertierung von "double" in "float", möglicher Datenverlust
e:\makeproaudio\iplug2\iplug\extras\synth\voiceallocator.cpp(518): warning C4244: "Argument": Konvertierung von "double" in "int", möglicher Datenverlust
e:\makeproaudio\iplug2\iplug\extras\synth\voiceallocator.cpp(521): warning C4244: "Argument": Konvertierung von "double" in "float", möglicher Datenverlust
  IPlugAPIBase.cpp
  IPlugParameter.cpp
  IPlugPaths.cpp
  IPlugPluginBase.cpp
  IPlugTimer.cpp
  IPlugVST2.cpp
  Pro12.cpp
e:\makeproaudio\iplug2\igraphics\igraphicspathbase.h(557): warning C4244: "Argument": Konvertierung von "double" in "float", möglicher Datenverlust
e:\makeproaudio\iplug2\igraphics\icontrol.h(1050): warning C4244: "Argument": Konvertierung von "double" in "float", möglicher Datenverlust
e:\makeproaudio\iplug2\mpa code\global.h(50): warning C4244: "Argument": Konvertierung von "double" in "float", möglicher Datenverlust
e:\makeproaudio\iplug2\mpa code\global.h(51): warning C4244: "Argument": Konvertierung von "double" in "float", möglicher Datenverlust
e:\makeproaudio\iplug2\mpa code\global.h(52): warning C4244: "Argument": Konvertierung von "double" in "float", möglicher Datenverlust
e:\makeproaudio\iplug2\mpa code\global.h(53): warning C4244: "Argument": Konvertierung von "double" in "float", möglicher Datenverlust
e:\makeproaudio\iplug2\mpa code\global.h(64): warning C4244: "Argument": Konvertierung von "double" in "float", möglicher Datenverlust
e:\makeproaudio\iplug2\mpa code\global.h(65): warning C4244: "Argument": Konvertierung von "double" in "float", möglicher Datenverlust
e:\makeproaudio\iplug2\mpa code\global.h(66): warning C4244: "Argument": Konvertierung von "double" in "float", möglicher Datenverlust
e:\makeproaudio\iplug2\mpa code\global.h(67): warning C4244: "Argument": Konvertierung von "double" in "float", möglicher Datenverlust
e:\makeproaudio\iplug2\iplug\iplug_include_in_plug_src.h(59): warning C4312: "Typumwandlung": Konvertierung von "int" in größeren Typ "audioMasterCallback"
e:\makeproaudio\iplug2\iplug\iplug_include_in_plug_src.h(59): warning C4311: "Typumwandlung": Zeigerverkürzung von "void *" zu "int"
e:\makeproaudio\iplug2\iplug\iplug_include_in_plug_src.h(59): warning C4302: "Typumwandlung": Verkürzung von "void *" in "int"
e:\makeproaudio\iplug2\examples\pro12\pro12.cpp(456): warning C4244: "Argument": Konvertierung von "int" in "float", möglicher Datenverlust
e:\makeproaudio\iplug2\examples\pro12\pro12.cpp(457): warning C4244: "Argument": Konvertierung von "int" in "float", möglicher Datenverlust
e:\makeproaudio\iplug2\examples\pro12\pro12.cpp(458): warning C4244: "Argument": Konvertierung von "int" in "float", möglicher Datenverlust
e:\makeproaudio\iplug2\examples\pro12\pro12.cpp(660): warning C4244: "Initialisierung": Konvertierung von "double" in "int", möglicher Datenverlust
e:\makeproaudio\iplug2\examples\pro12\pro12.cpp(661): warning C4244: "Initialisierung": Konvertierung von "double" in "int", möglicher Datenverlust
e:\makeproaudio\iplug2\examples\pro12\pro12.cpp(833): warning C4244: "=": Konvertierung von "double" in "uint8_t", möglicher Datenverlust
e:\makeproaudio\iplug2\examples\pro12\pro12.cpp(836): warning C4244: "=": Konvertierung von "double" in "uint8_t", möglicher Datenverlust
e:\makeproaudio\iplug2\examples\pro12\pro12.cpp(859): warning C4244: "=": Konvertierung von "double" in "int", möglicher Datenverlust
e:\makeproaudio\iplug2\examples\pro12\pro12.cpp(868): warning C4244: "=": Konvertierung von "double" in "uint8_t", möglicher Datenverlust
e:\makeproaudio\iplug2\examples\pro12\pro12.cpp(877): warning C4244: "=": Konvertierung von "double" in "uint8_t", möglicher Datenverlust
  Code wird generiert...
e:\makeproaudio\iplug2\igraphics\igraphicsstructs.h(531): warning C4715: "TextStyleString": Nicht alle Codepfade geben einen Wert zurück.
     Bibliothek "E:\MakeProAudio\iPlug2\Examples\Pro12\build-win\vst2\x64\Debug\int\Pro12.lib" und Objekt "E:\MakeProAudio\iPlug2\Examples\Pro12\build-win\vst2\x64\Debug\int\Pro12.exp" werden erstellt.
  Pro12-vst2.vcxproj -> C:\Program Files\Steinberg\VstPlugins\Pro12.dll
  POSTBUILD SCRIPT VARIABLES -----------------------------------------------------
  FORMAT ".dll" 
  NAME "Pro12" 
  PLATFORM "x64" 
  COPY_VST2 "1" 
  BUILT_BINARY "C:\Program Files\Steinberg\VstPlugins\Pro12.dll" 
  VST2_32_PATH "C:\Program Files (x86)\Common Files\VST2" 
  VST2_64_PATH "C:\Program Files\Common Files\VST2"  
  VST3_32_PATH "C:\Program Files (x86)\Common Files\VST3" 
  VST3_64_PATH "C:\Program Files\Common Files\VST3" 
  BUILD_DIR "E:\MakeProAudio\iPlug2\Examples\Pro12\build-win"
  VST_ICON "E:\MakeProAudio\iPlug2\Examples\Pro12\..\..\Dependencies\IPlug\VST3_SDK\doc\artwork\VST_Logo_Steinberg.ico" 
  AAX_ICON "E:\MakeProAudio\iPlug2\Examples\Pro12\..\..\Dependencies\IPlug\AAX_SDK\Utilities\PlugIn.ico" 
  CREATE_BUNDLE_SCRIPT "E:\MakeProAudio\iPlug2\Examples\Pro12\..\..\Scripts\create_bundle.bat"
  END POSTBUILD SCRIPT VARIABLES -----------------------------------------------------
