h:\mpa\iplug2\examples\b4000\build-win\app\x64\release\int\main.res
h:\mpa\iplug2\examples\b4000\build-win\app\x64\release\b4000.ipdb
h:\mpa\iplug2\examples\b4000\build-win\app\x64\release\b4000.iobj
h:\mpa\iplug2\examples\b4000\build-win\app\x64\release\int\iasiothiscallresolver.obj
h:\mpa\iplug2\examples\b4000\build-win\app\x64\release\int\rtaudio.obj
h:\mpa\iplug2\examples\b4000\build-win\app\x64\release\int\icontrol.obj
h:\mpa\iplug2\examples\b4000\build-win\app\x64\release\int\igraphicswin.obj
h:\mpa\iplug2\examples\b4000\build-win\app\x64\release\int\midisynth.obj
h:\mpa\iplug2\examples\b4000\build-win\app\x64\release\int\iplugpaths.obj
h:\mpa\iplug2\examples\b4000\build-win\app\x64\release\int\asiolist.obj
h:\mpa\iplug2\examples\b4000\build-win\app\x64\release\int\icontrols.obj
h:\mpa\iplug2\examples\b4000\build-win\app\x64\release\int\igraphics.obj
h:\mpa\iplug2\examples\b4000\build-win\app\x64\release\int\iplugapp_host.obj
h:\mpa\iplug2\examples\b4000\build-win\app\x64\release\int\iplugapibase.obj
h:\mpa\iplug2\examples\b4000\build-win\app\x64\release\int\iplugtimer.obj
h:\mpa\iplug2\examples\b4000\build-win\app\x64\release\int\asiodrivers.obj
h:\mpa\iplug2\examples\b4000\build-win\app\x64\release\int\ipopupmenucontrol.obj
h:\mpa\iplug2\examples\b4000\build-win\app\x64\release\int\igraphicseditordelegate.obj
h:\mpa\iplug2\examples\b4000\build-win\app\x64\release\int\iplugapp_dialog.obj
h:\mpa\iplug2\examples\b4000\build-win\app\x64\release\int\voiceallocator.obj
h:\mpa\iplug2\examples\b4000\build-win\app\x64\release\int\iplugpluginbase.obj
h:\mpa\iplug2\examples\b4000\build-win\app\x64\release\int\asio.obj
h:\mpa\iplug2\examples\b4000\build-win\app\x64\release\int\rtmidi.obj
h:\mpa\iplug2\examples\b4000\build-win\app\x64\release\int\itextentrycontrol.obj
h:\mpa\iplug2\examples\b4000\build-win\app\x64\release\int\iplugapp.obj
h:\mpa\iplug2\examples\b4000\build-win\app\x64\release\int\iplugapp_main.obj
h:\mpa\iplug2\examples\b4000\build-win\app\x64\release\int\iplugparameter.obj
h:\mpa\iplug2\examples\b4000\build-win\app\x64\release\int\b4000.obj
h:\mpa\iplug2\examples\b4000\build-win\app\x64\release\int\vc141.pdb
h:\mpa\iplug2\examples\b4000\build-win\app\x64\release\b4000.exe
h:\mpa\iplug2\examples\b4000\build-win\pdbs\b4000-app_x64.pdb
h:\mpa\iplug2\examples\b4000\build-win\app\x64\release\int\b4000-app.tlog\cl.read.1.tlog
h:\mpa\iplug2\examples\b4000\build-win\app\x64\release\int\b4000-app.tlog\rc.read.1.tlog
h:\mpa\iplug2\examples\b4000\build-win\app\x64\release\int\b4000-app.tlog\rc.write.1.tlog
h:\mpa\iplug2\examples\b4000\build-win\app\x64\release\int\b4000-app.tlog\rc.command.1.tlog
h:\mpa\iplug2\examples\b4000\build-win\app\x64\release\int\b4000-app.tlog\link.command.1.tlog
h:\mpa\iplug2\examples\b4000\build-win\app\x64\release\int\b4000-app.tlog\b4000-app.write.1u.tlog
h:\mpa\iplug2\examples\b4000\build-win\app\x64\release\int\b4000-app.tlog\cl.write.1.tlog
h:\mpa\iplug2\examples\b4000\build-win\app\x64\release\int\b4000-app.tlog\cl.command.1.tlog
h:\mpa\iplug2\examples\b4000\build-win\app\x64\release\int\b4000-app.tlog\link.read.9.tlog
h:\mpa\iplug2\examples\b4000\build-win\app\x64\release\int\b4000-app.tlog\link.write.1.tlog
