C:\Program Files (x86)\Microsoft Visual Studio\2017\Community\Common7\IDE\VC\VCTargets\Microsoft.CppBuild.targets(377,5): warning MSB8004: Das Output-Verzeichnis endet nicht mit einem nachstehenden Schrägstrich. Der Schrägstrich wird in dieser Buildinstanz hinzugefügt, da er für die ordnungsgemäße Auswertung des Output-Verzeichnisses erforderlich ist.
  IControls.cpp
  IPopupMenuControl.cpp
  ITextEntryControl.cpp
  IControl.cpp
  IGraphics.cpp
  IGraphicsEditorDelegate.cpp
  IGraphicsWin.cpp
  MidiSynth.cpp
e:\mpa\iplug2\igraphics\icontrol.h(1050): warning C4244: "Argument": Konvertierung von "double" in "float", möglicher Datenverlust (Quelldatei wird kompiliert ..\..\..\IGraphics\Controls\IPopupMenuControl.cpp)
e:\mpa\iplug2\iplug\extras\synth\controlramp.h(53): warning C4244: "Initialisierung": Konvertierung von "double" in "float", möglicher Datenverlust (Quelldatei wird kompiliert ..\..\..\IPlug\Extras\Synth\MidiSynth.cpp)
e:\mpa\iplug2\iplug\extras\synth\controlramp.h(54): warning C4244: "Initialisierung": Konvertierung von "double" in "float", möglicher Datenverlust (Quelldatei wird kompiliert ..\..\..\IPlug\Extras\Synth\MidiSynth.cpp)
e:\mpa\iplug2\igraphics\icontrol.h(1050): warning C4244: "Argument": Konvertierung von "double" in "float", möglicher Datenverlust (Quelldatei wird kompiliert ..\..\..\IGraphics\Controls\ITextEntryControl.cpp)
e:\mpa\iplug2\iplug\extras\synth\midisynth.h(86): warning C4244: "Argument": Konvertierung von "double" in "float", möglicher Datenverlust (Quelldatei wird kompiliert ..\..\..\IPlug\Extras\Synth\MidiSynth.cpp)
e:\mpa\iplug2\iplug\extras\synth\midisynth.cpp(81): warning C4244: "=": Konvertierung von "double" in "float", möglicher Datenverlust
e:\mpa\iplug2\iplug\extras\synth\midisynth.cpp(87): warning C4244: "=": Konvertierung von "double" in "float", möglicher Datenverlust
e:\mpa\iplug2\iplug\extras\synth\midisynth.cpp(149): warning C4244: "=": Konvertierung von "double" in "float", möglicher Datenverlust
e:\mpa\iplug2\iplug\extras\synth\midisynth.cpp(164): warning C4244: "=": Konvertierung von "double" in "float", möglicher Datenverlust
e:\mpa\iplug2\iplug\extras\synth\midisynth.cpp(244): warning C4244: "=": Konvertierung von "double" in "float", möglicher Datenverlust
e:\mpa\iplug2\igraphics\controls\itextentrycontrol.cpp(107): warning C4305: "Argument": Verkürzung von "double" in "float"
e:\mpa\iplug2\dependencies\igraphics\nanosvg\src\nanosvg.h(1098): warning C4244: "=": Konvertierung von "double" in "__int64", möglicher Datenverlust (Quelldatei wird kompiliert ..\..\..\IGraphics\IGraphics.cpp)
e:\mpa\iplug2\igraphics\icontrol.h(1050): warning C4244: "Argument": Konvertierung von "double" in "float", möglicher Datenverlust (Quelldatei wird kompiliert ..\..\..\IGraphics\IGraphics.cpp)
e:\mpa\iplug2\igraphics\icontrol.h(1050): warning C4244: "Argument": Konvertierung von "double" in "float", möglicher Datenverlust (Quelldatei wird kompiliert ..\..\..\IGraphics\Controls\IControls.cpp)
e:\mpa\iplug2\igraphics\controls\icontrols.cpp(724): warning C4244: "Initialisierung": Konvertierung von "double" in "float", möglicher Datenverlust
e:\mpa\iplug2\igraphics\controls\icontrols.cpp(725): warning C4244: "Initialisierung": Konvertierung von "double" in "float", möglicher Datenverlust
e:\mpa\iplug2\igraphics\controls\icontrols.cpp(729): warning C4244: "Argument": Konvertierung von "double" in "float", möglicher Datenverlust
e:\mpa\iplug2\igraphics\igraphics.cpp(1395): warning C4244: "=": Konvertierung von "double" in "float", möglicher Datenverlust
e:\mpa\iplug2\igraphics\igraphics.cpp(1705): warning C4244: "Argument": Konvertierung von "double" in "float", möglicher Datenverlust
e:\mpa\iplug2\igraphics\igraphics.cpp(1729): warning C4244: "Argument": Konvertierung von "const _Ty" in "float", möglicher Datenverlust
          with
          [
              _Ty=double
          ]
e:\mpa\iplug2\igraphics\igraphics.cpp(1730): warning C4244: "Argument": Konvertierung von "const _Ty" in "float", möglicher Datenverlust
          with
          [
              _Ty=double
          ]
e:\mpa\iplug2\igraphics\icontrol.h(1050): warning C4244: "Argument": Konvertierung von "double" in "float", möglicher Datenverlust (Quelldatei wird kompiliert ..\..\..\IGraphics\IControl.cpp)
e:\mpa\iplug2\igraphics\igraphicspathbase.h(557): warning C4244: "Argument": Konvertierung von "double" in "float", möglicher Datenverlust (Quelldatei wird kompiliert ..\..\..\IGraphics\Platforms\IGraphicsWin.cpp)
e:\mpa\iplug2\igraphics\icontrol.h(1050): warning C4244: "Argument": Konvertierung von "double" in "float", möglicher Datenverlust (Quelldatei wird kompiliert ..\..\..\IGraphics\Platforms\IGraphicsWin.cpp)
  VoiceAllocator.cpp
  IPlugAPIBase.cpp
e:\mpa\iplug2\igraphics\platforms\igraphicswin.cpp(197): warning C4101: "v": Unreferenzierte lokale Variable
e:\mpa\iplug2\igraphics\platforms\igraphicswin.cpp(840): warning C4390: ";": Leere kontrollierte Anweisung aufgetreten; ist dies beabsichtigt?
e:\mpa\iplug2\igraphics\platforms\igraphicswin.cpp(1510): warning C4302: "Typumwandlung": Verkürzung von "HINSTANCE" in "int"
e:\mpa\iplug2\igraphics\drawing\igraphicsnanovg.cpp(383): warning C4390: ";": Leere kontrollierte Anweisung aufgetreten; ist dies beabsichtigt? (Quelldatei wird kompiliert ..\..\..\IGraphics\Platforms\IGraphicsWin.cpp)
e:\mpa\iplug2\igraphics\drawing\igraphicsnanovg.cpp(413): warning C4390: ";": Leere kontrollierte Anweisung aufgetreten; ist dies beabsichtigt? (Quelldatei wird kompiliert ..\..\..\IGraphics\Platforms\IGraphicsWin.cpp)
  IPlugParameter.cpp
e:\mpa\iplug2\igraphics\icontrol.h(1050): warning C4244: "Argument": Konvertierung von "double" in "float", möglicher Datenverlust (Quelldatei wird kompiliert ..\..\..\IGraphics\IGraphicsEditorDelegate.cpp)
  IPlugPaths.cpp
  IPlugPluginBase.cpp
  IPlugTimer.cpp
  IPlugVST2.cpp
  B4000.cpp
e:\mpa\iplug2\iplug\extras\synth\controlramp.h(53): warning C4244: "Initialisierung": Konvertierung von "double" in "float", möglicher Datenverlust (Quelldatei wird kompiliert ..\..\..\IPlug\Extras\Synth\VoiceAllocator.cpp)
e:\mpa\iplug2\iplug\extras\synth\controlramp.h(54): warning C4244: "Initialisierung": Konvertierung von "double" in "float", möglicher Datenverlust (Quelldatei wird kompiliert ..\..\..\IPlug\Extras\Synth\VoiceAllocator.cpp)
e:\mpa\iplug2\iplug\extras\synth\voiceallocator.cpp(293): warning C4244: "=": Konvertierung von "double" in "int", möglicher Datenverlust
e:\mpa\iplug2\iplug\extras\synth\voiceallocator.cpp(294): warning C4244: "=": Konvertierung von "double" in "int", möglicher Datenverlust
e:\mpa\iplug2\iplug\extras\synth\voiceallocator.cpp(411): warning C4244: "Argument": Konvertierung von "double" in "int", möglicher Datenverlust
e:\mpa\iplug2\iplug\extras\synth\voiceallocator.cpp(421): warning C4244: "Argument": Konvertierung von "double" in "float", möglicher Datenverlust
e:\mpa\iplug2\iplug\extras\synth\voiceallocator.cpp(441): warning C4244: "Argument": Konvertierung von "double" in "float", möglicher Datenverlust
e:\mpa\iplug2\iplug\extras\synth\voiceallocator.cpp(518): warning C4244: "Argument": Konvertierung von "double" in "int", möglicher Datenverlust
e:\mpa\iplug2\iplug\extras\synth\voiceallocator.cpp(521): warning C4244: "Argument": Konvertierung von "double" in "float", möglicher Datenverlust
e:\mpa\iplug2\igraphics\igraphicspathbase.h(557): warning C4244: "Argument": Konvertierung von "double" in "float", möglicher Datenverlust (Quelldatei wird kompiliert ..\B4000.cpp)
e:\mpa\iplug2\igraphics\icontrol.h(1050): warning C4244: "Argument": Konvertierung von "double" in "float", möglicher Datenverlust (Quelldatei wird kompiliert ..\B4000.cpp)
e:\mpa\iplug2\mpa code\global.h(25): warning C4305: "Argument": Verkürzung von "double" in "float" (Quelldatei wird kompiliert ..\B4000.cpp)
e:\mpa\iplug2\mpa code\global.h(26): warning C4305: "Argument": Verkürzung von "double" in "float" (Quelldatei wird kompiliert ..\B4000.cpp)
e:\mpa\iplug2\mpa code\global.h(28): warning C4244: "Argument": Konvertierung von "double" in "float", möglicher Datenverlust (Quelldatei wird kompiliert ..\B4000.cpp)
e:\mpa\iplug2\mpa code\global.h(29): warning C4244: "Argument": Konvertierung von "double" in "float", möglicher Datenverlust (Quelldatei wird kompiliert ..\B4000.cpp)
e:\mpa\iplug2\mpa code\global.h(30): warning C4244: "Argument": Konvertierung von "double" in "float", möglicher Datenverlust (Quelldatei wird kompiliert ..\B4000.cpp)
e:\mpa\iplug2\mpa code\global.h(31): warning C4244: "Argument": Konvertierung von "double" in "float", möglicher Datenverlust (Quelldatei wird kompiliert ..\B4000.cpp)
e:\mpa\iplug2\mpa code\global.h(37): warning C4244: "Argument": Konvertierung von "double" in "float", möglicher Datenverlust (Quelldatei wird kompiliert ..\B4000.cpp)
e:\mpa\iplug2\mpa code\global.h(38): warning C4244: "Argument": Konvertierung von "double" in "float", möglicher Datenverlust (Quelldatei wird kompiliert ..\B4000.cpp)
e:\mpa\iplug2\mpa code\global.h(39): warning C4244: "Argument": Konvertierung von "double" in "float", möglicher Datenverlust (Quelldatei wird kompiliert ..\B4000.cpp)
e:\mpa\iplug2\mpa code\global.h(40): warning C4244: "Argument": Konvertierung von "double" in "float", möglicher Datenverlust (Quelldatei wird kompiliert ..\B4000.cpp)
e:\mpa\iplug2\mpa code\global.h(208): warning C4244: "=": Konvertierung von "double" in "int", möglicher Datenverlust (Quelldatei wird kompiliert ..\B4000.cpp)
e:\mpa\iplug2\mpa code\global.h(372): warning C4244: "=": Konvertierung von "double" in "int", möglicher Datenverlust (Quelldatei wird kompiliert ..\B4000.cpp)
e:\mpa\iplug2\mpa code\global.h(470): warning C4244: "Argument": Konvertierung von "double" in "float", möglicher Datenverlust (Quelldatei wird kompiliert ..\B4000.cpp)
e:\mpa\iplug2\mpa code\global.h(471): warning C4244: "Argument": Konvertierung von "double" in "float", möglicher Datenverlust (Quelldatei wird kompiliert ..\B4000.cpp)
e:\mpa\iplug2\mpa code\global.h(472): warning C4244: "Argument": Konvertierung von "double" in "float", möglicher Datenverlust (Quelldatei wird kompiliert ..\B4000.cpp)
e:\mpa\iplug2\mpa code\global.h(473): warning C4244: "Argument": Konvertierung von "double" in "float", möglicher Datenverlust (Quelldatei wird kompiliert ..\B4000.cpp)
e:\mpa\iplug2\mpa code\global.h(484): warning C4244: "Argument": Konvertierung von "double" in "float", möglicher Datenverlust (Quelldatei wird kompiliert ..\B4000.cpp)
e:\mpa\iplug2\mpa code\global.h(485): warning C4244: "Argument": Konvertierung von "double" in "float", möglicher Datenverlust (Quelldatei wird kompiliert ..\B4000.cpp)
e:\mpa\iplug2\mpa code\global.h(486): warning C4244: "Argument": Konvertierung von "double" in "float", möglicher Datenverlust (Quelldatei wird kompiliert ..\B4000.cpp)
e:\mpa\iplug2\mpa code\global.h(487): warning C4244: "Argument": Konvertierung von "double" in "float", möglicher Datenverlust (Quelldatei wird kompiliert ..\B4000.cpp)
e:\mpa\iplug2\iplug\iplug_include_in_plug_src.h(59): warning C4312: "Typumwandlung": Konvertierung von "int" in größeren Typ "audioMasterCallback" (Quelldatei wird kompiliert ..\B4000.cpp)
e:\mpa\iplug2\iplug\iplug_include_in_plug_src.h(59): warning C4311: "Typumwandlung": Zeigerverkürzung von "void *" zu "int" (Quelldatei wird kompiliert ..\B4000.cpp)
e:\mpa\iplug2\iplug\iplug_include_in_plug_src.h(59): warning C4302: "Typumwandlung": Verkürzung von "void *" in "int" (Quelldatei wird kompiliert ..\B4000.cpp)
e:\mpa\iplug2\examples\b4000\b4000.cpp(371): warning C4244: "Argument": Konvertierung von "int" in "float", möglicher Datenverlust
e:\mpa\iplug2\examples\b4000\b4000.cpp(372): warning C4244: "Argument": Konvertierung von "int" in "float", möglicher Datenverlust
e:\mpa\iplug2\examples\b4000\b4000.cpp(373): warning C4244: "Argument": Konvertierung von "int" in "float", möglicher Datenverlust
e:\mpa\iplug2\examples\b4000\b4000.cpp(376): warning C4244: "Argument": Konvertierung von "int" in "float", möglicher Datenverlust
e:\mpa\iplug2\examples\b4000\b4000.cpp(377): warning C4244: "Argument": Konvertierung von "int" in "float", möglicher Datenverlust
e:\mpa\iplug2\examples\b4000\b4000.cpp(378): warning C4244: "Argument": Konvertierung von "int" in "float", möglicher Datenverlust
e:\mpa\iplug2\examples\b4000\b4000.cpp(379): warning C4244: "Argument": Konvertierung von "int" in "float", möglicher Datenverlust
e:\mpa\iplug2\examples\b4000\b4000.cpp(380): warning C4244: "Argument": Konvertierung von "int" in "float", möglicher Datenverlust
e:\mpa\iplug2\examples\b4000\b4000.cpp(381): warning C4244: "Argument": Konvertierung von "int" in "float", möglicher Datenverlust
e:\mpa\iplug2\examples\b4000\b4000.cpp(382): warning C4244: "Argument": Konvertierung von "int" in "float", möglicher Datenverlust
e:\mpa\iplug2\examples\b4000\b4000.cpp(383): warning C4244: "Argument": Konvertierung von "int" in "float", möglicher Datenverlust
e:\mpa\iplug2\examples\b4000\b4000.cpp(384): warning C4244: "Argument": Konvertierung von "int" in "float", möglicher Datenverlust
e:\mpa\iplug2\examples\b4000\b4000.cpp(391): warning C4244: "Argument": Konvertierung von "int" in "float", möglicher Datenverlust
e:\mpa\iplug2\examples\b4000\b4000.cpp(392): warning C4244: "Argument": Konvertierung von "int" in "float", möglicher Datenverlust
e:\mpa\iplug2\examples\b4000\b4000.cpp(393): warning C4244: "Argument": Konvertierung von "int" in "float", möglicher Datenverlust
e:\mpa\iplug2\examples\b4000\b4000.cpp(396): warning C4244: "Argument": Konvertierung von "int" in "float", möglicher Datenverlust
e:\mpa\iplug2\examples\b4000\b4000.cpp(397): warning C4244: "Argument": Konvertierung von "int" in "float", möglicher Datenverlust
e:\mpa\iplug2\examples\b4000\b4000.cpp(398): warning C4244: "Argument": Konvertierung von "int" in "float", möglicher Datenverlust
e:\mpa\iplug2\examples\b4000\b4000.cpp(399): warning C4244: "Argument": Konvertierung von "int" in "float", möglicher Datenverlust
e:\mpa\iplug2\examples\b4000\b4000.cpp(400): warning C4244: "Argument": Konvertierung von "int" in "float", möglicher Datenverlust
e:\mpa\iplug2\examples\b4000\b4000.cpp(401): warning C4244: "Argument": Konvertierung von "int" in "float", möglicher Datenverlust
e:\mpa\iplug2\examples\b4000\b4000.cpp(404): warning C4244: "Argument": Konvertierung von "int" in "float", möglicher Datenverlust
e:\mpa\iplug2\examples\b4000\b4000.cpp(405): warning C4244: "Argument": Konvertierung von "int" in "float", möglicher Datenverlust
e:\mpa\iplug2\examples\b4000\b4000.cpp(406): warning C4244: "Argument": Konvertierung von "int" in "float", möglicher Datenverlust
e:\mpa\iplug2\examples\b4000\b4000.cpp(407): warning C4244: "Argument": Konvertierung von "int" in "float", möglicher Datenverlust
e:\mpa\iplug2\examples\b4000\b4000.cpp(408): warning C4244: "Argument": Konvertierung von "int" in "float", möglicher Datenverlust
e:\mpa\iplug2\examples\b4000\b4000.cpp(409): warning C4244: "Argument": Konvertierung von "int" in "float", möglicher Datenverlust
e:\mpa\iplug2\examples\b4000\b4000.cpp(410): warning C4244: "Argument": Konvertierung von "int" in "float", möglicher Datenverlust
e:\mpa\iplug2\examples\b4000\b4000.cpp(411): warning C4244: "Argument": Konvertierung von "int" in "float", möglicher Datenverlust
e:\mpa\iplug2\examples\b4000\b4000.cpp(412): warning C4244: "Argument": Konvertierung von "int" in "float", möglicher Datenverlust
e:\mpa\iplug2\examples\b4000\b4000.cpp(413): warning C4244: "Argument": Konvertierung von "int" in "float", möglicher Datenverlust
e:\mpa\iplug2\examples\b4000\b4000.cpp(414): warning C4244: "Argument": Konvertierung von "int" in "float", möglicher Datenverlust
e:\mpa\iplug2\examples\b4000\b4000.cpp(417): warning C4244: "Argument": Konvertierung von "int" in "float", möglicher Datenverlust
e:\mpa\iplug2\examples\b4000\b4000.cpp(418): warning C4244: "Argument": Konvertierung von "int" in "float", möglicher Datenverlust
e:\mpa\iplug2\examples\b4000\b4000.cpp(419): warning C4244: "Argument": Konvertierung von "int" in "float", möglicher Datenverlust
e:\mpa\iplug2\examples\b4000\b4000.cpp(420): warning C4244: "Argument": Konvertierung von "int" in "float", möglicher Datenverlust
e:\mpa\iplug2\examples\b4000\b4000.cpp(421): warning C4244: "Argument": Konvertierung von "int" in "float", möglicher Datenverlust
e:\mpa\iplug2\examples\b4000\b4000.cpp(422): warning C4244: "Argument": Konvertierung von "int" in "float", möglicher Datenverlust
e:\mpa\iplug2\examples\b4000\b4000.cpp(423): warning C4244: "Argument": Konvertierung von "int" in "float", möglicher Datenverlust
e:\mpa\iplug2\examples\b4000\b4000.cpp(428): warning C4244: "Argument": Konvertierung von "int" in "float", möglicher Datenverlust
e:\mpa\iplug2\examples\b4000\b4000.cpp(430): warning C4244: "Argument": Konvertierung von "int" in "float", möglicher Datenverlust
e:\mpa\iplug2\examples\b4000\b4000.cpp(432): warning C4244: "Argument": Konvertierung von "int" in "float", möglicher Datenverlust
e:\mpa\iplug2\examples\b4000\b4000.cpp(434): warning C4244: "Argument": Konvertierung von "int" in "float", möglicher Datenverlust
e:\mpa\iplug2\examples\b4000\b4000.cpp(436): warning C4244: "Argument": Konvertierung von "int" in "float", möglicher Datenverlust
e:\mpa\iplug2\examples\b4000\b4000.cpp(438): warning C4244: "Argument": Konvertierung von "int" in "float", möglicher Datenverlust
e:\mpa\iplug2\examples\b4000\b4000.cpp(441): warning C4244: "Argument": Konvertierung von "int" in "float", möglicher Datenverlust
e:\mpa\iplug2\examples\b4000\b4000.cpp(444): warning C4244: "Argument": Konvertierung von "int" in "float", möglicher Datenverlust
e:\mpa\iplug2\examples\b4000\b4000.cpp(447): warning C4244: "Argument": Konvertierung von "int" in "float", möglicher Datenverlust
e:\mpa\iplug2\examples\b4000\b4000.cpp(450): warning C4244: "Argument": Konvertierung von "int" in "float", möglicher Datenverlust
e:\mpa\iplug2\examples\b4000\b4000.cpp(452): warning C4244: "Argument": Konvertierung von "int" in "float", möglicher Datenverlust
e:\mpa\iplug2\examples\b4000\b4000.cpp(454): warning C4244: "Argument": Konvertierung von "int" in "float", möglicher Datenverlust
e:\mpa\iplug2\examples\b4000\b4000.cpp(456): warning C4244: "Argument": Konvertierung von "int" in "float", möglicher Datenverlust
e:\mpa\iplug2\examples\b4000\b4000.cpp(458): warning C4244: "Argument": Konvertierung von "int" in "float", möglicher Datenverlust
e:\mpa\iplug2\examples\b4000\b4000.cpp(460): warning C4244: "Argument": Konvertierung von "int" in "float", möglicher Datenverlust
e:\mpa\iplug2\examples\b4000\b4000.cpp(462): warning C4244: "Argument": Konvertierung von "int" in "float", möglicher Datenverlust
e:\mpa\iplug2\examples\b4000\b4000.cpp(464): warning C4244: "Argument": Konvertierung von "int" in "float", möglicher Datenverlust
e:\mpa\iplug2\examples\b4000\b4000.cpp(466): warning C4244: "Argument": Konvertierung von "int" in "float", möglicher Datenverlust
e:\mpa\iplug2\examples\b4000\b4000.cpp(468): warning C4244: "Argument": Konvertierung von "int" in "float", möglicher Datenverlust
e:\mpa\iplug2\examples\b4000\b4000.cpp(470): warning C4244: "Argument": Konvertierung von "int" in "float", möglicher Datenverlust
e:\mpa\iplug2\examples\b4000\b4000.cpp(471): warning C4244: "Argument": Konvertierung von "int" in "float", möglicher Datenverlust
e:\mpa\iplug2\examples\b4000\b4000.cpp(472): warning C4244: "Argument": Konvertierung von "int" in "float", möglicher Datenverlust
e:\mpa\iplug2\examples\b4000\b4000.cpp(474): warning C4244: "Argument": Konvertierung von "int" in "float", möglicher Datenverlust
e:\mpa\iplug2\examples\b4000\b4000.cpp(475): warning C4244: "Argument": Konvertierung von "int" in "float", möglicher Datenverlust
e:\mpa\iplug2\examples\b4000\b4000.cpp(476): warning C4244: "Argument": Konvertierung von "int" in "float", möglicher Datenverlust
e:\mpa\iplug2\examples\b4000\b4000.cpp(477): warning C4244: "Argument": Konvertierung von "int" in "float", möglicher Datenverlust
e:\mpa\iplug2\examples\b4000\b4000.cpp(478): warning C4244: "Argument": Konvertierung von "int" in "float", möglicher Datenverlust
e:\mpa\iplug2\examples\b4000\b4000.cpp(479): warning C4244: "Argument": Konvertierung von "int" in "float", möglicher Datenverlust
e:\mpa\iplug2\examples\b4000\b4000.cpp(504): warning C4244: "Argument": Konvertierung von "int" in "float", möglicher Datenverlust
e:\mpa\iplug2\examples\b4000\b4000.cpp(507): warning C4244: "Argument": Konvertierung von "int" in "float", möglicher Datenverlust
e:\mpa\iplug2\examples\b4000\b4000.cpp(508): warning C4244: "Argument": Konvertierung von "int" in "float", möglicher Datenverlust
e:\mpa\iplug2\examples\b4000\b4000.cpp(509): warning C4244: "Argument": Konvertierung von "int" in "float", möglicher Datenverlust
e:\mpa\iplug2\examples\b4000\b4000.cpp(510): warning C4244: "Argument": Konvertierung von "int" in "float", möglicher Datenverlust
e:\mpa\iplug2\examples\b4000\b4000.cpp(523): warning C4305: "Argument": Verkürzung von "double" in "float"
e:\mpa\iplug2\examples\b4000\b4000.cpp(633): warning C4244: "Initialisierung": Konvertierung von "double" in "int", möglicher Datenverlust
e:\mpa\iplug2\examples\b4000\b4000.cpp(634): warning C4244: "Initialisierung": Konvertierung von "double" in "int", möglicher Datenverlust
e:\mpa\iplug2\examples\b4000\b4000.cpp(839): warning C4244: "Argument": Konvertierung von "double" in "int", möglicher Datenverlust
e:\mpa\iplug2\examples\b4000\b4000.cpp(1056): warning C4244: "=": Konvertierung von "double" in "uint8_t", möglicher Datenverlust
e:\mpa\iplug2\examples\b4000\b4000.cpp(1059): warning C4244: "=": Konvertierung von "double" in "uint8_t", möglicher Datenverlust
e:\mpa\iplug2\examples\b4000\b4000.cpp(1074): warning C4244: "=": Konvertierung von "double" in "uint8_t", möglicher Datenverlust
e:\mpa\iplug2\examples\b4000\b4000.cpp(1095): warning C4244: "=": Konvertierung von "double" in "int", möglicher Datenverlust
e:\mpa\iplug2\examples\b4000\b4000.cpp(1104): warning C4244: "=": Konvertierung von "double" in "uint8_t", möglicher Datenverlust
e:\mpa\iplug2\examples\b4000\b4000.cpp(1113): warning C4244: "=": Konvertierung von "double" in "uint8_t", möglicher Datenverlust
..\resources\main.rc(164): warning RC4093: unescaped newline in character constant in inactive code
  
..\resources\main.rc(165): warning RC4093: unescaped newline in character constant in inactive code
  
     Bibliothek "E:\MPA\iPlug2\Examples\B4000\build-win\vst2\x64\Release\int\B4000.lib" und Objekt "E:\MPA\iPlug2\Examples\B4000\build-win\vst2\x64\Release\int\B4000.exp" werden erstellt.
  Code wird generiert.
e:\mpa\iplug2\igraphics\igraphicsstructs.h(531): warning C4715: "TextStyleString": Nicht alle Codepfade geben einen Wert zurück.
e:\mpa\iplug2\examples\b4000\b4000.cpp(1212): warning C4700: Die nicht initialisierte lokale Variable "pos" wurde verwendet.
  All 6088 functions were compiled because no usable IPDB/IOBJ from previous compilation was found.
  Codegenerierung ist abgeschlossen.
  B4000-vst2.vcxproj -> C:\Program Files\Steinberg\VSTPlugins\B4000.dll
  POSTBUILD SCRIPT VARIABLES -----------------------------------------------------
  FORMAT ".dll" 
  NAME "B4000" 
  PLATFORM "x64" 
  COPY_VST2 "1" 
  BUILT_BINARY "C:\Program Files\Steinberg\VSTPlugins\B4000.dll" 
  VST2_32_PATH "C:\Program Files (x86)\Common Files\VST2" 
  VST2_64_PATH "C:\Program Files\Common Files\VST2"  
  VST3_32_PATH "C:\Program Files (x86)\Common Files\VST3" 
  VST3_64_PATH "C:\Program Files\Common Files\VST3" 
  BUILD_DIR "E:\MPA\iPlug2\Examples\B4000\build-win"
  VST_ICON "E:\MPA\iPlug2\Examples\B4000\..\..\Dependencies\IPlug\VST3_SDK\doc\artwork\VST_Logo_Steinberg.ico" 
  AAX_ICON "E:\MPA\iPlug2\Examples\B4000\..\..\Dependencies\IPlug\AAX_SDK\Utilities\PlugIn.ico" 
  CREATE_BUNDLE_SCRIPT "E:\MPA\iPlug2\Examples\B4000\..\..\Scripts\create_bundle.bat"
  END POSTBUILD SCRIPT VARIABLES -----------------------------------------------------
