C:\Program Files (x86)\Microsoft Visual Studio\2017\Community\Common7\IDE\VC\VCTargets\Microsoft.CppBuild.targets(377,5): warning MSB8004: Das Output-Verzeichnis endet nicht mit einem nachstehenden Schrägstrich. Der Schrägstrich wird in dieser Buildinstanz hinzugefügt, da er für die ordnungsgemäße Auswertung des Output-Verzeichnisses erforderlich ist.
  Minimax.cpp
h:\mpa\iplug2\igraphics\igraphicspathbase.h(557): warning C4244: "Argument": Konvertierung von "double" in "float", möglicher Datenverlust
h:\mpa\iplug2\igraphics\icontrol.h(1050): warning C4244: "Argument": Konvertierung von "double" in "float", möglicher Datenverlust
h:\mpa\iplug2\mpa code\global.h(31): warning C4305: "Argument": Verkürzung von "double" in "float"
h:\mpa\iplug2\mpa code\global.h(32): warning C4305: "Argument": Verkürzung von "double" in "float"
h:\mpa\iplug2\mpa code\global.h(34): warning C4244: "Argument": Konvertierung von "double" in "float", möglicher Datenverlust
h:\mpa\iplug2\mpa code\global.h(35): warning C4244: "Argument": Konvertierung von "double" in "float", möglicher Datenverlust
h:\mpa\iplug2\mpa code\global.h(36): warning C4244: "Argument": Konvertierung von "double" in "float", möglicher Datenverlust
h:\mpa\iplug2\mpa code\global.h(37): warning C4244: "Argument": Konvertierung von "double" in "float", möglicher Datenverlust
h:\mpa\iplug2\mpa code\global.h(43): warning C4244: "Argument": Konvertierung von "double" in "float", möglicher Datenverlust
h:\mpa\iplug2\mpa code\global.h(44): warning C4244: "Argument": Konvertierung von "double" in "float", möglicher Datenverlust
h:\mpa\iplug2\mpa code\global.h(45): warning C4244: "Argument": Konvertierung von "double" in "float", möglicher Datenverlust
h:\mpa\iplug2\mpa code\global.h(46): warning C4244: "Argument": Konvertierung von "double" in "float", möglicher Datenverlust
h:\mpa\iplug2\mpa code\global.h(216): warning C4244: "=": Konvertierung von "double" in "int", möglicher Datenverlust
h:\mpa\iplug2\mpa code\global.h(250): warning C4244: "Argument": Konvertierung von "double" in "float", möglicher Datenverlust
h:\mpa\iplug2\mpa code\global.h(251): warning C4244: "Argument": Konvertierung von "double" in "float", möglicher Datenverlust
h:\mpa\iplug2\mpa code\global.h(388): warning C4244: "=": Konvertierung von "double" in "int", möglicher Datenverlust
h:\mpa\iplug2\mpa code\global.h(486): warning C4244: "Argument": Konvertierung von "double" in "float", möglicher Datenverlust
h:\mpa\iplug2\mpa code\global.h(487): warning C4244: "Argument": Konvertierung von "double" in "float", möglicher Datenverlust
h:\mpa\iplug2\mpa code\global.h(488): warning C4244: "Argument": Konvertierung von "double" in "float", möglicher Datenverlust
h:\mpa\iplug2\mpa code\global.h(489): warning C4244: "Argument": Konvertierung von "double" in "float", möglicher Datenverlust
h:\mpa\iplug2\mpa code\global.h(500): warning C4244: "Argument": Konvertierung von "double" in "float", möglicher Datenverlust
h:\mpa\iplug2\mpa code\global.h(501): warning C4244: "Argument": Konvertierung von "double" in "float", möglicher Datenverlust
h:\mpa\iplug2\mpa code\global.h(502): warning C4244: "Argument": Konvertierung von "double" in "float", möglicher Datenverlust
h:\mpa\iplug2\mpa code\global.h(503): warning C4244: "Argument": Konvertierung von "double" in "float", möglicher Datenverlust
h:\mpa\iplug2\examples\minimax\minimax.cpp(445): warning C4244: "Argument": Konvertierung von "int" in "float", möglicher Datenverlust
h:\mpa\iplug2\examples\minimax\minimax.cpp(446): warning C4244: "Argument": Konvertierung von "int" in "float", möglicher Datenverlust
h:\mpa\iplug2\examples\minimax\minimax.cpp(447): warning C4244: "Argument": Konvertierung von "int" in "float", möglicher Datenverlust
h:\mpa\iplug2\examples\minimax\minimax.cpp(448): warning C4244: "Argument": Konvertierung von "int" in "float", möglicher Datenverlust
h:\mpa\iplug2\examples\minimax\minimax.cpp(449): warning C4244: "Argument": Konvertierung von "int" in "float", möglicher Datenverlust
h:\mpa\iplug2\examples\minimax\minimax.cpp(450): warning C4244: "Argument": Konvertierung von "int" in "float", möglicher Datenverlust
h:\mpa\iplug2\examples\minimax\minimax.cpp(451): warning C4244: "Argument": Konvertierung von "int" in "float", möglicher Datenverlust
h:\mpa\iplug2\examples\minimax\minimax.cpp(452): warning C4244: "Argument": Konvertierung von "int" in "float", möglicher Datenverlust
h:\mpa\iplug2\examples\minimax\minimax.cpp(453): warning C4244: "Argument": Konvertierung von "int" in "float", möglicher Datenverlust
h:\mpa\iplug2\examples\minimax\minimax.cpp(454): warning C4244: "Argument": Konvertierung von "int" in "float", möglicher Datenverlust
h:\mpa\iplug2\examples\minimax\minimax.cpp(455): warning C4244: "Argument": Konvertierung von "int" in "float", möglicher Datenverlust
h:\mpa\iplug2\examples\minimax\minimax.cpp(457): warning C4244: "Argument": Konvertierung von "int" in "float", möglicher Datenverlust
h:\mpa\iplug2\examples\minimax\minimax.cpp(458): warning C4244: "Argument": Konvertierung von "int" in "float", möglicher Datenverlust
h:\mpa\iplug2\examples\minimax\minimax.cpp(459): warning C4244: "Argument": Konvertierung von "int" in "float", möglicher Datenverlust
h:\mpa\iplug2\examples\minimax\minimax.cpp(460): warning C4244: "Argument": Konvertierung von "int" in "float", möglicher Datenverlust
h:\mpa\iplug2\examples\minimax\minimax.cpp(461): warning C4244: "Argument": Konvertierung von "int" in "float", möglicher Datenverlust
h:\mpa\iplug2\examples\minimax\minimax.cpp(462): warning C4244: "Argument": Konvertierung von "int" in "float", möglicher Datenverlust
h:\mpa\iplug2\examples\minimax\minimax.cpp(482): warning C4244: "Argument": Konvertierung von "int" in "float", möglicher Datenverlust
h:\mpa\iplug2\examples\minimax\minimax.cpp(483): warning C4244: "Argument": Konvertierung von "int" in "float", möglicher Datenverlust
h:\mpa\iplug2\examples\minimax\minimax.cpp(484): warning C4244: "Argument": Konvertierung von "int" in "float", möglicher Datenverlust
h:\mpa\iplug2\examples\minimax\minimax.cpp(485): warning C4244: "Argument": Konvertierung von "int" in "float", möglicher Datenverlust
h:\mpa\iplug2\examples\minimax\minimax.cpp(486): warning C4244: "Argument": Konvertierung von "int" in "float", möglicher Datenverlust
h:\mpa\iplug2\examples\minimax\minimax.cpp(487): warning C4244: "Argument": Konvertierung von "int" in "float", möglicher Datenverlust
h:\mpa\iplug2\examples\minimax\minimax.cpp(492): warning C4244: "Argument": Konvertierung von "int" in "float", möglicher Datenverlust
h:\mpa\iplug2\examples\minimax\minimax.cpp(493): warning C4244: "Argument": Konvertierung von "int" in "float", möglicher Datenverlust
h:\mpa\iplug2\examples\minimax\minimax.cpp(494): warning C4244: "Argument": Konvertierung von "int" in "float", möglicher Datenverlust
h:\mpa\iplug2\examples\minimax\minimax.cpp(495): warning C4244: "Argument": Konvertierung von "int" in "float", möglicher Datenverlust
h:\mpa\iplug2\examples\minimax\minimax.cpp(496): warning C4244: "Argument": Konvertierung von "int" in "float", möglicher Datenverlust
h:\mpa\iplug2\examples\minimax\minimax.cpp(497): warning C4244: "Argument": Konvertierung von "int" in "float", möglicher Datenverlust
h:\mpa\iplug2\examples\minimax\minimax.cpp(500): warning C4244: "Argument": Konvertierung von "int" in "float", möglicher Datenverlust
h:\mpa\iplug2\examples\minimax\minimax.cpp(503): warning C4244: "Argument": Konvertierung von "int" in "float", möglicher Datenverlust
h:\mpa\iplug2\examples\minimax\minimax.cpp(509): warning C4244: "Argument": Konvertierung von "int" in "float", möglicher Datenverlust
h:\mpa\iplug2\examples\minimax\minimax.cpp(510): warning C4244: "Argument": Konvertierung von "int" in "float", möglicher Datenverlust
h:\mpa\iplug2\examples\minimax\minimax.cpp(511): warning C4244: "Argument": Konvertierung von "int" in "float", möglicher Datenverlust
h:\mpa\iplug2\examples\minimax\minimax.cpp(512): warning C4244: "Argument": Konvertierung von "int" in "float", möglicher Datenverlust
h:\mpa\iplug2\examples\minimax\minimax.cpp(515): warning C4244: "Argument": Konvertierung von "int" in "float", möglicher Datenverlust
h:\mpa\iplug2\examples\minimax\minimax.cpp(516): warning C4244: "Argument": Konvertierung von "int" in "float", möglicher Datenverlust
h:\mpa\iplug2\examples\minimax\minimax.cpp(517): warning C4244: "Argument": Konvertierung von "int" in "float", möglicher Datenverlust
h:\mpa\iplug2\examples\minimax\minimax.cpp(520): warning C4244: "Argument": Konvertierung von "int" in "float", möglicher Datenverlust
h:\mpa\iplug2\examples\minimax\minimax.cpp(523): warning C4244: "Argument": Konvertierung von "int" in "float", möglicher Datenverlust
h:\mpa\iplug2\examples\minimax\minimax.cpp(524): warning C4244: "Argument": Konvertierung von "int" in "float", möglicher Datenverlust
h:\mpa\iplug2\examples\minimax\minimax.cpp(525): warning C4244: "Argument": Konvertierung von "int" in "float", möglicher Datenverlust
h:\mpa\iplug2\examples\minimax\minimax.cpp(526): warning C4244: "Argument": Konvertierung von "int" in "float", möglicher Datenverlust
h:\mpa\iplug2\examples\minimax\minimax.cpp(527): warning C4244: "Argument": Konvertierung von "int" in "float", möglicher Datenverlust
h:\mpa\iplug2\examples\minimax\minimax.cpp(530): warning C4244: "Argument": Konvertierung von "int" in "float", möglicher Datenverlust
h:\mpa\iplug2\examples\minimax\minimax.cpp(531): warning C4244: "Argument": Konvertierung von "int" in "float", möglicher Datenverlust
h:\mpa\iplug2\examples\minimax\minimax.cpp(534): warning C4244: "Argument": Konvertierung von "int" in "float", möglicher Datenverlust
h:\mpa\iplug2\examples\minimax\minimax.cpp(535): warning C4244: "Argument": Konvertierung von "int" in "float", möglicher Datenverlust
h:\mpa\iplug2\examples\minimax\minimax.cpp(536): warning C4244: "Argument": Konvertierung von "int" in "float", möglicher Datenverlust
h:\mpa\iplug2\examples\minimax\minimax.cpp(539): warning C4244: "Argument": Konvertierung von "int" in "float", möglicher Datenverlust
h:\mpa\iplug2\mpa code\mixerui.h(7): warning C4244: "Initialisierung": Konvertierung von "double" in "int", möglicher Datenverlust
h:\mpa\iplug2\mpa code\mixerui.h(9): warning C4244: "Argument": Konvertierung von "int" in "float", möglicher Datenverlust
h:\mpa\iplug2\mpa code\mixerui.h(15): warning C4244: "Argument": Konvertierung von "int" in "float", möglicher Datenverlust
h:\mpa\iplug2\mpa code\mixerui.h(16): warning C4244: "Argument": Konvertierung von "int" in "float", möglicher Datenverlust
h:\mpa\iplug2\mpa code\mixerui.h(17): warning C4244: "Argument": Konvertierung von "int" in "float", möglicher Datenverlust
h:\mpa\iplug2\mpa code\mixerui.h(18): warning C4244: "Argument": Konvertierung von "int" in "float", möglicher Datenverlust
h:\mpa\iplug2\mpa code\mixerui.h(28): warning C4244: "Argument": Konvertierung von "int" in "float", möglicher Datenverlust
h:\mpa\iplug2\mpa code\mixerui.h(35): warning C4244: "Argument": Konvertierung von "int" in "float", möglicher Datenverlust
h:\mpa\iplug2\mpa code\mixerui.h(43): warning C4244: "Argument": Konvertierung von "int" in "float", möglicher Datenverlust
h:\mpa\iplug2\mpa code\mixerui.h(47): warning C4244: "Argument": Konvertierung von "int" in "float", möglicher Datenverlust
h:\mpa\iplug2\mpa code\mixerui.h(51): warning C4244: "Argument": Konvertierung von "int" in "float", möglicher Datenverlust
h:\mpa\iplug2\mpa code\mixerui.h(54): warning C4244: "Argument": Konvertierung von "int" in "float", möglicher Datenverlust
h:\mpa\iplug2\mpa code\mixerui.h(60): warning C4244: "Argument": Konvertierung von "int" in "float", möglicher Datenverlust
h:\mpa\iplug2\mpa code\mixerui.h(64): warning C4244: "Argument": Konvertierung von "int" in "float", möglicher Datenverlust
h:\mpa\iplug2\mpa code\mixerui.h(69): warning C4244: "Argument": Konvertierung von "int" in "float", möglicher Datenverlust
h:\mpa\iplug2\mpa code\mixerui.h(82): warning C4244: "Argument": Konvertierung von "int" in "float", möglicher Datenverlust
h:\mpa\iplug2\mpa code\mixerui.h(84): warning C4244: "Argument": Konvertierung von "int" in "float", möglicher Datenverlust
h:\mpa\iplug2\mpa code\mixerui.h(89): warning C4244: "Argument": Konvertierung von "int" in "float", möglicher Datenverlust
h:\mpa\iplug2\mpa code\keyboardui.h(4): warning C4305: "Argument": Verkürzung von "double" in "float"
h:\mpa\iplug2\mpa code\keyboardui.h(16): warning C4244: "Argument": Konvertierung von "double" in "float", möglicher Datenverlust
h:\mpa\iplug2\mpa code\resize.h(8): warning C4244: "=": Konvertierung von "double" in "int", möglicher Datenverlust
h:\mpa\iplug2\mpa code\resize.h(9): warning C4244: "=": Konvertierung von "double" in "int", möglicher Datenverlust
h:\mpa\iplug2\mpa code\resize.h(10): warning C4244: "=": Konvertierung von "double" in "int", möglicher Datenverlust
h:\mpa\iplug2\examples\minimax\minimax.cpp(825): warning C4244: "Argument": Konvertierung von "double" in "int", möglicher Datenverlust
h:\mpa\iplug2\mpa code\processmidi.h(123): warning C4244: "Argument": Konvertierung von "double" in "int", möglicher Datenverlust
h:\mpa\iplug2\examples\minimax\minimax.cpp(1043): warning C4244: "=": Konvertierung von "double" in "uint8_t", möglicher Datenverlust
h:\mpa\iplug2\examples\minimax\minimax.cpp(1046): warning C4244: "=": Konvertierung von "double" in "uint8_t", möglicher Datenverlust
h:\mpa\iplug2\examples\minimax\minimax.cpp(1057): warning C4244: "=": Konvertierung von "double" in "uint8_t", möglicher Datenverlust
h:\mpa\iplug2\examples\minimax\minimax.cpp(1062): warning C4244: "=": Konvertierung von "double" in "uint8_t", möglicher Datenverlust
h:\mpa\iplug2\examples\minimax\minimax.cpp(1109): warning C4244: "=": Konvertierung von "double" in "int", möglicher Datenverlust
h:\mpa\iplug2\examples\minimax\minimax.cpp(1178): warning C4244: "=": Konvertierung von "double" in "uint8_t", möglicher Datenverlust
     Bibliothek "H:\MPA\iPlug2\Examples\Minimax\build-win\vst2\Win32\Release\int\Minimax.lib" und Objekt "H:\MPA\iPlug2\Examples\Minimax\build-win\vst2\Win32\Release\int\Minimax.exp" werden erstellt.
  Code wird generiert.
h:\mpa\iplug2\igraphics\igraphicsstructs.h(531): warning C4715: "TextStyleString": Nicht alle Codepfade geben einen Wert zurück.
h:\mpa\iplug2\examples\minimax\minimax.cpp(1278): warning C4700: Die nicht initialisierte lokale Variable "pos" wurde verwendet.
  All 6439 functions were compiled because no usable IPDB/IOBJ from previous compilation was found.
  Codegenerierung ist abgeschlossen.
  Minimax-vst2.vcxproj -> C:\Program Files (x86)\Steinberg\vstplugins\Minimax.dll
  POSTBUILD SCRIPT VARIABLES -----------------------------------------------------
  FORMAT ".dll" 
  NAME "Minimax" 
  PLATFORM "Win32" 
  COPY_VST2 "1" 
  BUILT_BINARY "C:\Program Files (x86)\Steinberg\vstplugins\Minimax.dll" 
  VST2_32_PATH "C:\Program Files (x86)\Common Files\VST2" 
  VST2_64_PATH "C:\Program Files\Common Files\VST2"  
  VST3_32_PATH "C:\Program Files (x86)\Common Files\VST3" 
  VST3_64_PATH "C:\Program Files\Common Files\VST3" 
  BUILD_DIR "H:\MPA\iPlug2\Examples\Minimax\build-win"
  VST_ICON "H:\MPA\iPlug2\Examples\Minimax\..\..\Dependencies\IPlug\VST3_SDK\doc\artwork\VST_Logo_Steinberg.ico" 
  AAX_ICON "H:\MPA\iPlug2\Examples\Minimax\..\..\Dependencies\IPlug\AAX_SDK\Utilities\PlugIn.ico" 
  CREATE_BUNDLE_SCRIPT "H:\MPA\iPlug2\Examples\Minimax\..\..\Scripts\create_bundle.bat"
  END POSTBUILD SCRIPT VARIABLES -----------------------------------------------------
