  writing resource files
  IPlugAPP.cpp
  IPlugAPP_dialog.cpp
  IPlugAPP_host.cpp
  IPlugAPP_main.cpp
  Pro12.cpp
e:\mpa\iplug2\igraphics\igraphicspathbase.h(557): warning C4244: "Argument": Konvertierung von "double" in "float", möglicher Datenverlust (Quelldatei wird kompiliert ..\Pro12.cpp)
e:\mpa\iplug2\iplug\app\iplugapp_dialog.cpp(532): warning C4390: ";": Leere kontrollierte Anweisung aufgetreten; ist dies beabsichtigt?
e:\mpa\iplug2\igraphics\icontrol.h(1050): warning C4244: "Argument": Konvertierung von "double" in "float", möglicher Datenverlust (Quelldatei wird kompiliert ..\Pro12.cpp)
e:\mpa\iplug2\mpa code\global.h(34): warning C4305: "Argument": Verkürzung von "double" in "float" (Quelldatei wird kompiliert ..\Pro12.cpp)
e:\mpa\iplug2\mpa code\global.h(35): warning C4305: "Argument": Verkürzung von "double" in "float" (Quelldatei wird kompiliert ..\Pro12.cpp)
e:\mpa\iplug2\mpa code\global.h(37): warning C4244: "Argument": Konvertierung von "double" in "float", möglicher Datenverlust (Quelldatei wird kompiliert ..\Pro12.cpp)
e:\mpa\iplug2\mpa code\global.h(38): warning C4244: "Argument": Konvertierung von "double" in "float", möglicher Datenverlust (Quelldatei wird kompiliert ..\Pro12.cpp)
e:\mpa\iplug2\mpa code\global.h(39): warning C4244: "Argument": Konvertierung von "double" in "float", möglicher Datenverlust (Quelldatei wird kompiliert ..\Pro12.cpp)
e:\mpa\iplug2\mpa code\global.h(40): warning C4244: "Argument": Konvertierung von "double" in "float", möglicher Datenverlust (Quelldatei wird kompiliert ..\Pro12.cpp)
e:\mpa\iplug2\mpa code\global.h(46): warning C4244: "Argument": Konvertierung von "double" in "float", möglicher Datenverlust (Quelldatei wird kompiliert ..\Pro12.cpp)
e:\mpa\iplug2\mpa code\global.h(47): warning C4244: "Argument": Konvertierung von "double" in "float", möglicher Datenverlust (Quelldatei wird kompiliert ..\Pro12.cpp)
e:\mpa\iplug2\mpa code\global.h(48): warning C4244: "Argument": Konvertierung von "double" in "float", möglicher Datenverlust (Quelldatei wird kompiliert ..\Pro12.cpp)
e:\mpa\iplug2\mpa code\global.h(49): warning C4244: "Argument": Konvertierung von "double" in "float", möglicher Datenverlust (Quelldatei wird kompiliert ..\Pro12.cpp)
e:\mpa\iplug2\mpa code\global.h(219): warning C4244: "=": Konvertierung von "double" in "int", möglicher Datenverlust (Quelldatei wird kompiliert ..\Pro12.cpp)
e:\mpa\iplug2\mpa code\global.h(253): warning C4244: "Argument": Konvertierung von "double" in "float", möglicher Datenverlust (Quelldatei wird kompiliert ..\Pro12.cpp)
e:\mpa\iplug2\mpa code\global.h(254): warning C4244: "Argument": Konvertierung von "double" in "float", möglicher Datenverlust (Quelldatei wird kompiliert ..\Pro12.cpp)
e:\mpa\iplug2\mpa code\global.h(391): warning C4244: "=": Konvertierung von "double" in "int", möglicher Datenverlust (Quelldatei wird kompiliert ..\Pro12.cpp)
e:\mpa\iplug2\mpa code\global.h(489): warning C4244: "Argument": Konvertierung von "double" in "float", möglicher Datenverlust (Quelldatei wird kompiliert ..\Pro12.cpp)
e:\mpa\iplug2\mpa code\global.h(490): warning C4244: "Argument": Konvertierung von "double" in "float", möglicher Datenverlust (Quelldatei wird kompiliert ..\Pro12.cpp)
e:\mpa\iplug2\mpa code\global.h(491): warning C4244: "Argument": Konvertierung von "double" in "float", möglicher Datenverlust (Quelldatei wird kompiliert ..\Pro12.cpp)
e:\mpa\iplug2\mpa code\global.h(492): warning C4244: "Argument": Konvertierung von "double" in "float", möglicher Datenverlust (Quelldatei wird kompiliert ..\Pro12.cpp)
e:\mpa\iplug2\mpa code\global.h(503): warning C4244: "Argument": Konvertierung von "double" in "float", möglicher Datenverlust (Quelldatei wird kompiliert ..\Pro12.cpp)
e:\mpa\iplug2\mpa code\global.h(504): warning C4244: "Argument": Konvertierung von "double" in "float", möglicher Datenverlust (Quelldatei wird kompiliert ..\Pro12.cpp)
e:\mpa\iplug2\mpa code\global.h(505): warning C4244: "Argument": Konvertierung von "double" in "float", möglicher Datenverlust (Quelldatei wird kompiliert ..\Pro12.cpp)
e:\mpa\iplug2\mpa code\global.h(506): warning C4244: "Argument": Konvertierung von "double" in "float", möglicher Datenverlust (Quelldatei wird kompiliert ..\Pro12.cpp)
e:\mpa\iplug2\mpa code\keyboardui.h(4): warning C4305: "Argument": Verkürzung von "double" in "float" (Quelldatei wird kompiliert ..\Pro12.cpp)
e:\mpa\iplug2\mpa code\keyboardui.h(16): warning C4244: "Argument": Konvertierung von "double" in "float", möglicher Datenverlust (Quelldatei wird kompiliert ..\Pro12.cpp)
e:\mpa\iplug2\dinoplugsvsti\pro12\pro12.cpp(394): warning C4244: "Argument": Konvertierung von "int" in "float", möglicher Datenverlust
e:\mpa\iplug2\dinoplugsvsti\pro12\pro12.cpp(395): warning C4244: "Argument": Konvertierung von "int" in "float", möglicher Datenverlust
e:\mpa\iplug2\dinoplugsvsti\pro12\pro12.cpp(396): warning C4244: "Argument": Konvertierung von "int" in "float", möglicher Datenverlust
e:\mpa\iplug2\mpa code\mixerui.h(7): warning C4244: "Initialisierung": Konvertierung von "double" in "int", möglicher Datenverlust (Quelldatei wird kompiliert ..\Pro12.cpp)
e:\mpa\iplug2\mpa code\mixerui.h(9): warning C4244: "Argument": Konvertierung von "int" in "float", möglicher Datenverlust (Quelldatei wird kompiliert ..\Pro12.cpp)
e:\mpa\iplug2\mpa code\mixerui.h(15): warning C4244: "Argument": Konvertierung von "int" in "float", möglicher Datenverlust (Quelldatei wird kompiliert ..\Pro12.cpp)
e:\mpa\iplug2\mpa code\mixerui.h(16): warning C4244: "Argument": Konvertierung von "int" in "float", möglicher Datenverlust (Quelldatei wird kompiliert ..\Pro12.cpp)
e:\mpa\iplug2\mpa code\mixerui.h(17): warning C4244: "Argument": Konvertierung von "int" in "float", möglicher Datenverlust (Quelldatei wird kompiliert ..\Pro12.cpp)
e:\mpa\iplug2\mpa code\mixerui.h(18): warning C4244: "Argument": Konvertierung von "int" in "float", möglicher Datenverlust (Quelldatei wird kompiliert ..\Pro12.cpp)
e:\mpa\iplug2\mpa code\mixerui.h(28): warning C4244: "Argument": Konvertierung von "int" in "float", möglicher Datenverlust (Quelldatei wird kompiliert ..\Pro12.cpp)
e:\mpa\iplug2\mpa code\mixerui.h(35): warning C4244: "Argument": Konvertierung von "int" in "float", möglicher Datenverlust (Quelldatei wird kompiliert ..\Pro12.cpp)
e:\mpa\iplug2\mpa code\mixerui.h(43): warning C4244: "Argument": Konvertierung von "int" in "float", möglicher Datenverlust (Quelldatei wird kompiliert ..\Pro12.cpp)
e:\mpa\iplug2\mpa code\mixerui.h(47): warning C4244: "Argument": Konvertierung von "int" in "float", möglicher Datenverlust (Quelldatei wird kompiliert ..\Pro12.cpp)
e:\mpa\iplug2\mpa code\mixerui.h(51): warning C4244: "Argument": Konvertierung von "int" in "float", möglicher Datenverlust (Quelldatei wird kompiliert ..\Pro12.cpp)
e:\mpa\iplug2\mpa code\mixerui.h(54): warning C4244: "Argument": Konvertierung von "int" in "float", möglicher Datenverlust (Quelldatei wird kompiliert ..\Pro12.cpp)
e:\mpa\iplug2\mpa code\mixerui.h(60): warning C4244: "Argument": Konvertierung von "int" in "float", möglicher Datenverlust (Quelldatei wird kompiliert ..\Pro12.cpp)
e:\mpa\iplug2\mpa code\mixerui.h(64): warning C4244: "Argument": Konvertierung von "int" in "float", möglicher Datenverlust (Quelldatei wird kompiliert ..\Pro12.cpp)
e:\mpa\iplug2\mpa code\mixerui.h(69): warning C4244: "Argument": Konvertierung von "int" in "float", möglicher Datenverlust (Quelldatei wird kompiliert ..\Pro12.cpp)
e:\mpa\iplug2\mpa code\mixerui.h(82): warning C4244: "Argument": Konvertierung von "int" in "float", möglicher Datenverlust (Quelldatei wird kompiliert ..\Pro12.cpp)
e:\mpa\iplug2\mpa code\mixerui.h(84): warning C4244: "Argument": Konvertierung von "int" in "float", möglicher Datenverlust (Quelldatei wird kompiliert ..\Pro12.cpp)
e:\mpa\iplug2\mpa code\mixerui.h(89): warning C4244: "Argument": Konvertierung von "int" in "float", möglicher Datenverlust (Quelldatei wird kompiliert ..\Pro12.cpp)
e:\mpa\iplug2\mpa code\resize.h(8): warning C4244: "=": Konvertierung von "double" in "int", möglicher Datenverlust (Quelldatei wird kompiliert ..\Pro12.cpp)
e:\mpa\iplug2\mpa code\resize.h(9): warning C4244: "=": Konvertierung von "double" in "int", möglicher Datenverlust (Quelldatei wird kompiliert ..\Pro12.cpp)
e:\mpa\iplug2\mpa code\resize.h(10): warning C4244: "=": Konvertierung von "double" in "int", möglicher Datenverlust (Quelldatei wird kompiliert ..\Pro12.cpp)
e:\mpa\iplug2\dinoplugsvsti\pro12\pro12.cpp(771): warning C4244: "Argument": Konvertierung von "double" in "int", möglicher Datenverlust
e:\mpa\iplug2\mpa code\processmidi.h(91): warning C4244: "Argument": Konvertierung von "double" in "int", möglicher Datenverlust (Quelldatei wird kompiliert ..\Pro12.cpp)
e:\mpa\iplug2\dinoplugsvsti\pro12\pro12.cpp(965): warning C4244: "=": Konvertierung von "double" in "uint8_t", möglicher Datenverlust
e:\mpa\iplug2\dinoplugsvsti\pro12\pro12.cpp(968): warning C4244: "=": Konvertierung von "double" in "uint8_t", möglicher Datenverlust
e:\mpa\iplug2\dinoplugsvsti\pro12\pro12.cpp(1017): warning C4244: "=": Konvertierung von "double" in "int", möglicher Datenverlust
e:\mpa\iplug2\dinoplugsvsti\pro12\pro12.cpp(1057): warning C4244: "=": Konvertierung von "double" in "uint8_t", möglicher Datenverlust
  Code wird generiert.
  0 of 7417 functions ( 0.0%) were compiled, the rest were copied from previous compilation.
    0 functions were new in current compilation
    0 functions had inline decision re-evaluated but remain unchanged
  Codegenerierung ist abgeschlossen.
  Pro12-app.vcxproj -> E:\MPA\iPlug2\DinoPlugsVSTi\Pro12\build-win\app\x64\Release\Pro12.exe
  POSTBUILD SCRIPT VARIABLES -----------------------------------------------------
  FORMAT ".exe" 
  NAME "Pro12" 
  PLATFORM "x64" 
  COPY_VST2 "1" 
  BUILT_BINARY "E:\MPA\iPlug2\DinoPlugsVSTi\Pro12\build-win\app\x64\Release\Pro12.exe" 
  VST2_32_PATH "C:\Program Files (x86)\Common Files\VST2" 
  VST2_64_PATH "C:\Program Files\Common Files\VST2"  
  VST3_32_PATH "C:\Program Files (x86)\Common Files\VST3" 
  VST3_64_PATH "C:\Program Files\Common Files\VST3" 
  BUILD_DIR "E:\MPA\iPlug2\DinoPlugsVSTi\Pro12\build-win"
  VST_ICON "E:\MPA\iPlug2\DinoPlugsVSTi\Pro12\..\..\Dependencies\IPlug\VST3_SDK\doc\artwork\VST_Logo_Steinberg.ico" 
  AAX_ICON "E:\MPA\iPlug2\DinoPlugsVSTi\Pro12\..\..\Dependencies\IPlug\AAX_SDK\Utilities\PlugIn.ico" 
  CREATE_BUNDLE_SCRIPT "E:\MPA\iPlug2\DinoPlugsVSTi\Pro12\..\..\Scripts\create_bundle.bat"
  END POSTBUILD SCRIPT VARIABLES -----------------------------------------------------
