h:\mpa\iplug2\examples\prodyssey\build-win\app\x64\release\int\iasiothiscallresolver.obj
h:\mpa\iplug2\examples\prodyssey\build-win\app\x64\release\int\rtaudio.obj
h:\mpa\iplug2\examples\prodyssey\build-win\app\x64\release\int\itextentrycontrol.obj
h:\mpa\iplug2\examples\prodyssey\build-win\app\x64\release\int\igraphicswin.obj
h:\mpa\iplug2\examples\prodyssey\build-win\app\x64\release\int\midisynth.obj
h:\mpa\iplug2\examples\prodyssey\build-win\app\x64\release\int\iplugpaths.obj
h:\mpa\iplug2\examples\prodyssey\build-win\app\x64\release\int\asiolist.obj
h:\mpa\iplug2\examples\prodyssey\build-win\app\x64\release\int\ipopupmenucontrol.obj
h:\mpa\iplug2\examples\prodyssey\build-win\app\x64\release\int\igraphics.obj
h:\mpa\iplug2\examples\prodyssey\build-win\app\x64\release\int\iplugapp_host.obj
h:\mpa\iplug2\examples\prodyssey\build-win\app\x64\release\int\iplugapibase.obj
h:\mpa\iplug2\examples\prodyssey\build-win\app\x64\release\int\iplugtimer.obj
h:\mpa\iplug2\examples\prodyssey\build-win\app\x64\release\int\asio.obj
h:\mpa\iplug2\examples\prodyssey\build-win\app\x64\release\int\icontrols.obj
h:\mpa\iplug2\examples\prodyssey\build-win\app\x64\release\int\igraphicseditordelegate.obj
h:\mpa\iplug2\examples\prodyssey\build-win\app\x64\release\int\iplugapp_dialog.obj
h:\mpa\iplug2\examples\prodyssey\build-win\app\x64\release\int\voiceallocator.obj
h:\mpa\iplug2\examples\prodyssey\build-win\app\x64\release\int\iplugpluginbase.obj
h:\mpa\iplug2\examples\prodyssey\build-win\app\x64\release\int\asiodrivers.obj
h:\mpa\iplug2\examples\prodyssey\build-win\app\x64\release\int\rtmidi.obj
h:\mpa\iplug2\examples\prodyssey\build-win\app\x64\release\int\icontrol.obj
h:\mpa\iplug2\examples\prodyssey\build-win\app\x64\release\int\iplugapp.obj
h:\mpa\iplug2\examples\prodyssey\build-win\app\x64\release\int\iplugapp_main.obj
h:\mpa\iplug2\examples\prodyssey\build-win\app\x64\release\int\iplugparameter.obj
h:\mpa\iplug2\examples\prodyssey\build-win\app\x64\release\int\prodyssey.obj
h:\mpa\iplug2\examples\prodyssey\build-win\app\x64\release\int\vc141.pdb
h:\mpa\iplug2\examples\prodyssey\build-win\app\x64\release\int\main.res
h:\mpa\iplug2\examples\prodyssey\build-win\app\x64\release\int\prodyssey.lib
h:\mpa\iplug2\examples\prodyssey\build-win\app\x64\release\int\prodyssey.exp
h:\mpa\iplug2\examples\prodyssey\build-win\app\x64\release\prodyssey.ipdb
h:\mpa\iplug2\examples\prodyssey\build-win\app\x64\release\prodyssey.iobj
h:\mpa\iplug2\examples\prodyssey\build-win\app\x64\release\prodyssey.exe
h:\mpa\iplug2\examples\prodyssey\build-win\pdbs\prodyssey-app_x64.pdb
h:\mpa\iplug2\examples\prodyssey\projects\..\build-win\app\x64\release\prodyssey.exe
h:\mpa\iplug2\examples\prodyssey\build-win\app\x64\release\int\prodyssey-app.tlog\rc.read.1.tlog
h:\mpa\iplug2\examples\prodyssey\build-win\app\x64\release\int\prodyssey-app.tlog\cl.7344.write.1.tlog
h:\mpa\iplug2\examples\prodyssey\build-win\app\x64\release\int\prodyssey-app.tlog\rc.write.1.tlog
h:\mpa\iplug2\examples\prodyssey\build-win\app\x64\release\int\prodyssey-app.tlog\rc.command.1.tlog
h:\mpa\iplug2\examples\prodyssey\build-win\app\x64\release\int\prodyssey-app.tlog\link.command.1.tlog
h:\mpa\iplug2\examples\prodyssey\build-win\app\x64\release\int\prodyssey-app.tlog\prodyssey-app.write.1u.tlog
h:\mpa\iplug2\examples\prodyssey\build-win\app\x64\release\int\prodyssey-app.tlog\cl.read.1.tlog
h:\mpa\iplug2\examples\prodyssey\build-win\app\x64\release\int\prodyssey-app.tlog\cl.command.1.tlog
h:\mpa\iplug2\examples\prodyssey\build-win\app\x64\release\int\prodyssey-app.tlog\link.read.7.tlog
h:\mpa\iplug2\examples\prodyssey\build-win\app\x64\release\int\prodyssey-app.tlog\link.write.1.tlog
