  Prodyssey.cpp
h:\makeproaudio\iplug2\igraphics\igraphicspathbase.h(557): warning C4244: "Argument": Konvertierung von "double" in "float", möglicher Datenverlust
h:\makeproaudio\iplug2\igraphics\icontrol.h(1050): warning C4244: "Argument": Konvertierung von "double" in "float", möglicher Datenverlust
h:\makeproaudio\iplug2\mpa code\global.h(48): warning C4244: "Argument": Konvertierung von "double" in "float", möglicher Datenverlust
h:\makeproaudio\iplug2\mpa code\global.h(49): warning C4244: "Argument": Konvertierung von "double" in "float", möglicher Datenverlust
h:\makeproaudio\iplug2\mpa code\global.h(50): warning C4244: "Argument": Konvertierung von "double" in "float", möglicher Datenverlust
h:\makeproaudio\iplug2\mpa code\global.h(51): warning C4244: "Argument": Konvertierung von "double" in "float", möglicher Datenverlust
h:\makeproaudio\iplug2\mpa code\global.h(62): warning C4244: "Argument": Konvertierung von "double" in "float", möglicher Datenverlust
h:\makeproaudio\iplug2\mpa code\global.h(63): warning C4244: "Argument": Konvertierung von "double" in "float", möglicher Datenverlust
h:\makeproaudio\iplug2\mpa code\global.h(64): warning C4244: "Argument": Konvertierung von "double" in "float", möglicher Datenverlust
h:\makeproaudio\iplug2\mpa code\global.h(65): warning C4244: "Argument": Konvertierung von "double" in "float", möglicher Datenverlust
h:\makeproaudio\iplug2\examples\prodyssey\prodyssey.h(321): warning C4244: "Initialisierung": Konvertierung von "double" in "int", möglicher Datenverlust
h:\makeproaudio\iplug2\examples\prodyssey\prodyssey.h(322): warning C4244: "=": Konvertierung von "double" in "int", möglicher Datenverlust
h:\makeproaudio\iplug2\examples\prodyssey\prodyssey.h(323): warning C4244: "=": Konvertierung von "double" in "int", möglicher Datenverlust
h:\makeproaudio\iplug2\examples\prodyssey\prodyssey.h(327): warning C4244: "Initialisierung": Konvertierung von "double" in "int", möglicher Datenverlust
h:\makeproaudio\iplug2\examples\prodyssey\prodyssey.h(357): warning C4244: "Initialisierung": Konvertierung von "double" in "int", möglicher Datenverlust
h:\makeproaudio\iplug2\examples\prodyssey\prodyssey.h(358): warning C4244: "=": Konvertierung von "double" in "int", möglicher Datenverlust
h:\makeproaudio\iplug2\examples\prodyssey\prodyssey.h(359): warning C4244: "=": Konvertierung von "double" in "int", möglicher Datenverlust
h:\makeproaudio\iplug2\examples\prodyssey\prodyssey.h(371): warning C4244: "Initialisierung": Konvertierung von "double" in "int", möglicher Datenverlust
h:\makeproaudio\iplug2\examples\prodyssey\prodyssey.cpp(592): warning C4244: "Initialisierung": Konvertierung von "double" in "int", möglicher Datenverlust
h:\makeproaudio\iplug2\examples\prodyssey\prodyssey.cpp(876): warning C4244: "=": Konvertierung von "double" in "uint8_t", möglicher Datenverlust
h:\makeproaudio\iplug2\examples\prodyssey\prodyssey.cpp(879): warning C4244: "=": Konvertierung von "double" in "uint8_t", möglicher Datenverlust
h:\makeproaudio\iplug2\examples\prodyssey\prodyssey.cpp(884): warning C4244: "=": Konvertierung von "double" in "uint8_t", möglicher Datenverlust
h:\makeproaudio\iplug2\examples\prodyssey\prodyssey.cpp(902): warning C4244: "=": Konvertierung von "double" in "int", möglicher Datenverlust
h:\makeproaudio\iplug2\examples\prodyssey\prodyssey.cpp(911): warning C4244: "=": Konvertierung von "double" in "uint8_t", möglicher Datenverlust
h:\makeproaudio\iplug2\examples\prodyssey\prodyssey.cpp(920): warning C4244: "=": Konvertierung von "double" in "uint8_t", möglicher Datenverlust
  Code wird generiert.
  242 of 5560 functions ( 4.4%) were compiled, the rest were copied from previous compilation.
    241 functions were new in current compilation
    1 functions had inline decision re-evaluated but remain unchanged
  Codegenerierung ist abgeschlossen.
  Prodyssey-app.vcxproj -> H:\MakeProAudio\iPlug2\Examples\Prodyssey\build-win\app\x64\Release\Prodyssey.exe
  POSTBUILD SCRIPT VARIABLES -----------------------------------------------------
  FORMAT ".exe" 
  NAME "Prodyssey" 
  PLATFORM "x64" 
  COPY_VST2 "1" 
  BUILT_BINARY "H:\MakeProAudio\iPlug2\Examples\Prodyssey\build-win\app\x64\Release\Prodyssey.exe" 
  VST2_32_PATH "C:\Program Files (x86)\Common Files\VST2" 
  VST2_64_PATH "C:\Program Files\Common Files\VST2"  
  VST3_32_PATH "C:\Program Files (x86)\Common Files\VST3" 
  VST3_64_PATH "C:\Program Files\Common Files\VST3" 
  BUILD_DIR "H:\MakeProAudio\iPlug2\Examples\Prodyssey\build-win"
  VST_ICON "H:\MakeProAudio\iPlug2\Examples\Prodyssey\..\..\Dependencies\IPlug\VST3_SDK\doc\artwork\VST_Logo_Steinberg.ico" 
  AAX_ICON "H:\MakeProAudio\iPlug2\Examples\Prodyssey\..\..\Dependencies\IPlug\AAX_SDK\Utilities\PlugIn.ico" 
  CREATE_BUNDLE_SCRIPT "H:\MakeProAudio\iPlug2\Examples\Prodyssey\..\..\Scripts\create_bundle.bat"
  END POSTBUILD SCRIPT VARIABLES -----------------------------------------------------
