c:\program files\steinberg\vstplugins\prodyssey.dll
e:\mpa\iplug2\examples\prodyssey\build-win\pdbs\prodyssey-vst2_x64.pdb
e:\mpa\iplug2\examples\prodyssey\build-win\vst2\x64\release\int\main.res
e:\mpa\iplug2\examples\prodyssey\build-win\vst2\x64\release\int\prodyssey.lib
e:\mpa\iplug2\examples\prodyssey\build-win\vst2\x64\release\int\prodyssey.exp
c:\program files\steinberg\vstplugins\prodyssey.ipdb
c:\program files\steinberg\vstplugins\prodyssey.iobj
e:\mpa\iplug2\examples\prodyssey\build-win\vst2\x64\release\int\itextentrycontrol.obj
e:\mpa\iplug2\examples\prodyssey\build-win\vst2\x64\release\int\iplugtimer.obj
e:\mpa\iplug2\examples\prodyssey\build-win\vst2\x64\release\int\icontrols.obj
e:\mpa\iplug2\examples\prodyssey\build-win\vst2\x64\release\int\iplugpaths.obj
e:\mpa\iplug2\examples\prodyssey\build-win\vst2\x64\release\int\ipopupmenucontrol.obj
e:\mpa\iplug2\examples\prodyssey\build-win\vst2\x64\release\int\voiceallocator.obj
e:\mpa\iplug2\examples\prodyssey\build-win\vst2\x64\release\int\igraphics.obj
e:\mpa\iplug2\examples\prodyssey\build-win\vst2\x64\release\int\iplugapibase.obj
e:\mpa\iplug2\examples\prodyssey\build-win\vst2\x64\release\int\midisynth.obj
e:\mpa\iplug2\examples\prodyssey\build-win\vst2\x64\release\int\iplugpluginbase.obj
e:\mpa\iplug2\examples\prodyssey\build-win\vst2\x64\release\int\icontrol.obj
e:\mpa\iplug2\examples\prodyssey\build-win\vst2\x64\release\int\iplugparameter.obj
e:\mpa\iplug2\examples\prodyssey\build-win\vst2\x64\release\int\igraphicseditordelegate.obj
e:\mpa\iplug2\examples\prodyssey\build-win\vst2\x64\release\int\iplugvst2.obj
e:\mpa\iplug2\examples\prodyssey\build-win\vst2\x64\release\int\igraphicswin.obj
e:\mpa\iplug2\examples\prodyssey\build-win\vst2\x64\release\int\prodyssey.obj
e:\mpa\iplug2\examples\prodyssey\build-win\vst2\x64\release\int\vc141.pdb
c:\program files\steinberg\vstplugins\prodyssey.ilk
e:\mpa\iplug2\examples\prodyssey\build-win\vst2\x64\release\int\prodyssey-vst2.tlog\cl.command.1.tlog
e:\mpa\iplug2\examples\prodyssey\build-win\vst2\x64\release\int\prodyssey-vst2.tlog\link.command.1.tlog
e:\mpa\iplug2\examples\prodyssey\build-win\vst2\x64\release\int\prodyssey-vst2.tlog\rc.command.1.tlog
e:\mpa\iplug2\examples\prodyssey\build-win\vst2\x64\release\int\prodyssey-vst2.tlog\link.delete.1.tlog
e:\mpa\iplug2\examples\prodyssey\build-win\vst2\x64\release\int\prodyssey-vst2.tlog\link.write.1.tlog
e:\mpa\iplug2\examples\prodyssey\build-win\vst2\x64\release\int\prodyssey-vst2.tlog\link.read.1.tlog
e:\mpa\iplug2\examples\prodyssey\build-win\vst2\x64\release\int\prodyssey-vst2.tlog\cl.read.1.tlog
e:\mpa\iplug2\examples\prodyssey\build-win\vst2\x64\release\int\prodyssey-vst2.tlog\rc.read.1.tlog
e:\mpa\iplug2\examples\prodyssey\build-win\vst2\x64\release\int\prodyssey-vst2.tlog\rc.write.1.tlog
e:\mpa\iplug2\examples\prodyssey\build-win\vst2\x64\release\int\prodyssey-vst2.tlog\prodyssey-vst2.write.1u.tlog
e:\mpa\iplug2\examples\prodyssey\build-win\vst2\x64\release\int\prodyssey-vst2.tlog\cl.write.1.tlog
