h:\mpa\iplug2\examples\prodyssey\build-win\vst2\win32\release\int\main.res
h:\mpa\iplug2\examples\prodyssey\build-win\vst2\win32\release\int\itextentrycontrol.obj
h:\mpa\iplug2\examples\prodyssey\build-win\vst2\win32\release\int\midisynth.obj
h:\mpa\iplug2\examples\prodyssey\build-win\vst2\win32\release\int\voiceallocator.obj
h:\mpa\iplug2\examples\prodyssey\build-win\vst2\win32\release\int\iplugtimer.obj
h:\mpa\iplug2\examples\prodyssey\build-win\vst2\win32\release\int\icontrols.obj
h:\mpa\iplug2\examples\prodyssey\build-win\vst2\win32\release\int\igraphicseditordelegate.obj
h:\mpa\iplug2\examples\prodyssey\build-win\vst2\win32\release\int\iplugapibase.obj
h:\mpa\iplug2\examples\prodyssey\build-win\vst2\win32\release\int\iplugpluginbase.obj
h:\mpa\iplug2\examples\prodyssey\build-win\vst2\win32\release\int\ipopupmenucontrol.obj
h:\mpa\iplug2\examples\prodyssey\build-win\vst2\win32\release\int\igraphics.obj
h:\mpa\iplug2\examples\prodyssey\build-win\vst2\win32\release\int\iplugparameter.obj
h:\mpa\iplug2\examples\prodyssey\build-win\vst2\win32\release\int\iplugvst2.obj
h:\mpa\iplug2\examples\prodyssey\build-win\vst2\win32\release\int\icontrol.obj
h:\mpa\iplug2\examples\prodyssey\build-win\vst2\win32\release\int\igraphicswin.obj
h:\mpa\iplug2\examples\prodyssey\build-win\vst2\win32\release\int\iplugpaths.obj
h:\mpa\iplug2\examples\prodyssey\build-win\vst2\win32\release\int\prodyssey.obj
h:\mpa\iplug2\examples\prodyssey\build-win\vst2\win32\release\int\vc141.pdb
c:\program files (x86)\steinberg\vstplugins\prodyssey.dll
h:\mpa\iplug2\examples\prodyssey\build-win\pdbs\prodyssey-vst2_win32.pdb
h:\mpa\iplug2\examples\prodyssey\build-win\vst2\win32\release\int\prodyssey.lib
h:\mpa\iplug2\examples\prodyssey\build-win\vst2\win32\release\int\prodyssey.exp
c:\program files (x86)\steinberg\vstplugins\prodyssey.ipdb
c:\program files (x86)\steinberg\vstplugins\prodyssey.iobj
h:\mpa\iplug2\examples\prodyssey\build-win\vst2\win32\release\int\prodyssey-vst2.tlog\cl.command.1.tlog
h:\mpa\iplug2\examples\prodyssey\build-win\vst2\win32\release\int\prodyssey-vst2.tlog\rc.command.1.tlog
h:\mpa\iplug2\examples\prodyssey\build-win\vst2\win32\release\int\prodyssey-vst2.tlog\link.command.1.tlog
h:\mpa\iplug2\examples\prodyssey\build-win\vst2\win32\release\int\prodyssey-vst2.tlog\link.delete.1.tlog
h:\mpa\iplug2\examples\prodyssey\build-win\vst2\win32\release\int\prodyssey-vst2.tlog\cl.read.1.tlog
h:\mpa\iplug2\examples\prodyssey\build-win\vst2\win32\release\int\prodyssey-vst2.tlog\rc.read.1.tlog
h:\mpa\iplug2\examples\prodyssey\build-win\vst2\win32\release\int\prodyssey-vst2.tlog\link.read.7.tlog
h:\mpa\iplug2\examples\prodyssey\build-win\vst2\win32\release\int\prodyssey-vst2.tlog\rc.write.1.tlog
h:\mpa\iplug2\examples\prodyssey\build-win\vst2\win32\release\int\prodyssey-vst2.tlog\cl.write.1.tlog
h:\mpa\iplug2\examples\prodyssey\build-win\vst2\win32\release\int\prodyssey-vst2.tlog\link.write.1.tlog
h:\mpa\iplug2\examples\prodyssey\build-win\vst2\win32\release\int\prodyssey-vst2.tlog\prodyssey-vst2.write.1u.tlog
