  asio.cpp
  asiodrivers.cpp
  asiolist.cpp
  iasiothiscallresolver.cpp
  RtAudio.cpp
  RtMidi.cpp
  IControls.cpp
e:\mpa\iplug2\igraphics\icontrol.h(1050): warning C4244: "Argument": Konvertierung von "double" in "float", möglicher Datenverlust
e:\mpa\iplug2\igraphics\controls\icontrols.cpp(724): warning C4244: "Initialisierung": Konvertierung von "double" in "float", möglicher Datenverlust
e:\mpa\iplug2\igraphics\controls\icontrols.cpp(725): warning C4244: "Initialisierung": Konvertierung von "double" in "float", möglicher Datenverlust
e:\mpa\iplug2\igraphics\controls\icontrols.cpp(729): warning C4244: "Argument": Konvertierung von "double" in "float", möglicher Datenverlust
  IPopupMenuControl.cpp
e:\mpa\iplug2\igraphics\icontrol.h(1050): warning C4244: "Argument": Konvertierung von "double" in "float", möglicher Datenverlust
  ITextEntryControl.cpp
e:\mpa\iplug2\igraphics\icontrol.h(1050): warning C4244: "Argument": Konvertierung von "double" in "float", möglicher Datenverlust
e:\mpa\iplug2\igraphics\controls\itextentrycontrol.cpp(107): warning C4305: "Argument": Verkürzung von "double" in "float"
  IControl.cpp
e:\mpa\iplug2\igraphics\icontrol.h(1050): warning C4244: "Argument": Konvertierung von "double" in "float", möglicher Datenverlust
  IGraphics.cpp
e:\mpa\iplug2\dependencies\igraphics\nanosvg\src\nanosvg.h(1098): warning C4244: "=": Konvertierung von "double" in "__int64", möglicher Datenverlust
e:\mpa\iplug2\igraphics\icontrol.h(1050): warning C4244: "Argument": Konvertierung von "double" in "float", möglicher Datenverlust
e:\mpa\iplug2\igraphics\igraphics.cpp(1395): warning C4244: "=": Konvertierung von "double" in "float", möglicher Datenverlust
e:\mpa\iplug2\igraphics\igraphics.cpp(1705): warning C4244: "Argument": Konvertierung von "double" in "float", möglicher Datenverlust
e:\mpa\iplug2\igraphics\igraphics.cpp(1729): warning C4244: "Argument": Konvertierung von "const _Ty" in "float", möglicher Datenverlust
          with
          [
              _Ty=double
          ]
e:\mpa\iplug2\igraphics\igraphics.cpp(1730): warning C4244: "Argument": Konvertierung von "const _Ty" in "float", möglicher Datenverlust
          with
          [
              _Ty=double
          ]
  IGraphicsEditorDelegate.cpp
e:\mpa\iplug2\igraphics\icontrol.h(1050): warning C4244: "Argument": Konvertierung von "double" in "float", möglicher Datenverlust
  IGraphicsWin.cpp
e:\mpa\iplug2\igraphics\igraphicspathbase.h(557): warning C4244: "Argument": Konvertierung von "double" in "float", möglicher Datenverlust
e:\mpa\iplug2\igraphics\icontrol.h(1050): warning C4244: "Argument": Konvertierung von "double" in "float", möglicher Datenverlust
e:\mpa\iplug2\igraphics\platforms\igraphicswin.cpp(197): warning C4101: "v": Unreferenzierte lokale Variable
e:\mpa\iplug2\igraphics\platforms\igraphicswin.cpp(1510): warning C4302: "Typumwandlung": Verkürzung von "HINSTANCE" in "int"
  IPlugAPP.cpp
  IPlugAPP_dialog.cpp
  IPlugAPP_host.cpp
  IPlugAPP_main.cpp
  IPlugAPIBase.cpp
  IPlugParameter.cpp
  IPlugPaths.cpp
  Code wird generiert...
e:\mpa\iplug2\igraphics\igraphicsstructs.h(531): warning C4715: "TextStyleString": Nicht alle Codepfade geben einen Wert zurück.
  Kompilieren...
  IPlugPluginBase.cpp
  IPlugTimer.cpp
  IPlugControls.cpp
e:\mpa\iplug2\igraphics\igraphicspathbase.h(557): warning C4244: "Argument": Konvertierung von "double" in "float", möglicher Datenverlust
e:\mpa\iplug2\igraphics\icontrol.h(1050): warning C4244: "Argument": Konvertierung von "double" in "float", möglicher Datenverlust
e:\mpa\iplug2\examples\iplugcontrols\iplugcontrols.cpp(304): warning C4244: "Argument": Konvertierung von "double" in "float", möglicher Datenverlust
e:\mpa\iplug2\examples\iplugcontrols\iplugcontrols.cpp(310): warning C4244: "Argument": Konvertierung von "double" in "float", möglicher Datenverlust
e:\mpa\iplug2\examples\iplugcontrols\iplugcontrols.cpp(316): warning C4244: "Argument": Konvertierung von "double" in "float", möglicher Datenverlust
e:\mpa\iplug2\igraphics\controls\ivmultislidercontrol.h(80): warning C4244: "=": Konvertierung von "double" in "float", möglicher Datenverlust
  e:\mpa\iplug2\igraphics\controls\ivmultislidercontrol.h(71): note: Bei der Kompilierung von Klasse Vorlage der void IVMultiSliderControl<4>::SnapToMouse(float,float,EDirection,IRECT &,int,float)-Memberfunktion
  e:\mpa\iplug2\igraphics\controls\ivmultislidercontrol.h(172): note: Siehe Verweis auf die Instanziierung der gerade kompilierten Funktions-Vorlage "void IVMultiSliderControl<4>::SnapToMouse(float,float,EDirection,IRECT &,int,float)".
  e:\mpa\iplug2\examples\iplugcontrols\iplugcontrols.cpp(261): note: Siehe Verweis auf die Klasse Vorlage-Instanziierung "IVMultiSliderControl<4>", die kompiliert wird.
e:\mpa\iplug2\igraphics\controls\ivmultislidercontrol.h(110): warning C4244: "Argument": Konvertierung von "double" in "float", möglicher Datenverlust
e:\mpa\iplug2\igraphics\controls\ivmultislidercontrol.h(135): warning C4244: "Argument": Konvertierung von "double" in "float", möglicher Datenverlust
  Code wird generiert...
  IPlugControls-app.vcxproj -> E:\MPA\iPlug2\Examples\IPlugControls\build-win\app\x64\Debug\IPlugControls.exe
  POSTBUILD SCRIPT VARIABLES -----------------------------------------------------
  FORMAT ".exe" 
  NAME "IPlugControls" 
  PLATFORM "x64" 
  COPY_VST2 "1" 
  BUILT_BINARY "E:\MPA\iPlug2\Examples\IPlugControls\build-win\app\x64\Debug\IPlugControls.exe" 
  VST2_32_PATH "C:\Program Files (x86)\Common Files\VST2" 
  VST2_64_PATH "C:\Program Files\Common Files\VST2"  
  VST3_32_PATH "C:\Program Files (x86)\Common Files\VST3" 
  VST3_64_PATH "C:\Program Files\Common Files\VST3" 
  BUILD_DIR "E:\MPA\iPlug2\Examples\IPlugControls\build-win"
  VST_ICON "E:\MPA\iPlug2\Examples\IPlugControls\..\..\Dependencies\IPlug\VST3_SDK\doc\artwork\VST_Logo_Steinberg.ico" 
  AAX_ICON "E:\MPA\iPlug2\Examples\IPlugControls\..\..\Dependencies\IPlug\AAX_SDK\Utilities\PlugIn.ico" 
  CREATE_BUNDLE_SCRIPT "E:\MPA\iPlug2\Examples\IPlugControls\..\..\Scripts\create_bundle.bat"
  END POSTBUILD SCRIPT VARIABLES -----------------------------------------------------
          1 Datei(en) kopiert.
