h:\mpa\iplug2\examples\b4000\build-win\app\x64\debug\int\vc141.pdb
h:\mpa\iplug2\examples\b4000\build-win\app\x64\debug\int\vc141.idb
h:\mpa\iplug2\examples\b4000\build-win\app\x64\debug\int\rtaudio.obj
h:\mpa\iplug2\examples\b4000\build-win\app\x64\debug\int\b4000.obj
h:\mpa\iplug2\examples\b4000\build-win\app\x64\debug\int\iplugapp_main.obj
h:\mpa\iplug2\examples\b4000\build-win\app\x64\debug\int\iplugapp_host.obj
h:\mpa\iplug2\examples\b4000\build-win\app\x64\debug\int\iplugapp_dialog.obj
h:\mpa\iplug2\examples\b4000\build-win\app\x64\debug\int\iplugapp.obj
h:\mpa\iplug2\examples\b4000\build-win\app\x64\debug\int\igraphicseditordelegate.obj
h:\mpa\iplug2\examples\b4000\build-win\app\x64\debug\int\iplugapibase.obj
h:\mpa\iplug2\examples\b4000\build-win\app\x64\debug\int\voiceallocator.obj
h:\mpa\iplug2\examples\b4000\build-win\app\x64\debug\int\midisynth.obj
h:\mpa\iplug2\examples\b4000\build-win\app\x64\debug\int\igraphicswin.obj
h:\mpa\iplug2\examples\b4000\build-win\app\x64\debug\int\igraphics.obj
h:\mpa\iplug2\examples\b4000\build-win\app\x64\debug\int\icontrol.obj
h:\mpa\iplug2\examples\b4000\build-win\app\x64\debug\int\itextentrycontrol.obj
h:\mpa\iplug2\examples\b4000\build-win\app\x64\debug\int\ipopupmenucontrol.obj
h:\mpa\iplug2\examples\b4000\build-win\app\x64\debug\int\icontrols.obj
h:\mpa\iplug2\examples\b4000\build-win\app\x64\debug\int\rtmidi.obj
h:\mpa\iplug2\examples\b4000\build-win\app\x64\debug\int\iasiothiscallresolver.obj
h:\mpa\iplug2\examples\b4000\build-win\app\x64\debug\int\asiolist.obj
h:\mpa\iplug2\examples\b4000\build-win\app\x64\debug\int\asiodrivers.obj
h:\mpa\iplug2\examples\b4000\build-win\app\x64\debug\int\iplugtimer.obj
h:\mpa\iplug2\examples\b4000\build-win\app\x64\debug\int\iplugpluginbase.obj
h:\mpa\iplug2\examples\b4000\build-win\app\x64\debug\int\iplugpaths.obj
h:\mpa\iplug2\examples\b4000\build-win\app\x64\debug\int\iplugparameter.obj
h:\mpa\iplug2\examples\b4000\build-win\app\x64\debug\int\asio.obj
h:\mpa\iplug2\examples\b4000\build-win\app\x64\debug\int\main.res
h:\mpa\iplug2\examples\b4000\build-win\app\x64\debug\b4000.exe
h:\mpa\iplug2\examples\b4000\build-win\app\x64\debug\b4000.ilk
h:\mpa\iplug2\examples\b4000\build-win\pdbs\b4000-app_x64.pdb
h:\mpa\iplug2\examples\b4000\build-win\app\x64\debug\int\b4000.lib
h:\mpa\iplug2\examples\b4000\build-win\app\x64\debug\int\b4000.exp
h:\mpa\iplug2\examples\b4000\build-win\app\x64\debug\int\b4000.new.obj.enc
h:\mpa\iplug2\examples\b4000\build-win\app\x64\debug\int\b4000-app.tlog\cl.command.1.tlog
h:\mpa\iplug2\examples\b4000\build-win\app\x64\debug\int\b4000-app.tlog\rc.command.1.tlog
h:\mpa\iplug2\examples\b4000\build-win\app\x64\debug\int\b4000-app.tlog\link.command.1.tlog
h:\mpa\iplug2\examples\b4000\build-win\app\x64\debug\int\b4000-app.tlog\link.delete.1.tlog
h:\mpa\iplug2\examples\b4000\build-win\app\x64\debug\int\b4000-app.tlog\cl.read.1.tlog
h:\mpa\iplug2\examples\b4000\build-win\app\x64\debug\int\b4000-app.tlog\rc.read.1.tlog
h:\mpa\iplug2\examples\b4000\build-win\app\x64\debug\int\b4000-app.tlog\link.read.1.tlog
h:\mpa\iplug2\examples\b4000\build-win\app\x64\debug\int\b4000-app.tlog\cl.write.1.tlog
h:\mpa\iplug2\examples\b4000\build-win\app\x64\debug\int\b4000-app.tlog\rc.write.1.tlog
h:\mpa\iplug2\examples\b4000\build-win\app\x64\debug\int\b4000-app.tlog\link.write.1.tlog
h:\mpa\iplug2\examples\b4000\build-win\app\x64\debug\int\b4000-app.tlog\link.3880.delete.1.tlog
h:\mpa\iplug2\examples\b4000\build-win\app\x64\debug\int\b4000-app.tlog\link.7584.delete.1.tlog
h:\mpa\iplug2\examples\b4000\build-win\app\x64\debug\int\b4000-app.tlog\link.9136.delete.1.tlog
h:\mpa\iplug2\examples\b4000\build-win\app\x64\debug\int\b4000-app.tlog\b4000-app.write.1u.tlog
