c:\users\natanael\desktop\makeproaudio\iplug2\examples\prodyssey\build-win\vst3\x64\debug\int\vc141.pdb
c:\users\natanael\desktop\makeproaudio\iplug2\examples\prodyssey\build-win\vst3\x64\debug\int\vc141.idb
c:\users\natanael\desktop\makeproaudio\iplug2\examples\prodyssey\build-win\vst3\x64\debug\int\pluginfactory.obj
c:\users\natanael\desktop\makeproaudio\iplug2\examples\prodyssey\build-win\vst3\x64\debug\int\dllmain.obj
c:\users\natanael\desktop\makeproaudio\iplug2\examples\prodyssey\build-win\vst3\x64\debug\int\commoniids.obj
c:\users\natanael\desktop\makeproaudio\iplug2\examples\prodyssey\build-win\vst3\x64\debug\int\pluginview.obj
c:\users\natanael\desktop\makeproaudio\iplug2\examples\prodyssey\build-win\vst3\x64\debug\int\memorystream.obj
c:\users\natanael\desktop\makeproaudio\iplug2\examples\prodyssey\build-win\vst3\x64\debug\int\ustring.obj
c:\users\natanael\desktop\makeproaudio\iplug2\examples\prodyssey\build-win\vst3\x64\debug\int\funknown.obj
c:\users\natanael\desktop\makeproaudio\iplug2\examples\prodyssey\build-win\vst3\x64\debug\int\coreiids.obj
c:\users\natanael\desktop\makeproaudio\iplug2\examples\prodyssey\build-win\vst3\x64\debug\int\conststringtable.obj
c:\users\natanael\desktop\makeproaudio\iplug2\examples\prodyssey\build-win\vst3\x64\debug\int\flock.obj
c:\users\natanael\desktop\makeproaudio\iplug2\examples\prodyssey\build-win\vst3\x64\debug\int\fcondition.obj
c:\users\natanael\desktop\makeproaudio\iplug2\examples\prodyssey\build-win\vst3\x64\debug\int\updatehandler.obj
c:\users\natanael\desktop\makeproaudio\iplug2\examples\prodyssey\build-win\vst3\x64\debug\int\timer.obj
c:\users\natanael\desktop\makeproaudio\iplug2\examples\prodyssey\build-win\vst3\x64\debug\int\fstring.obj
c:\users\natanael\desktop\makeproaudio\iplug2\examples\prodyssey\build-win\vst3\x64\debug\int\fstreamer.obj
c:\users\natanael\desktop\makeproaudio\iplug2\examples\prodyssey\build-win\vst3\x64\debug\int\fobject.obj
c:\users\natanael\desktop\makeproaudio\iplug2\examples\prodyssey\build-win\vst3\x64\debug\int\fdynlib.obj
c:\users\natanael\desktop\makeproaudio\iplug2\examples\prodyssey\build-win\vst3\x64\debug\int\fdebug.obj
c:\users\natanael\desktop\makeproaudio\iplug2\examples\prodyssey\build-win\vst3\x64\debug\int\fbuffer.obj
c:\users\natanael\desktop\makeproaudio\iplug2\examples\prodyssey\build-win\vst3\x64\debug\int\baseiids.obj
c:\users\natanael\desktop\makeproaudio\iplug2\examples\prodyssey\build-win\vst3\x64\debug\int\iplugpluginbase.obj
c:\users\natanael\desktop\makeproaudio\iplug2\examples\prodyssey\build-win\vst3\x64\debug\int\iplugpaths.obj
c:\users\natanael\desktop\makeproaudio\iplug2\examples\prodyssey\build-win\vst3\x64\debug\int\iplugparameter.obj
c:\users\natanael\desktop\makeproaudio\iplug2\examples\prodyssey\build-win\vst3\x64\debug\int\igraphicseditordelegate.obj
c:\users\natanael\desktop\makeproaudio\iplug2\examples\prodyssey\build-win\vst3\x64\debug\int\iplugapibase.obj
c:\users\natanael\desktop\makeproaudio\iplug2\examples\prodyssey\build-win\vst3\x64\debug\int\voiceallocator.obj
c:\users\natanael\desktop\makeproaudio\iplug2\examples\prodyssey\build-win\vst3\x64\debug\int\midisynth.obj
c:\users\natanael\desktop\makeproaudio\iplug2\examples\prodyssey\build-win\vst3\x64\debug\int\igraphicswin.obj
c:\users\natanael\desktop\makeproaudio\iplug2\examples\prodyssey\build-win\vst3\x64\debug\int\igraphics.obj
c:\users\natanael\desktop\makeproaudio\iplug2\examples\prodyssey\build-win\vst3\x64\debug\int\icontrol.obj
c:\users\natanael\desktop\makeproaudio\iplug2\examples\prodyssey\build-win\vst3\x64\debug\int\itextentrycontrol.obj
c:\users\natanael\desktop\makeproaudio\iplug2\examples\prodyssey\build-win\vst3\x64\debug\int\ipopupmenucontrol.obj
c:\users\natanael\desktop\makeproaudio\iplug2\examples\prodyssey\build-win\vst3\x64\debug\int\icontrols.obj
c:\users\natanael\desktop\makeproaudio\iplug2\examples\prodyssey\build-win\vst3\x64\debug\int\vstsinglecomponenteffect.obj
c:\users\natanael\desktop\makeproaudio\iplug2\examples\prodyssey\build-win\vst3\x64\debug\int\vstparameters.obj
c:\users\natanael\desktop\makeproaudio\iplug2\examples\prodyssey\build-win\vst3\x64\debug\int\vstinitiids.obj
c:\users\natanael\desktop\makeproaudio\iplug2\examples\prodyssey\build-win\vst3\x64\debug\int\vstcomponentbase.obj
c:\users\natanael\desktop\makeproaudio\iplug2\examples\prodyssey\build-win\vst3\x64\debug\int\vstcomponent.obj
c:\users\natanael\desktop\makeproaudio\iplug2\examples\prodyssey\build-win\vst3\x64\debug\int\vstbus.obj
c:\users\natanael\desktop\makeproaudio\iplug2\examples\prodyssey\build-win\vst3\x64\debug\int\vstaudioeffect.obj
c:\users\natanael\desktop\makeproaudio\iplug2\examples\prodyssey\build-win\vst3\x64\debug\int\iplugvst3_processorbase.obj
c:\users\natanael\desktop\makeproaudio\iplug2\examples\prodyssey\build-win\vst3\x64\debug\int\iplugvst3.obj
c:\users\natanael\desktop\makeproaudio\iplug2\examples\prodyssey\build-win\vst3\x64\debug\int\iplugtimer.obj
c:\users\natanael\desktop\makeproaudio\iplug2\examples\prodyssey\build-win\vst3\x64\debug\int\prodyssey-vst3.tlog\cl.command.1.tlog
c:\users\natanael\desktop\makeproaudio\iplug2\examples\prodyssey\build-win\vst3\x64\debug\int\prodyssey-vst3.tlog\cl.read.1.tlog
c:\users\natanael\desktop\makeproaudio\iplug2\examples\prodyssey\build-win\vst3\x64\debug\int\prodyssey-vst3.tlog\cl.write.1.tlog
