  RtAudio.cpp
  asio.cpp
  asiodrivers.cpp
  asiolist.cpp
  iasiothiscallresolver.cpp
  RtMidi.cpp
  IControls.cpp
  IPopupMenuControl.cpp
  ITextEntryControl.cpp
e:\mpa\iplug2\igraphics\icontrol.h(1050): warning C4244: "Argument": Konvertierung von "double" in "float", möglicher Datenverlust (Quelldatei wird kompiliert ..\..\..\IGraphics\Controls\IControls.cpp)
e:\mpa\iplug2\igraphics\controls\icontrols.cpp(724): warning C4244: "Initialisierung": Konvertierung von "double" in "float", möglicher Datenverlust
e:\mpa\iplug2\igraphics\controls\icontrols.cpp(725): warning C4244: "Initialisierung": Konvertierung von "double" in "float", möglicher Datenverlust
e:\mpa\iplug2\igraphics\controls\icontrols.cpp(729): warning C4244: "Argument": Konvertierung von "double" in "float", möglicher Datenverlust
e:\mpa\iplug2\igraphics\icontrol.h(1050): warning C4244: "Argument": Konvertierung von "double" in "float", möglicher Datenverlust (Quelldatei wird kompiliert ..\..\..\IGraphics\Controls\IPopupMenuControl.cpp)
e:\mpa\iplug2\igraphics\icontrol.h(1050): warning C4244: "Argument": Konvertierung von "double" in "float", möglicher Datenverlust (Quelldatei wird kompiliert ..\..\..\IGraphics\Controls\ITextEntryControl.cpp)
e:\mpa\iplug2\igraphics\controls\itextentrycontrol.cpp(107): warning C4305: "Argument": Verkürzung von "double" in "float"
  IControl.cpp
  IGraphics.cpp
  IGraphicsEditorDelegate.cpp
  IGraphicsWin.cpp
  IPlugAPP.cpp
  IPlugAPP_dialog.cpp
  IPlugAPP_host.cpp
  IPlugAPP_main.cpp
e:\mpa\iplug2\dependencies\igraphics\nanosvg\src\nanosvg.h(1098): warning C4244: "=": Konvertierung von "double" in "__int64", möglicher Datenverlust (Quelldatei wird kompiliert ..\..\..\IGraphics\IGraphics.cpp)
e:\mpa\iplug2\igraphics\icontrol.h(1050): warning C4244: "Argument": Konvertierung von "double" in "float", möglicher Datenverlust (Quelldatei wird kompiliert ..\..\..\IGraphics\IControl.cpp)
e:\mpa\iplug2\igraphics\icontrol.h(1050): warning C4244: "Argument": Konvertierung von "double" in "float", möglicher Datenverlust (Quelldatei wird kompiliert ..\..\..\IGraphics\IGraphics.cpp)
e:\mpa\iplug2\igraphics\icontrol.h(1050): warning C4244: "Argument": Konvertierung von "double" in "float", möglicher Datenverlust (Quelldatei wird kompiliert ..\..\..\IGraphics\IGraphicsEditorDelegate.cpp)
e:\mpa\iplug2\igraphics\igraphics.cpp(1395): warning C4244: "=": Konvertierung von "double" in "float", möglicher Datenverlust
e:\mpa\iplug2\igraphics\igraphics.cpp(1705): warning C4244: "Argument": Konvertierung von "double" in "float", möglicher Datenverlust
e:\mpa\iplug2\igraphics\igraphics.cpp(1729): warning C4244: "Argument": Konvertierung von "const _Ty" in "float", möglicher Datenverlust
          with
          [
              _Ty=double
          ]
e:\mpa\iplug2\igraphics\igraphics.cpp(1730): warning C4244: "Argument": Konvertierung von "const _Ty" in "float", möglicher Datenverlust
          with
          [
              _Ty=double
          ]
  MidiSynth.cpp
  VoiceAllocator.cpp
  IPlugAPIBase.cpp
e:\mpa\iplug2\igraphics\igraphicspathbase.h(557): warning C4244: "Argument": Konvertierung von "double" in "float", möglicher Datenverlust (Quelldatei wird kompiliert ..\..\..\IGraphics\Platforms\IGraphicsWin.cpp)
e:\mpa\iplug2\igraphics\icontrol.h(1050): warning C4244: "Argument": Konvertierung von "double" in "float", möglicher Datenverlust (Quelldatei wird kompiliert ..\..\..\IGraphics\Platforms\IGraphicsWin.cpp)
e:\mpa\iplug2\igraphics\platforms\igraphicswin.cpp(197): warning C4101: "v": Unreferenzierte lokale Variable
e:\mpa\iplug2\igraphics\platforms\igraphicswin.cpp(840): warning C4390: ";": Leere kontrollierte Anweisung aufgetreten; ist dies beabsichtigt?
e:\mpa\iplug2\igraphics\platforms\igraphicswin.cpp(1510): warning C4302: "Typumwandlung": Verkürzung von "HINSTANCE" in "int"
e:\mpa\iplug2\igraphics\drawing\igraphicsnanovg.cpp(383): warning C4390: ";": Leere kontrollierte Anweisung aufgetreten; ist dies beabsichtigt? (Quelldatei wird kompiliert ..\..\..\IGraphics\Platforms\IGraphicsWin.cpp)
e:\mpa\iplug2\igraphics\drawing\igraphicsnanovg.cpp(413): warning C4390: ";": Leere kontrollierte Anweisung aufgetreten; ist dies beabsichtigt? (Quelldatei wird kompiliert ..\..\..\IGraphics\Platforms\IGraphicsWin.cpp)
e:\mpa\iplug2\iplug\app\iplugapp_dialog.cpp(532): warning C4390: ";": Leere kontrollierte Anweisung aufgetreten; ist dies beabsichtigt?
  IPlugParameter.cpp
  IPlugPaths.cpp
  IPlugPluginBase.cpp
e:\mpa\iplug2\iplug\extras\synth\controlramp.h(53): warning C4244: "Initialisierung": Konvertierung von "double" in "float", möglicher Datenverlust (Quelldatei wird kompiliert ..\..\..\IPlug\Extras\Synth\MidiSynth.cpp)
e:\mpa\iplug2\iplug\extras\synth\controlramp.h(54): warning C4244: "Initialisierung": Konvertierung von "double" in "float", möglicher Datenverlust (Quelldatei wird kompiliert ..\..\..\IPlug\Extras\Synth\MidiSynth.cpp)
e:\mpa\iplug2\iplug\extras\synth\midisynth.h(86): warning C4244: "Argument": Konvertierung von "double" in "float", möglicher Datenverlust (Quelldatei wird kompiliert ..\..\..\IPlug\Extras\Synth\MidiSynth.cpp)
e:\mpa\iplug2\iplug\extras\synth\midisynth.cpp(81): warning C4244: "=": Konvertierung von "double" in "float", möglicher Datenverlust
e:\mpa\iplug2\iplug\extras\synth\midisynth.cpp(87): warning C4244: "=": Konvertierung von "double" in "float", möglicher Datenverlust
e:\mpa\iplug2\iplug\extras\synth\midisynth.cpp(149): warning C4244: "=": Konvertierung von "double" in "float", möglicher Datenverlust
e:\mpa\iplug2\iplug\extras\synth\midisynth.cpp(164): warning C4244: "=": Konvertierung von "double" in "float", möglicher Datenverlust
e:\mpa\iplug2\iplug\extras\synth\midisynth.cpp(244): warning C4244: "=": Konvertierung von "double" in "float", möglicher Datenverlust
  IPlugTimer.cpp
e:\mpa\iplug2\iplug\extras\synth\controlramp.h(53): warning C4244: "Initialisierung": Konvertierung von "double" in "float", möglicher Datenverlust (Quelldatei wird kompiliert ..\..\..\IPlug\Extras\Synth\VoiceAllocator.cpp)
e:\mpa\iplug2\iplug\extras\synth\controlramp.h(54): warning C4244: "Initialisierung": Konvertierung von "double" in "float", möglicher Datenverlust (Quelldatei wird kompiliert ..\..\..\IPlug\Extras\Synth\VoiceAllocator.cpp)
e:\mpa\iplug2\iplug\extras\synth\voiceallocator.cpp(293): warning C4244: "=": Konvertierung von "double" in "int", möglicher Datenverlust
e:\mpa\iplug2\iplug\extras\synth\voiceallocator.cpp(294): warning C4244: "=": Konvertierung von "double" in "int", möglicher Datenverlust
e:\mpa\iplug2\iplug\extras\synth\voiceallocator.cpp(411): warning C4244: "Argument": Konvertierung von "double" in "int", möglicher Datenverlust
e:\mpa\iplug2\iplug\extras\synth\voiceallocator.cpp(421): warning C4244: "Argument": Konvertierung von "double" in "float", möglicher Datenverlust
e:\mpa\iplug2\iplug\extras\synth\voiceallocator.cpp(441): warning C4244: "Argument": Konvertierung von "double" in "float", möglicher Datenverlust
e:\mpa\iplug2\iplug\extras\synth\voiceallocator.cpp(518): warning C4244: "Argument": Konvertierung von "double" in "int", möglicher Datenverlust
e:\mpa\iplug2\iplug\extras\synth\voiceallocator.cpp(521): warning C4244: "Argument": Konvertierung von "double" in "float", möglicher Datenverlust
  B4000.cpp
e:\mpa\iplug2\igraphics\igraphicspathbase.h(557): warning C4244: "Argument": Konvertierung von "double" in "float", möglicher Datenverlust (Quelldatei wird kompiliert ..\B4000.cpp)
e:\mpa\iplug2\igraphics\icontrol.h(1050): warning C4244: "Argument": Konvertierung von "double" in "float", möglicher Datenverlust (Quelldatei wird kompiliert ..\B4000.cpp)
e:\mpa\iplug2\mpa code\global.h(31): warning C4305: "Argument": Verkürzung von "double" in "float" (Quelldatei wird kompiliert ..\B4000.cpp)
e:\mpa\iplug2\mpa code\global.h(32): warning C4305: "Argument": Verkürzung von "double" in "float" (Quelldatei wird kompiliert ..\B4000.cpp)
e:\mpa\iplug2\mpa code\global.h(34): warning C4244: "Argument": Konvertierung von "double" in "float", möglicher Datenverlust (Quelldatei wird kompiliert ..\B4000.cpp)
e:\mpa\iplug2\mpa code\global.h(35): warning C4244: "Argument": Konvertierung von "double" in "float", möglicher Datenverlust (Quelldatei wird kompiliert ..\B4000.cpp)
e:\mpa\iplug2\mpa code\global.h(36): warning C4244: "Argument": Konvertierung von "double" in "float", möglicher Datenverlust (Quelldatei wird kompiliert ..\B4000.cpp)
e:\mpa\iplug2\mpa code\global.h(37): warning C4244: "Argument": Konvertierung von "double" in "float", möglicher Datenverlust (Quelldatei wird kompiliert ..\B4000.cpp)
e:\mpa\iplug2\mpa code\global.h(43): warning C4244: "Argument": Konvertierung von "double" in "float", möglicher Datenverlust (Quelldatei wird kompiliert ..\B4000.cpp)
e:\mpa\iplug2\mpa code\global.h(44): warning C4244: "Argument": Konvertierung von "double" in "float", möglicher Datenverlust (Quelldatei wird kompiliert ..\B4000.cpp)
e:\mpa\iplug2\mpa code\global.h(45): warning C4244: "Argument": Konvertierung von "double" in "float", möglicher Datenverlust (Quelldatei wird kompiliert ..\B4000.cpp)
e:\mpa\iplug2\mpa code\global.h(46): warning C4244: "Argument": Konvertierung von "double" in "float", möglicher Datenverlust (Quelldatei wird kompiliert ..\B4000.cpp)
e:\mpa\iplug2\mpa code\global.h(216): warning C4244: "=": Konvertierung von "double" in "int", möglicher Datenverlust (Quelldatei wird kompiliert ..\B4000.cpp)
e:\mpa\iplug2\mpa code\global.h(250): warning C4244: "Argument": Konvertierung von "double" in "float", möglicher Datenverlust (Quelldatei wird kompiliert ..\B4000.cpp)
e:\mpa\iplug2\mpa code\global.h(251): warning C4244: "Argument": Konvertierung von "double" in "float", möglicher Datenverlust (Quelldatei wird kompiliert ..\B4000.cpp)
e:\mpa\iplug2\mpa code\global.h(388): warning C4244: "=": Konvertierung von "double" in "int", möglicher Datenverlust (Quelldatei wird kompiliert ..\B4000.cpp)
e:\mpa\iplug2\mpa code\global.h(486): warning C4244: "Argument": Konvertierung von "double" in "float", möglicher Datenverlust (Quelldatei wird kompiliert ..\B4000.cpp)
e:\mpa\iplug2\mpa code\global.h(487): warning C4244: "Argument": Konvertierung von "double" in "float", möglicher Datenverlust (Quelldatei wird kompiliert ..\B4000.cpp)
e:\mpa\iplug2\mpa code\global.h(488): warning C4244: "Argument": Konvertierung von "double" in "float", möglicher Datenverlust (Quelldatei wird kompiliert ..\B4000.cpp)
e:\mpa\iplug2\mpa code\global.h(489): warning C4244: "Argument": Konvertierung von "double" in "float", möglicher Datenverlust (Quelldatei wird kompiliert ..\B4000.cpp)
e:\mpa\iplug2\mpa code\global.h(500): warning C4244: "Argument": Konvertierung von "double" in "float", möglicher Datenverlust (Quelldatei wird kompiliert ..\B4000.cpp)
e:\mpa\iplug2\mpa code\global.h(501): warning C4244: "Argument": Konvertierung von "double" in "float", möglicher Datenverlust (Quelldatei wird kompiliert ..\B4000.cpp)
e:\mpa\iplug2\mpa code\global.h(502): warning C4244: "Argument": Konvertierung von "double" in "float", möglicher Datenverlust (Quelldatei wird kompiliert ..\B4000.cpp)
e:\mpa\iplug2\mpa code\global.h(503): warning C4244: "Argument": Konvertierung von "double" in "float", möglicher Datenverlust (Quelldatei wird kompiliert ..\B4000.cpp)
e:\mpa\iplug2\examples\b4000\b4000.cpp(455): warning C4244: "Argument": Konvertierung von "int" in "float", möglicher Datenverlust
e:\mpa\iplug2\examples\b4000\b4000.cpp(456): warning C4244: "Argument": Konvertierung von "int" in "float", möglicher Datenverlust
e:\mpa\iplug2\examples\b4000\b4000.cpp(457): warning C4244: "Argument": Konvertierung von "int" in "float", möglicher Datenverlust
e:\mpa\iplug2\examples\b4000\b4000.cpp(460): warning C4244: "Argument": Konvertierung von "int" in "float", möglicher Datenverlust
e:\mpa\iplug2\examples\b4000\b4000.cpp(461): warning C4244: "Argument": Konvertierung von "int" in "float", möglicher Datenverlust
e:\mpa\iplug2\examples\b4000\b4000.cpp(462): warning C4244: "Argument": Konvertierung von "int" in "float", möglicher Datenverlust
e:\mpa\iplug2\examples\b4000\b4000.cpp(463): warning C4244: "Argument": Konvertierung von "int" in "float", möglicher Datenverlust
e:\mpa\iplug2\examples\b4000\b4000.cpp(464): warning C4244: "Argument": Konvertierung von "int" in "float", möglicher Datenverlust
e:\mpa\iplug2\examples\b4000\b4000.cpp(465): warning C4244: "Argument": Konvertierung von "int" in "float", möglicher Datenverlust
e:\mpa\iplug2\examples\b4000\b4000.cpp(466): warning C4244: "Argument": Konvertierung von "int" in "float", möglicher Datenverlust
e:\mpa\iplug2\examples\b4000\b4000.cpp(467): warning C4244: "Argument": Konvertierung von "int" in "float", möglicher Datenverlust
e:\mpa\iplug2\examples\b4000\b4000.cpp(468): warning C4244: "Argument": Konvertierung von "int" in "float", möglicher Datenverlust
e:\mpa\iplug2\examples\b4000\b4000.cpp(475): warning C4244: "Argument": Konvertierung von "int" in "float", möglicher Datenverlust
e:\mpa\iplug2\examples\b4000\b4000.cpp(476): warning C4244: "Argument": Konvertierung von "int" in "float", möglicher Datenverlust
e:\mpa\iplug2\examples\b4000\b4000.cpp(477): warning C4244: "Argument": Konvertierung von "int" in "float", möglicher Datenverlust
e:\mpa\iplug2\examples\b4000\b4000.cpp(480): warning C4244: "Argument": Konvertierung von "int" in "float", möglicher Datenverlust
e:\mpa\iplug2\examples\b4000\b4000.cpp(481): warning C4244: "Argument": Konvertierung von "int" in "float", möglicher Datenverlust
e:\mpa\iplug2\examples\b4000\b4000.cpp(482): warning C4244: "Argument": Konvertierung von "int" in "float", möglicher Datenverlust
e:\mpa\iplug2\examples\b4000\b4000.cpp(483): warning C4244: "Argument": Konvertierung von "int" in "float", möglicher Datenverlust
e:\mpa\iplug2\examples\b4000\b4000.cpp(484): warning C4244: "Argument": Konvertierung von "int" in "float", möglicher Datenverlust
e:\mpa\iplug2\examples\b4000\b4000.cpp(485): warning C4244: "Argument": Konvertierung von "int" in "float", möglicher Datenverlust
e:\mpa\iplug2\examples\b4000\b4000.cpp(488): warning C4244: "Argument": Konvertierung von "int" in "float", möglicher Datenverlust
e:\mpa\iplug2\examples\b4000\b4000.cpp(489): warning C4244: "Argument": Konvertierung von "int" in "float", möglicher Datenverlust
e:\mpa\iplug2\examples\b4000\b4000.cpp(490): warning C4244: "Argument": Konvertierung von "int" in "float", möglicher Datenverlust
e:\mpa\iplug2\examples\b4000\b4000.cpp(491): warning C4244: "Argument": Konvertierung von "int" in "float", möglicher Datenverlust
e:\mpa\iplug2\examples\b4000\b4000.cpp(492): warning C4244: "Argument": Konvertierung von "int" in "float", möglicher Datenverlust
e:\mpa\iplug2\examples\b4000\b4000.cpp(493): warning C4244: "Argument": Konvertierung von "int" in "float", möglicher Datenverlust
e:\mpa\iplug2\examples\b4000\b4000.cpp(494): warning C4244: "Argument": Konvertierung von "int" in "float", möglicher Datenverlust
e:\mpa\iplug2\examples\b4000\b4000.cpp(495): warning C4244: "Argument": Konvertierung von "int" in "float", möglicher Datenverlust
e:\mpa\iplug2\examples\b4000\b4000.cpp(496): warning C4244: "Argument": Konvertierung von "int" in "float", möglicher Datenverlust
e:\mpa\iplug2\examples\b4000\b4000.cpp(497): warning C4244: "Argument": Konvertierung von "int" in "float", möglicher Datenverlust
e:\mpa\iplug2\examples\b4000\b4000.cpp(498): warning C4244: "Argument": Konvertierung von "int" in "float", möglicher Datenverlust
e:\mpa\iplug2\examples\b4000\b4000.cpp(501): warning C4244: "Argument": Konvertierung von "int" in "float", möglicher Datenverlust
e:\mpa\iplug2\examples\b4000\b4000.cpp(502): warning C4244: "Argument": Konvertierung von "int" in "float", möglicher Datenverlust
e:\mpa\iplug2\examples\b4000\b4000.cpp(503): warning C4244: "Argument": Konvertierung von "int" in "float", möglicher Datenverlust
e:\mpa\iplug2\examples\b4000\b4000.cpp(504): warning C4244: "Argument": Konvertierung von "int" in "float", möglicher Datenverlust
e:\mpa\iplug2\examples\b4000\b4000.cpp(505): warning C4244: "Argument": Konvertierung von "int" in "float", möglicher Datenverlust
e:\mpa\iplug2\examples\b4000\b4000.cpp(506): warning C4244: "Argument": Konvertierung von "int" in "float", möglicher Datenverlust
e:\mpa\iplug2\examples\b4000\b4000.cpp(507): warning C4244: "Argument": Konvertierung von "int" in "float", möglicher Datenverlust
e:\mpa\iplug2\examples\b4000\b4000.cpp(512): warning C4244: "Argument": Konvertierung von "int" in "float", möglicher Datenverlust
e:\mpa\iplug2\examples\b4000\b4000.cpp(514): warning C4244: "Argument": Konvertierung von "int" in "float", möglicher Datenverlust
e:\mpa\iplug2\examples\b4000\b4000.cpp(516): warning C4244: "Argument": Konvertierung von "int" in "float", möglicher Datenverlust
e:\mpa\iplug2\examples\b4000\b4000.cpp(518): warning C4244: "Argument": Konvertierung von "int" in "float", möglicher Datenverlust
e:\mpa\iplug2\examples\b4000\b4000.cpp(520): warning C4244: "Argument": Konvertierung von "int" in "float", möglicher Datenverlust
e:\mpa\iplug2\examples\b4000\b4000.cpp(522): warning C4244: "Argument": Konvertierung von "int" in "float", möglicher Datenverlust
e:\mpa\iplug2\examples\b4000\b4000.cpp(525): warning C4244: "Argument": Konvertierung von "int" in "float", möglicher Datenverlust
e:\mpa\iplug2\examples\b4000\b4000.cpp(528): warning C4244: "Argument": Konvertierung von "int" in "float", möglicher Datenverlust
e:\mpa\iplug2\examples\b4000\b4000.cpp(531): warning C4244: "Argument": Konvertierung von "int" in "float", möglicher Datenverlust
e:\mpa\iplug2\examples\b4000\b4000.cpp(534): warning C4244: "Argument": Konvertierung von "int" in "float", möglicher Datenverlust
e:\mpa\iplug2\examples\b4000\b4000.cpp(536): warning C4244: "Argument": Konvertierung von "int" in "float", möglicher Datenverlust
e:\mpa\iplug2\examples\b4000\b4000.cpp(538): warning C4244: "Argument": Konvertierung von "int" in "float", möglicher Datenverlust
e:\mpa\iplug2\examples\b4000\b4000.cpp(540): warning C4244: "Argument": Konvertierung von "int" in "float", möglicher Datenverlust
e:\mpa\iplug2\examples\b4000\b4000.cpp(542): warning C4244: "Argument": Konvertierung von "int" in "float", möglicher Datenverlust
e:\mpa\iplug2\examples\b4000\b4000.cpp(544): warning C4244: "Argument": Konvertierung von "int" in "float", möglicher Datenverlust
e:\mpa\iplug2\examples\b4000\b4000.cpp(546): warning C4244: "Argument": Konvertierung von "int" in "float", möglicher Datenverlust
e:\mpa\iplug2\examples\b4000\b4000.cpp(548): warning C4244: "Argument": Konvertierung von "int" in "float", möglicher Datenverlust
e:\mpa\iplug2\examples\b4000\b4000.cpp(550): warning C4244: "Argument": Konvertierung von "int" in "float", möglicher Datenverlust
e:\mpa\iplug2\examples\b4000\b4000.cpp(552): warning C4244: "Argument": Konvertierung von "int" in "float", möglicher Datenverlust
e:\mpa\iplug2\examples\b4000\b4000.cpp(554): warning C4244: "Argument": Konvertierung von "int" in "float", möglicher Datenverlust
e:\mpa\iplug2\examples\b4000\b4000.cpp(555): warning C4244: "Argument": Konvertierung von "int" in "float", möglicher Datenverlust
e:\mpa\iplug2\examples\b4000\b4000.cpp(556): warning C4244: "Argument": Konvertierung von "int" in "float", möglicher Datenverlust
e:\mpa\iplug2\examples\b4000\b4000.cpp(558): warning C4244: "Argument": Konvertierung von "int" in "float", möglicher Datenverlust
e:\mpa\iplug2\examples\b4000\b4000.cpp(559): warning C4244: "Argument": Konvertierung von "int" in "float", möglicher Datenverlust
e:\mpa\iplug2\examples\b4000\b4000.cpp(560): warning C4244: "Argument": Konvertierung von "int" in "float", möglicher Datenverlust
e:\mpa\iplug2\examples\b4000\b4000.cpp(561): warning C4244: "Argument": Konvertierung von "int" in "float", möglicher Datenverlust
e:\mpa\iplug2\examples\b4000\b4000.cpp(562): warning C4244: "Argument": Konvertierung von "int" in "float", möglicher Datenverlust
e:\mpa\iplug2\examples\b4000\b4000.cpp(563): warning C4244: "Argument": Konvertierung von "int" in "float", möglicher Datenverlust
e:\mpa\iplug2\examples\b4000\b4000.cpp(588): warning C4244: "Argument": Konvertierung von "int" in "float", möglicher Datenverlust
e:\mpa\iplug2\examples\b4000\b4000.cpp(591): warning C4244: "Argument": Konvertierung von "int" in "float", möglicher Datenverlust
e:\mpa\iplug2\examples\b4000\b4000.cpp(592): warning C4244: "Argument": Konvertierung von "int" in "float", möglicher Datenverlust
e:\mpa\iplug2\examples\b4000\b4000.cpp(593): warning C4244: "Argument": Konvertierung von "int" in "float", möglicher Datenverlust
e:\mpa\iplug2\examples\b4000\b4000.cpp(594): warning C4244: "Argument": Konvertierung von "int" in "float", möglicher Datenverlust
e:\mpa\iplug2\mpa code\mixerui.h(7): warning C4244: "Initialisierung": Konvertierung von "double" in "int", möglicher Datenverlust (Quelldatei wird kompiliert ..\B4000.cpp)
e:\mpa\iplug2\mpa code\mixerui.h(9): warning C4244: "Argument": Konvertierung von "int" in "float", möglicher Datenverlust (Quelldatei wird kompiliert ..\B4000.cpp)
e:\mpa\iplug2\mpa code\mixerui.h(15): warning C4244: "Argument": Konvertierung von "int" in "float", möglicher Datenverlust (Quelldatei wird kompiliert ..\B4000.cpp)
e:\mpa\iplug2\mpa code\mixerui.h(16): warning C4244: "Argument": Konvertierung von "int" in "float", möglicher Datenverlust (Quelldatei wird kompiliert ..\B4000.cpp)
e:\mpa\iplug2\mpa code\mixerui.h(17): warning C4244: "Argument": Konvertierung von "int" in "float", möglicher Datenverlust (Quelldatei wird kompiliert ..\B4000.cpp)
e:\mpa\iplug2\mpa code\mixerui.h(18): warning C4244: "Argument": Konvertierung von "int" in "float", möglicher Datenverlust (Quelldatei wird kompiliert ..\B4000.cpp)
e:\mpa\iplug2\mpa code\mixerui.h(24): warning C4244: "Argument": Konvertierung von "int" in "float", möglicher Datenverlust (Quelldatei wird kompiliert ..\B4000.cpp)
e:\mpa\iplug2\mpa code\mixerui.h(26): warning C4244: "Argument": Konvertierung von "int" in "float", möglicher Datenverlust (Quelldatei wird kompiliert ..\B4000.cpp)
e:\mpa\iplug2\mpa code\mixerui.h(34): warning C4244: "Argument": Konvertierung von "int" in "float", möglicher Datenverlust (Quelldatei wird kompiliert ..\B4000.cpp)
e:\mpa\iplug2\mpa code\mixerui.h(38): warning C4244: "Argument": Konvertierung von "int" in "float", möglicher Datenverlust (Quelldatei wird kompiliert ..\B4000.cpp)
e:\mpa\iplug2\mpa code\mixerui.h(42): warning C4244: "Argument": Konvertierung von "int" in "float", möglicher Datenverlust (Quelldatei wird kompiliert ..\B4000.cpp)
e:\mpa\iplug2\mpa code\mixerui.h(45): warning C4244: "Argument": Konvertierung von "int" in "float", möglicher Datenverlust (Quelldatei wird kompiliert ..\B4000.cpp)
e:\mpa\iplug2\mpa code\mixerui.h(51): warning C4244: "Argument": Konvertierung von "int" in "float", möglicher Datenverlust (Quelldatei wird kompiliert ..\B4000.cpp)
e:\mpa\iplug2\mpa code\mixerui.h(55): warning C4244: "Argument": Konvertierung von "int" in "float", möglicher Datenverlust (Quelldatei wird kompiliert ..\B4000.cpp)
e:\mpa\iplug2\mpa code\mixerui.h(60): warning C4244: "Argument": Konvertierung von "int" in "float", möglicher Datenverlust (Quelldatei wird kompiliert ..\B4000.cpp)
e:\mpa\iplug2\mpa code\mixerui.h(73): warning C4244: "Argument": Konvertierung von "int" in "float", möglicher Datenverlust (Quelldatei wird kompiliert ..\B4000.cpp)
e:\mpa\iplug2\mpa code\mixerui.h(75): warning C4244: "Argument": Konvertierung von "int" in "float", möglicher Datenverlust (Quelldatei wird kompiliert ..\B4000.cpp)
e:\mpa\iplug2\mpa code\mixerui.h(80): warning C4244: "Argument": Konvertierung von "int" in "float", möglicher Datenverlust (Quelldatei wird kompiliert ..\B4000.cpp)
e:\mpa\iplug2\mpa code\keyboardui.h(4): warning C4305: "Argument": Verkürzung von "double" in "float" (Quelldatei wird kompiliert ..\B4000.cpp)
e:\mpa\iplug2\mpa code\keyboardui.h(16): warning C4244: "Argument": Konvertierung von "double" in "float", möglicher Datenverlust (Quelldatei wird kompiliert ..\B4000.cpp)
e:\mpa\iplug2\mpa code\resize.h(8): warning C4244: "=": Konvertierung von "double" in "int", möglicher Datenverlust (Quelldatei wird kompiliert ..\B4000.cpp)
e:\mpa\iplug2\mpa code\resize.h(9): warning C4244: "=": Konvertierung von "double" in "int", möglicher Datenverlust (Quelldatei wird kompiliert ..\B4000.cpp)
e:\mpa\iplug2\mpa code\resize.h(10): warning C4244: "=": Konvertierung von "double" in "int", möglicher Datenverlust (Quelldatei wird kompiliert ..\B4000.cpp)
e:\mpa\iplug2\examples\b4000\b4000.cpp(854): warning C4244: "Argument": Konvertierung von "double" in "int", möglicher Datenverlust
e:\mpa\iplug2\examples\b4000\b4000.cpp(1106): warning C4244: "=": Konvertierung von "double" in "uint8_t", möglicher Datenverlust
e:\mpa\iplug2\examples\b4000\b4000.cpp(1109): warning C4244: "=": Konvertierung von "double" in "uint8_t", möglicher Datenverlust
e:\mpa\iplug2\examples\b4000\b4000.cpp(1124): warning C4244: "=": Konvertierung von "double" in "uint8_t", möglicher Datenverlust
e:\mpa\iplug2\examples\b4000\b4000.cpp(1174): warning C4244: "=": Konvertierung von "double" in "int", möglicher Datenverlust
e:\mpa\iplug2\examples\b4000\b4000.cpp(1213): warning C4244: "=": Konvertierung von "double" in "uint8_t", möglicher Datenverlust
..\resources\main.rc(166): warning RC4093: unescaped newline in character constant in inactive code
  
..\resources\main.rc(167): warning RC4093: unescaped newline in character constant in inactive code
  
  Code wird generiert.
e:\mpa\iplug2\igraphics\igraphicsstructs.h(531): warning C4715: "TextStyleString": Nicht alle Codepfade geben einen Wert zurück.
e:\mpa\iplug2\examples\b4000\b4000.cpp(1312): warning C4700: Die nicht initialisierte lokale Variable "pos" wurde verwendet.
  7333 of 7381 functions (99.3%) were compiled, the rest were copied from previous compilation.
    1204 functions were new in current compilation
    1 functions had inline decision re-evaluated but remain unchanged
  Codegenerierung ist abgeschlossen.
  B4000-app.vcxproj -> E:\MPA\iPlug2\Examples\B4000\build-win\app\x64\Release\B4000.exe
  POSTBUILD SCRIPT VARIABLES -----------------------------------------------------
  FORMAT ".exe" 
  NAME "B4000" 
  PLATFORM "x64" 
  COPY_VST2 "1" 
  BUILT_BINARY "E:\MPA\iPlug2\Examples\B4000\build-win\app\x64\Release\B4000.exe" 
  VST2_32_PATH "C:\Program Files (x86)\Common Files\VST2" 
  VST2_64_PATH "C:\Program Files\Common Files\VST2"  
  VST3_32_PATH "C:\Program Files (x86)\Common Files\VST3" 
  VST3_64_PATH "C:\Program Files\Common Files\VST3" 
  BUILD_DIR "E:\MPA\iPlug2\Examples\B4000\build-win"
  VST_ICON "E:\MPA\iPlug2\Examples\B4000\..\..\Dependencies\IPlug\VST3_SDK\doc\artwork\VST_Logo_Steinberg.ico" 
  AAX_ICON "E:\MPA\iPlug2\Examples\B4000\..\..\Dependencies\IPlug\AAX_SDK\Utilities\PlugIn.ico" 
  CREATE_BUNDLE_SCRIPT "E:\MPA\iPlug2\Examples\B4000\..\..\Scripts\create_bundle.bat"
  END POSTBUILD SCRIPT VARIABLES -----------------------------------------------------
