  B4000.cpp
e:\mpa\iplug2\igraphics\igraphicspathbase.h(557): warning C4244: "Argument": Konvertierung von "double" in "float", möglicher Datenverlust
e:\mpa\iplug2\igraphics\icontrol.h(1050): warning C4244: "Argument": Konvertierung von "double" in "float", möglicher Datenverlust
e:\mpa\iplug2\mpa code\global.h(25): warning C4305: "Argument": Verkürzung von "double" in "float"
e:\mpa\iplug2\mpa code\global.h(26): warning C4305: "Argument": Verkürzung von "double" in "float"
e:\mpa\iplug2\mpa code\global.h(28): warning C4244: "Argument": Konvertierung von "double" in "float", möglicher Datenverlust
e:\mpa\iplug2\mpa code\global.h(29): warning C4244: "Argument": Konvertierung von "double" in "float", möglicher Datenverlust
e:\mpa\iplug2\mpa code\global.h(30): warning C4244: "Argument": Konvertierung von "double" in "float", möglicher Datenverlust
e:\mpa\iplug2\mpa code\global.h(31): warning C4244: "Argument": Konvertierung von "double" in "float", möglicher Datenverlust
e:\mpa\iplug2\mpa code\global.h(37): warning C4244: "Argument": Konvertierung von "double" in "float", möglicher Datenverlust
e:\mpa\iplug2\mpa code\global.h(38): warning C4244: "Argument": Konvertierung von "double" in "float", möglicher Datenverlust
e:\mpa\iplug2\mpa code\global.h(39): warning C4244: "Argument": Konvertierung von "double" in "float", möglicher Datenverlust
e:\mpa\iplug2\mpa code\global.h(40): warning C4244: "Argument": Konvertierung von "double" in "float", möglicher Datenverlust
e:\mpa\iplug2\mpa code\global.h(208): warning C4244: "=": Konvertierung von "double" in "int", möglicher Datenverlust
e:\mpa\iplug2\mpa code\global.h(372): warning C4244: "=": Konvertierung von "double" in "int", möglicher Datenverlust
e:\mpa\iplug2\mpa code\global.h(470): warning C4244: "Argument": Konvertierung von "double" in "float", möglicher Datenverlust
e:\mpa\iplug2\mpa code\global.h(471): warning C4244: "Argument": Konvertierung von "double" in "float", möglicher Datenverlust
e:\mpa\iplug2\mpa code\global.h(472): warning C4244: "Argument": Konvertierung von "double" in "float", möglicher Datenverlust
e:\mpa\iplug2\mpa code\global.h(473): warning C4244: "Argument": Konvertierung von "double" in "float", möglicher Datenverlust
e:\mpa\iplug2\mpa code\global.h(484): warning C4244: "Argument": Konvertierung von "double" in "float", möglicher Datenverlust
e:\mpa\iplug2\mpa code\global.h(485): warning C4244: "Argument": Konvertierung von "double" in "float", möglicher Datenverlust
e:\mpa\iplug2\mpa code\global.h(486): warning C4244: "Argument": Konvertierung von "double" in "float", möglicher Datenverlust
e:\mpa\iplug2\mpa code\global.h(487): warning C4244: "Argument": Konvertierung von "double" in "float", möglicher Datenverlust
e:\mpa\iplug2\examples\b4000\b4000.cpp(371): warning C4244: "Argument": Konvertierung von "int" in "float", möglicher Datenverlust
e:\mpa\iplug2\examples\b4000\b4000.cpp(372): warning C4244: "Argument": Konvertierung von "int" in "float", möglicher Datenverlust
e:\mpa\iplug2\examples\b4000\b4000.cpp(373): warning C4244: "Argument": Konvertierung von "int" in "float", möglicher Datenverlust
e:\mpa\iplug2\examples\b4000\b4000.cpp(376): warning C4244: "Argument": Konvertierung von "int" in "float", möglicher Datenverlust
e:\mpa\iplug2\examples\b4000\b4000.cpp(377): warning C4244: "Argument": Konvertierung von "int" in "float", möglicher Datenverlust
e:\mpa\iplug2\examples\b4000\b4000.cpp(378): warning C4244: "Argument": Konvertierung von "int" in "float", möglicher Datenverlust
e:\mpa\iplug2\examples\b4000\b4000.cpp(379): warning C4244: "Argument": Konvertierung von "int" in "float", möglicher Datenverlust
e:\mpa\iplug2\examples\b4000\b4000.cpp(380): warning C4244: "Argument": Konvertierung von "int" in "float", möglicher Datenverlust
e:\mpa\iplug2\examples\b4000\b4000.cpp(381): warning C4244: "Argument": Konvertierung von "int" in "float", möglicher Datenverlust
e:\mpa\iplug2\examples\b4000\b4000.cpp(382): warning C4244: "Argument": Konvertierung von "int" in "float", möglicher Datenverlust
e:\mpa\iplug2\examples\b4000\b4000.cpp(383): warning C4244: "Argument": Konvertierung von "int" in "float", möglicher Datenverlust
e:\mpa\iplug2\examples\b4000\b4000.cpp(384): warning C4244: "Argument": Konvertierung von "int" in "float", möglicher Datenverlust
e:\mpa\iplug2\examples\b4000\b4000.cpp(391): warning C4244: "Argument": Konvertierung von "int" in "float", möglicher Datenverlust
e:\mpa\iplug2\examples\b4000\b4000.cpp(392): warning C4244: "Argument": Konvertierung von "int" in "float", möglicher Datenverlust
e:\mpa\iplug2\examples\b4000\b4000.cpp(393): warning C4244: "Argument": Konvertierung von "int" in "float", möglicher Datenverlust
e:\mpa\iplug2\examples\b4000\b4000.cpp(396): warning C4244: "Argument": Konvertierung von "int" in "float", möglicher Datenverlust
e:\mpa\iplug2\examples\b4000\b4000.cpp(397): warning C4244: "Argument": Konvertierung von "int" in "float", möglicher Datenverlust
e:\mpa\iplug2\examples\b4000\b4000.cpp(398): warning C4244: "Argument": Konvertierung von "int" in "float", möglicher Datenverlust
e:\mpa\iplug2\examples\b4000\b4000.cpp(399): warning C4244: "Argument": Konvertierung von "int" in "float", möglicher Datenverlust
e:\mpa\iplug2\examples\b4000\b4000.cpp(400): warning C4244: "Argument": Konvertierung von "int" in "float", möglicher Datenverlust
e:\mpa\iplug2\examples\b4000\b4000.cpp(401): warning C4244: "Argument": Konvertierung von "int" in "float", möglicher Datenverlust
e:\mpa\iplug2\examples\b4000\b4000.cpp(404): warning C4244: "Argument": Konvertierung von "int" in "float", möglicher Datenverlust
e:\mpa\iplug2\examples\b4000\b4000.cpp(405): warning C4244: "Argument": Konvertierung von "int" in "float", möglicher Datenverlust
e:\mpa\iplug2\examples\b4000\b4000.cpp(406): warning C4244: "Argument": Konvertierung von "int" in "float", möglicher Datenverlust
e:\mpa\iplug2\examples\b4000\b4000.cpp(407): warning C4244: "Argument": Konvertierung von "int" in "float", möglicher Datenverlust
e:\mpa\iplug2\examples\b4000\b4000.cpp(408): warning C4244: "Argument": Konvertierung von "int" in "float", möglicher Datenverlust
e:\mpa\iplug2\examples\b4000\b4000.cpp(409): warning C4244: "Argument": Konvertierung von "int" in "float", möglicher Datenverlust
e:\mpa\iplug2\examples\b4000\b4000.cpp(410): warning C4244: "Argument": Konvertierung von "int" in "float", möglicher Datenverlust
e:\mpa\iplug2\examples\b4000\b4000.cpp(411): warning C4244: "Argument": Konvertierung von "int" in "float", möglicher Datenverlust
e:\mpa\iplug2\examples\b4000\b4000.cpp(412): warning C4244: "Argument": Konvertierung von "int" in "float", möglicher Datenverlust
e:\mpa\iplug2\examples\b4000\b4000.cpp(413): warning C4244: "Argument": Konvertierung von "int" in "float", möglicher Datenverlust
e:\mpa\iplug2\examples\b4000\b4000.cpp(414): warning C4244: "Argument": Konvertierung von "int" in "float", möglicher Datenverlust
e:\mpa\iplug2\examples\b4000\b4000.cpp(417): warning C4244: "Argument": Konvertierung von "int" in "float", möglicher Datenverlust
e:\mpa\iplug2\examples\b4000\b4000.cpp(418): warning C4244: "Argument": Konvertierung von "int" in "float", möglicher Datenverlust
e:\mpa\iplug2\examples\b4000\b4000.cpp(419): warning C4244: "Argument": Konvertierung von "int" in "float", möglicher Datenverlust
e:\mpa\iplug2\examples\b4000\b4000.cpp(420): warning C4244: "Argument": Konvertierung von "int" in "float", möglicher Datenverlust
e:\mpa\iplug2\examples\b4000\b4000.cpp(421): warning C4244: "Argument": Konvertierung von "int" in "float", möglicher Datenverlust
e:\mpa\iplug2\examples\b4000\b4000.cpp(422): warning C4244: "Argument": Konvertierung von "int" in "float", möglicher Datenverlust
e:\mpa\iplug2\examples\b4000\b4000.cpp(423): warning C4244: "Argument": Konvertierung von "int" in "float", möglicher Datenverlust
e:\mpa\iplug2\examples\b4000\b4000.cpp(428): warning C4244: "Argument": Konvertierung von "int" in "float", möglicher Datenverlust
e:\mpa\iplug2\examples\b4000\b4000.cpp(430): warning C4244: "Argument": Konvertierung von "int" in "float", möglicher Datenverlust
e:\mpa\iplug2\examples\b4000\b4000.cpp(432): warning C4244: "Argument": Konvertierung von "int" in "float", möglicher Datenverlust
e:\mpa\iplug2\examples\b4000\b4000.cpp(434): warning C4244: "Argument": Konvertierung von "int" in "float", möglicher Datenverlust
e:\mpa\iplug2\examples\b4000\b4000.cpp(436): warning C4244: "Argument": Konvertierung von "int" in "float", möglicher Datenverlust
e:\mpa\iplug2\examples\b4000\b4000.cpp(438): warning C4244: "Argument": Konvertierung von "int" in "float", möglicher Datenverlust
e:\mpa\iplug2\examples\b4000\b4000.cpp(441): warning C4244: "Argument": Konvertierung von "int" in "float", möglicher Datenverlust
e:\mpa\iplug2\examples\b4000\b4000.cpp(444): warning C4244: "Argument": Konvertierung von "int" in "float", möglicher Datenverlust
e:\mpa\iplug2\examples\b4000\b4000.cpp(447): warning C4244: "Argument": Konvertierung von "int" in "float", möglicher Datenverlust
e:\mpa\iplug2\examples\b4000\b4000.cpp(450): warning C4244: "Argument": Konvertierung von "int" in "float", möglicher Datenverlust
e:\mpa\iplug2\examples\b4000\b4000.cpp(452): warning C4244: "Argument": Konvertierung von "int" in "float", möglicher Datenverlust
e:\mpa\iplug2\examples\b4000\b4000.cpp(454): warning C4244: "Argument": Konvertierung von "int" in "float", möglicher Datenverlust
e:\mpa\iplug2\examples\b4000\b4000.cpp(456): warning C4244: "Argument": Konvertierung von "int" in "float", möglicher Datenverlust
e:\mpa\iplug2\examples\b4000\b4000.cpp(458): warning C4244: "Argument": Konvertierung von "int" in "float", möglicher Datenverlust
e:\mpa\iplug2\examples\b4000\b4000.cpp(460): warning C4244: "Argument": Konvertierung von "int" in "float", möglicher Datenverlust
e:\mpa\iplug2\examples\b4000\b4000.cpp(462): warning C4244: "Argument": Konvertierung von "int" in "float", möglicher Datenverlust
e:\mpa\iplug2\examples\b4000\b4000.cpp(464): warning C4244: "Argument": Konvertierung von "int" in "float", möglicher Datenverlust
e:\mpa\iplug2\examples\b4000\b4000.cpp(466): warning C4244: "Argument": Konvertierung von "int" in "float", möglicher Datenverlust
e:\mpa\iplug2\examples\b4000\b4000.cpp(468): warning C4244: "Argument": Konvertierung von "int" in "float", möglicher Datenverlust
e:\mpa\iplug2\examples\b4000\b4000.cpp(470): warning C4244: "Argument": Konvertierung von "int" in "float", möglicher Datenverlust
e:\mpa\iplug2\examples\b4000\b4000.cpp(471): warning C4244: "Argument": Konvertierung von "int" in "float", möglicher Datenverlust
e:\mpa\iplug2\examples\b4000\b4000.cpp(472): warning C4244: "Argument": Konvertierung von "int" in "float", möglicher Datenverlust
e:\mpa\iplug2\examples\b4000\b4000.cpp(474): warning C4244: "Argument": Konvertierung von "int" in "float", möglicher Datenverlust
e:\mpa\iplug2\examples\b4000\b4000.cpp(475): warning C4244: "Argument": Konvertierung von "int" in "float", möglicher Datenverlust
e:\mpa\iplug2\examples\b4000\b4000.cpp(476): warning C4244: "Argument": Konvertierung von "int" in "float", möglicher Datenverlust
e:\mpa\iplug2\examples\b4000\b4000.cpp(477): warning C4244: "Argument": Konvertierung von "int" in "float", möglicher Datenverlust
e:\mpa\iplug2\examples\b4000\b4000.cpp(478): warning C4244: "Argument": Konvertierung von "int" in "float", möglicher Datenverlust
e:\mpa\iplug2\examples\b4000\b4000.cpp(479): warning C4244: "Argument": Konvertierung von "int" in "float", möglicher Datenverlust
e:\mpa\iplug2\examples\b4000\b4000.cpp(504): warning C4244: "Argument": Konvertierung von "int" in "float", möglicher Datenverlust
e:\mpa\iplug2\examples\b4000\b4000.cpp(507): warning C4244: "Argument": Konvertierung von "int" in "float", möglicher Datenverlust
e:\mpa\iplug2\examples\b4000\b4000.cpp(508): warning C4244: "Argument": Konvertierung von "int" in "float", möglicher Datenverlust
e:\mpa\iplug2\examples\b4000\b4000.cpp(509): warning C4244: "Argument": Konvertierung von "int" in "float", möglicher Datenverlust
e:\mpa\iplug2\examples\b4000\b4000.cpp(510): warning C4244: "Argument": Konvertierung von "int" in "float", möglicher Datenverlust
e:\mpa\iplug2\examples\b4000\b4000.cpp(523): warning C4305: "Argument": Verkürzung von "double" in "float"
e:\mpa\iplug2\examples\b4000\b4000.cpp(633): warning C4244: "Initialisierung": Konvertierung von "double" in "int", möglicher Datenverlust
e:\mpa\iplug2\examples\b4000\b4000.cpp(634): warning C4244: "Initialisierung": Konvertierung von "double" in "int", möglicher Datenverlust
e:\mpa\iplug2\examples\b4000\b4000.cpp(839): warning C4244: "Argument": Konvertierung von "double" in "int", möglicher Datenverlust
e:\mpa\iplug2\examples\b4000\b4000.cpp(1056): warning C4244: "=": Konvertierung von "double" in "uint8_t", möglicher Datenverlust
e:\mpa\iplug2\examples\b4000\b4000.cpp(1059): warning C4244: "=": Konvertierung von "double" in "uint8_t", möglicher Datenverlust
e:\mpa\iplug2\examples\b4000\b4000.cpp(1074): warning C4244: "=": Konvertierung von "double" in "uint8_t", möglicher Datenverlust
e:\mpa\iplug2\examples\b4000\b4000.cpp(1095): warning C4244: "=": Konvertierung von "double" in "int", möglicher Datenverlust
e:\mpa\iplug2\examples\b4000\b4000.cpp(1104): warning C4244: "=": Konvertierung von "double" in "uint8_t", möglicher Datenverlust
e:\mpa\iplug2\examples\b4000\b4000.cpp(1113): warning C4244: "=": Konvertierung von "double" in "uint8_t", möglicher Datenverlust
e:\mpa\iplug2\examples\b4000\b4000.cpp(1212): warning C4700: Die nicht initialisierte lokale Variable "pos" wurde verwendet.
  B4000-app.vcxproj -> E:\MPA\iPlug2\Examples\B4000\build-win\app\x64\Debug\B4000.exe
  POSTBUILD SCRIPT VARIABLES -----------------------------------------------------
  FORMAT ".exe" 
  NAME "B4000" 
  PLATFORM "x64" 
  COPY_VST2 "1" 
  BUILT_BINARY "E:\MPA\iPlug2\Examples\B4000\build-win\app\x64\Debug\B4000.exe" 
  VST2_32_PATH "C:\Program Files (x86)\Common Files\VST2" 
  VST2_64_PATH "C:\Program Files\Common Files\VST2"  
  VST3_32_PATH "C:\Program Files (x86)\Common Files\VST3" 
  VST3_64_PATH "C:\Program Files\Common Files\VST3" 
  BUILD_DIR "E:\MPA\iPlug2\Examples\B4000\build-win"
  VST_ICON "E:\MPA\iPlug2\Examples\B4000\..\..\Dependencies\IPlug\VST3_SDK\doc\artwork\VST_Logo_Steinberg.ico" 
  AAX_ICON "E:\MPA\iPlug2\Examples\B4000\..\..\Dependencies\IPlug\AAX_SDK\Utilities\PlugIn.ico" 
  CREATE_BUNDLE_SCRIPT "E:\MPA\iPlug2\Examples\B4000\..\..\Scripts\create_bundle.bat"
  END POSTBUILD SCRIPT VARIABLES -----------------------------------------------------
