c:\program files\steinberg\vstplugins\minimax.dll
h:\mpa\iplug2\examples\minimax\build-win\pdbs\minimax-vst2_x64.pdb
h:\mpa\iplug2\examples\minimax\build-win\vst2\x64\release\int\main.res
h:\mpa\iplug2\examples\minimax\build-win\vst2\x64\release\int\minimax.lib
h:\mpa\iplug2\examples\minimax\build-win\vst2\x64\release\int\minimax.exp
c:\program files\steinberg\vstplugins\minimax.ipdb
c:\program files\steinberg\vstplugins\minimax.iobj
h:\mpa\iplug2\examples\minimax\build-win\vst2\x64\release\int\ipopupmenucontrol.obj
h:\mpa\iplug2\examples\minimax\build-win\vst2\x64\release\int\igraphics.obj
h:\mpa\iplug2\examples\minimax\build-win\vst2\x64\release\int\iplugparameter.obj
h:\mpa\iplug2\examples\minimax\build-win\vst2\x64\release\int\iplugtimer.obj
h:\mpa\iplug2\examples\minimax\build-win\vst2\x64\release\int\itextentrycontrol.obj
h:\mpa\iplug2\examples\minimax\build-win\vst2\x64\release\int\midisynth.obj
h:\mpa\iplug2\examples\minimax\build-win\vst2\x64\release\int\voiceallocator.obj
h:\mpa\iplug2\examples\minimax\build-win\vst2\x64\release\int\iplugvst2.obj
h:\mpa\iplug2\examples\minimax\build-win\vst2\x64\release\int\icontrols.obj
h:\mpa\iplug2\examples\minimax\build-win\vst2\x64\release\int\igraphicseditordelegate.obj
h:\mpa\iplug2\examples\minimax\build-win\vst2\x64\release\int\iplugapibase.obj
h:\mpa\iplug2\examples\minimax\build-win\vst2\x64\release\int\iplugpluginbase.obj
h:\mpa\iplug2\examples\minimax\build-win\vst2\x64\release\int\icontrol.obj
h:\mpa\iplug2\examples\minimax\build-win\vst2\x64\release\int\igraphicswin.obj
h:\mpa\iplug2\examples\minimax\build-win\vst2\x64\release\int\iplugpaths.obj
h:\mpa\iplug2\examples\minimax\build-win\vst2\x64\release\int\minimax.obj
h:\mpa\iplug2\examples\minimax\build-win\vst2\x64\release\int\vc141.pdb
e:\mpa\iplug2\examples\minimax\build-win\vst2\x64\release\int\ipopupmenucontrol.obj
e:\mpa\iplug2\examples\minimax\build-win\vst2\x64\release\int\icontrols.obj
e:\mpa\iplug2\examples\minimax\build-win\vst2\x64\release\int\icontrol.obj
e:\mpa\iplug2\examples\minimax\build-win\vst2\x64\release\int\itextentrycontrol.obj
e:\mpa\iplug2\examples\minimax\build-win\vst2\x64\release\int\midisynth.obj
e:\mpa\iplug2\examples\minimax\build-win\vst2\x64\release\int\igraphicseditordelegate.obj
e:\mpa\iplug2\examples\minimax\build-win\vst2\x64\release\int\igraphics.obj
e:\mpa\iplug2\examples\minimax\build-win\vst2\x64\release\int\igraphicswin.obj
e:\mpa\iplug2\examples\minimax\build-win\vst2\x64\release\int\iplugapibase.obj
e:\mpa\iplug2\examples\minimax\build-win\vst2\x64\release\int\voiceallocator.obj
e:\mpa\iplug2\examples\minimax\build-win\vst2\x64\release\int\iplugparameter.obj
e:\mpa\iplug2\examples\minimax\build-win\vst2\x64\release\int\iplugpaths.obj
e:\mpa\iplug2\examples\minimax\build-win\vst2\x64\release\int\iplugtimer.obj
e:\mpa\iplug2\examples\minimax\build-win\vst2\x64\release\int\iplugvst2.obj
e:\mpa\iplug2\examples\minimax\build-win\vst2\x64\release\int\iplugpluginbase.obj
e:\mpa\iplug2\examples\minimax\build-win\vst2\x64\release\int\minimax.obj
e:\mpa\iplug2\examples\minimax\build-win\vst2\x64\release\int\main.res
e:\mpa\iplug2\examples\minimax\build-win\vst2\x64\release\int\minimax.exp
e:\mpa\iplug2\examples\minimax\build-win\vst2\x64\release\int\vc141.pdb
e:\mpa\iplug2\examples\minimax\build-win\vst2\x64\release\int\minimax-vst2.tlog\cl.command.1.tlog
e:\mpa\iplug2\examples\minimax\build-win\vst2\x64\release\int\minimax-vst2.tlog\rc.command.1.tlog
e:\mpa\iplug2\examples\minimax\build-win\vst2\x64\release\int\minimax-vst2.tlog\link.read.8.tlog
e:\mpa\iplug2\examples\minimax\build-win\vst2\x64\release\int\minimax-vst2.tlog\link.write.1.tlog
e:\mpa\iplug2\examples\minimax\build-win\vst2\x64\release\int\minimax-vst2.tlog\link.command.1.tlog
e:\mpa\iplug2\examples\minimax\build-win\vst2\x64\release\int\minimax-vst2.tlog\link.delete.1.tlog
e:\mpa\iplug2\examples\minimax\build-win\vst2\x64\release\int\minimax-vst2.tlog\cl.read.1.tlog
e:\mpa\iplug2\examples\minimax\build-win\vst2\x64\release\int\minimax-vst2.tlog\rc.read.1.tlog
e:\mpa\iplug2\examples\minimax\build-win\vst2\x64\release\int\minimax-vst2.tlog\rc.write.1.tlog
e:\mpa\iplug2\examples\minimax\build-win\vst2\x64\release\int\minimax-vst2.tlog\minimax-vst2.write.1u.tlog
e:\mpa\iplug2\examples\minimax\build-win\vst2\x64\release\int\minimax-vst2.tlog\cl.write.1.tlog
