e:\makeproaudio\iplug2\examples\prodyssey\build-win\app\x64\debug\int\vc141.pdb
e:\makeproaudio\iplug2\examples\prodyssey\build-win\app\x64\debug\int\vc141.idb
e:\makeproaudio\iplug2\examples\prodyssey\build-win\app\x64\debug\int\iplugapibase.obj
e:\makeproaudio\iplug2\examples\prodyssey\build-win\app\x64\debug\int\voiceallocator.obj
e:\makeproaudio\iplug2\examples\prodyssey\build-win\app\x64\debug\int\midisynth.obj
e:\makeproaudio\iplug2\examples\prodyssey\build-win\app\x64\debug\int\iplugapp_main.obj
e:\makeproaudio\iplug2\examples\prodyssey\build-win\app\x64\debug\int\iplugapp_host.obj
e:\makeproaudio\iplug2\examples\prodyssey\build-win\app\x64\debug\int\iplugapp_dialog.obj
e:\makeproaudio\iplug2\examples\prodyssey\build-win\app\x64\debug\int\iplugapp.obj
e:\makeproaudio\iplug2\examples\prodyssey\build-win\app\x64\debug\int\igraphicswin.obj
e:\makeproaudio\iplug2\examples\prodyssey\build-win\app\x64\debug\int\igraphicseditordelegate.obj
e:\makeproaudio\iplug2\examples\prodyssey\build-win\app\x64\debug\int\igraphics.obj
e:\makeproaudio\iplug2\examples\prodyssey\build-win\app\x64\debug\int\icontrol.obj
e:\makeproaudio\iplug2\examples\prodyssey\build-win\app\x64\debug\int\itextentrycontrol.obj
e:\makeproaudio\iplug2\examples\prodyssey\build-win\app\x64\debug\int\ipopupmenucontrol.obj
e:\makeproaudio\iplug2\examples\prodyssey\build-win\app\x64\debug\int\icontrols.obj
e:\makeproaudio\iplug2\examples\prodyssey\build-win\app\x64\debug\int\rtmidi.obj
e:\makeproaudio\iplug2\examples\prodyssey\build-win\app\x64\debug\int\rtaudio.obj
e:\makeproaudio\iplug2\examples\prodyssey\build-win\app\x64\debug\int\iasiothiscallresolver.obj
e:\makeproaudio\iplug2\examples\prodyssey\build-win\app\x64\debug\int\asiolist.obj
e:\makeproaudio\iplug2\examples\prodyssey\build-win\app\x64\debug\int\asiodrivers.obj
e:\makeproaudio\iplug2\examples\prodyssey\build-win\app\x64\debug\int\asio.obj
e:\makeproaudio\iplug2\examples\prodyssey\build-win\app\x64\debug\int\prodyssey.obj
e:\makeproaudio\iplug2\examples\prodyssey\build-win\app\x64\debug\int\iplugtimer.obj
e:\makeproaudio\iplug2\examples\prodyssey\build-win\app\x64\debug\int\iplugpluginbase.obj
e:\makeproaudio\iplug2\examples\prodyssey\build-win\app\x64\debug\int\iplugpaths.obj
e:\makeproaudio\iplug2\examples\prodyssey\build-win\app\x64\debug\int\iplugparameter.obj
e:\makeproaudio\iplug2\examples\prodyssey\build-win\app\x64\debug\int\main.res
e:\makeproaudio\iplug2\examples\prodyssey\build-win\app\x64\debug\prodyssey.exe
e:\makeproaudio\iplug2\examples\prodyssey\build-win\app\x64\debug\prodyssey.ilk
e:\makeproaudio\iplug2\examples\prodyssey\build-win\pdbs\prodyssey-app_x64.pdb
e:\makeproaudio\iplug2\examples\prodyssey\build-win\app\x64\debug\int\prodyssey-app.tlog\cl.read.1.tlog
e:\makeproaudio\iplug2\examples\prodyssey\build-win\app\x64\debug\int\prodyssey-app.tlog\cl.write.1.tlog
e:\makeproaudio\iplug2\examples\prodyssey\build-win\app\x64\debug\int\prodyssey-app.tlog\cl.command.1.tlog
e:\makeproaudio\iplug2\examples\prodyssey\build-win\app\x64\debug\int\prodyssey-app.tlog\rc.read.1.tlog
e:\makeproaudio\iplug2\examples\prodyssey\build-win\app\x64\debug\int\prodyssey-app.tlog\rc.write.1.tlog
e:\makeproaudio\iplug2\examples\prodyssey\build-win\app\x64\debug\int\prodyssey-app.tlog\rc.command.1.tlog
e:\makeproaudio\iplug2\examples\prodyssey\build-win\app\x64\debug\int\prodyssey-app.tlog\link.command.1.tlog
e:\makeproaudio\iplug2\examples\prodyssey\build-win\app\x64\debug\int\prodyssey-app.tlog\link.read.1.tlog
e:\makeproaudio\iplug2\examples\prodyssey\build-win\app\x64\debug\int\prodyssey-app.tlog\link.write.1.tlog
