  Prodyssey.cpp
e:\mpa\iplug2\igraphics\igraphicspathbase.h(557): warning C4244: "Argument": Konvertierung von "double" in "float", möglicher Datenverlust
e:\mpa\iplug2\igraphics\icontrol.h(1050): warning C4244: "Argument": Konvertierung von "double" in "float", möglicher Datenverlust
e:\mpa\iplug2\mpa code\global.h(25): warning C4305: "Argument": Verkürzung von "double" in "float"
e:\mpa\iplug2\mpa code\global.h(26): warning C4305: "Argument": Verkürzung von "double" in "float"
e:\mpa\iplug2\mpa code\global.h(28): warning C4244: "Argument": Konvertierung von "double" in "float", möglicher Datenverlust
e:\mpa\iplug2\mpa code\global.h(29): warning C4244: "Argument": Konvertierung von "double" in "float", möglicher Datenverlust
e:\mpa\iplug2\mpa code\global.h(30): warning C4244: "Argument": Konvertierung von "double" in "float", möglicher Datenverlust
e:\mpa\iplug2\mpa code\global.h(31): warning C4244: "Argument": Konvertierung von "double" in "float", möglicher Datenverlust
e:\mpa\iplug2\mpa code\global.h(37): warning C4244: "Argument": Konvertierung von "double" in "float", möglicher Datenverlust
e:\mpa\iplug2\mpa code\global.h(38): warning C4244: "Argument": Konvertierung von "double" in "float", möglicher Datenverlust
e:\mpa\iplug2\mpa code\global.h(39): warning C4244: "Argument": Konvertierung von "double" in "float", möglicher Datenverlust
e:\mpa\iplug2\mpa code\global.h(40): warning C4244: "Argument": Konvertierung von "double" in "float", möglicher Datenverlust
e:\mpa\iplug2\mpa code\global.h(208): warning C4244: "=": Konvertierung von "double" in "int", möglicher Datenverlust
e:\mpa\iplug2\mpa code\global.h(372): warning C4244: "=": Konvertierung von "double" in "int", möglicher Datenverlust
e:\mpa\iplug2\mpa code\global.h(470): warning C4244: "Argument": Konvertierung von "double" in "float", möglicher Datenverlust
e:\mpa\iplug2\mpa code\global.h(471): warning C4244: "Argument": Konvertierung von "double" in "float", möglicher Datenverlust
e:\mpa\iplug2\mpa code\global.h(472): warning C4244: "Argument": Konvertierung von "double" in "float", möglicher Datenverlust
e:\mpa\iplug2\mpa code\global.h(473): warning C4244: "Argument": Konvertierung von "double" in "float", möglicher Datenverlust
e:\mpa\iplug2\mpa code\global.h(484): warning C4244: "Argument": Konvertierung von "double" in "float", möglicher Datenverlust
e:\mpa\iplug2\mpa code\global.h(485): warning C4244: "Argument": Konvertierung von "double" in "float", möglicher Datenverlust
e:\mpa\iplug2\mpa code\global.h(486): warning C4244: "Argument": Konvertierung von "double" in "float", möglicher Datenverlust
e:\mpa\iplug2\mpa code\global.h(487): warning C4244: "Argument": Konvertierung von "double" in "float", möglicher Datenverlust
e:\mpa\iplug2\examples\prodyssey\prodyssey.cpp(423): warning C4305: "Argument": Verkürzung von "double" in "float"
e:\mpa\iplug2\examples\prodyssey\prodyssey.cpp(684): warning C4244: "Initialisierung": Konvertierung von "double" in "int", möglicher Datenverlust
e:\mpa\iplug2\examples\prodyssey\prodyssey.cpp(685): warning C4244: "Initialisierung": Konvertierung von "double" in "int", möglicher Datenverlust
e:\mpa\iplug2\examples\prodyssey\prodyssey.cpp(812): warning C4244: "Argument": Konvertierung von "double" in "int", möglicher Datenverlust
e:\mpa\iplug2\examples\prodyssey\prodyssey.cpp(1024): warning C4244: "=": Konvertierung von "double" in "uint8_t", möglicher Datenverlust
e:\mpa\iplug2\examples\prodyssey\prodyssey.cpp(1027): warning C4244: "=": Konvertierung von "double" in "uint8_t", möglicher Datenverlust
e:\mpa\iplug2\examples\prodyssey\prodyssey.cpp(1032): warning C4244: "=": Konvertierung von "double" in "uint8_t", möglicher Datenverlust
e:\mpa\iplug2\examples\prodyssey\prodyssey.cpp(1050): warning C4244: "=": Konvertierung von "double" in "int", möglicher Datenverlust
e:\mpa\iplug2\examples\prodyssey\prodyssey.cpp(1059): warning C4244: "=": Konvertierung von "double" in "uint8_t", möglicher Datenverlust
e:\mpa\iplug2\examples\prodyssey\prodyssey.cpp(1068): warning C4244: "=": Konvertierung von "double" in "uint8_t", möglicher Datenverlust
  Prodyssey-app.vcxproj -> E:\MPA\iPlug2\Examples\Prodyssey\build-win\app\x64\Debug\Prodyssey.exe
  POSTBUILD SCRIPT VARIABLES -----------------------------------------------------
  FORMAT ".exe" 
  NAME "Prodyssey" 
  PLATFORM "x64" 
  COPY_VST2 "1" 
  BUILT_BINARY "E:\MPA\iPlug2\Examples\Prodyssey\build-win\app\x64\Debug\Prodyssey.exe" 
  VST2_32_PATH "C:\Program Files (x86)\Common Files\VST2" 
  VST2_64_PATH "C:\Program Files\Common Files\VST2"  
  VST3_32_PATH "C:\Program Files (x86)\Common Files\VST3" 
  VST3_64_PATH "C:\Program Files\Common Files\VST3" 
  BUILD_DIR "E:\MPA\iPlug2\Examples\Prodyssey\build-win"
  VST_ICON "E:\MPA\iPlug2\Examples\Prodyssey\..\..\Dependencies\IPlug\VST3_SDK\doc\artwork\VST_Logo_Steinberg.ico" 
  AAX_ICON "E:\MPA\iPlug2\Examples\Prodyssey\..\..\Dependencies\IPlug\AAX_SDK\Utilities\PlugIn.ico" 
  CREATE_BUNDLE_SCRIPT "E:\MPA\iPlug2\Examples\Prodyssey\..\..\Scripts\create_bundle.bat"
  END POSTBUILD SCRIPT VARIABLES -----------------------------------------------------
