h:\mpa\iplug2\examples\b4000\build-win\vst2\x64\release\int\icontrols.obj
h:\mpa\iplug2\examples\b4000\build-win\vst2\x64\release\int\midisynth.obj
h:\mpa\iplug2\examples\b4000\build-win\vst2\x64\release\int\voiceallocator.obj
h:\mpa\iplug2\examples\b4000\build-win\vst2\x64\release\int\iplugtimer.obj
h:\mpa\iplug2\examples\b4000\build-win\vst2\x64\release\int\itextentrycontrol.obj
h:\mpa\iplug2\examples\b4000\build-win\vst2\x64\release\int\igraphicseditordelegate.obj
h:\mpa\iplug2\examples\b4000\build-win\vst2\x64\release\int\iplugparameter.obj
h:\mpa\iplug2\examples\b4000\build-win\vst2\x64\release\int\iplugpluginbase.obj
h:\mpa\iplug2\examples\b4000\build-win\vst2\x64\release\int\ipopupmenucontrol.obj
h:\mpa\iplug2\examples\b4000\build-win\vst2\x64\release\int\igraphics.obj
h:\mpa\iplug2\examples\b4000\build-win\vst2\x64\release\int\iplugapibase.obj
h:\mpa\iplug2\examples\b4000\build-win\vst2\x64\release\int\iplugvst2.obj
h:\mpa\iplug2\examples\b4000\build-win\vst2\x64\release\int\icontrol.obj
h:\mpa\iplug2\examples\b4000\build-win\vst2\x64\release\int\igraphicswin.obj
h:\mpa\iplug2\examples\b4000\build-win\vst2\x64\release\int\iplugpaths.obj
h:\mpa\iplug2\examples\b4000\build-win\vst2\x64\release\int\b4000.obj
h:\mpa\iplug2\examples\b4000\build-win\vst2\x64\release\int\vc141.pdb
h:\mpa\iplug2\examples\b4000\build-win\vst2\x64\release\int\main.res
c:\program files\steinberg\vstplugins\b4000.dll
h:\mpa\iplug2\examples\b4000\build-win\pdbs\b4000-vst2_x64.pdb
h:\mpa\iplug2\examples\b4000\build-win\vst2\x64\release\int\b4000.lib
h:\mpa\iplug2\examples\b4000\build-win\vst2\x64\release\int\b4000.exp
c:\program files\steinberg\vstplugins\b4000.ipdb
c:\program files\steinberg\vstplugins\b4000.iobj
h:\mpa\iplug2\examples\b4000\build-win\vst2\x64\release\int\b4000-vst2.tlog\cl.9340.write.1.tlog
h:\mpa\iplug2\examples\b4000\build-win\vst2\x64\release\int\b4000-vst2.tlog\cl.read.1.tlog
h:\mpa\iplug2\examples\b4000\build-win\vst2\x64\release\int\b4000-vst2.tlog\cl.command.1.tlog
h:\mpa\iplug2\examples\b4000\build-win\vst2\x64\release\int\b4000-vst2.tlog\rc.read.1.tlog
h:\mpa\iplug2\examples\b4000\build-win\vst2\x64\release\int\b4000-vst2.tlog\rc.write.1.tlog
h:\mpa\iplug2\examples\b4000\build-win\vst2\x64\release\int\b4000-vst2.tlog\rc.command.1.tlog
h:\mpa\iplug2\examples\b4000\build-win\vst2\x64\release\int\b4000-vst2.tlog\link.read.7.tlog
h:\mpa\iplug2\examples\b4000\build-win\vst2\x64\release\int\b4000-vst2.tlog\link.write.1.tlog
h:\mpa\iplug2\examples\b4000\build-win\vst2\x64\release\int\b4000-vst2.tlog\link.command.1.tlog
h:\mpa\iplug2\examples\b4000\build-win\vst2\x64\release\int\b4000-vst2.tlog\b4000-vst2.write.1u.tlog
