h:\mpa\iplug2\examples\scrollbar\build-win\app\x64\debug\int\vc141.pdb
h:\mpa\iplug2\examples\scrollbar\build-win\app\x64\debug\int\vc141.idb
h:\mpa\iplug2\examples\scrollbar\build-win\app\x64\debug\int\iplugpaths.obj
h:\mpa\iplug2\examples\scrollbar\build-win\app\x64\debug\int\iplugparameter.obj
h:\mpa\iplug2\examples\scrollbar\build-win\app\x64\debug\int\iplugapibase.obj
h:\mpa\iplug2\examples\scrollbar\build-win\app\x64\debug\int\iplugapp_main.obj
h:\mpa\iplug2\examples\scrollbar\build-win\app\x64\debug\int\iplugapp_host.obj
h:\mpa\iplug2\examples\scrollbar\build-win\app\x64\debug\int\iplugapp_dialog.obj
h:\mpa\iplug2\examples\scrollbar\build-win\app\x64\debug\int\iplugapp.obj
h:\mpa\iplug2\examples\scrollbar\build-win\app\x64\debug\int\igraphicswin.obj
h:\mpa\iplug2\examples\scrollbar\build-win\app\x64\debug\int\igraphicseditordelegate.obj
h:\mpa\iplug2\examples\scrollbar\build-win\app\x64\debug\int\igraphics.obj
h:\mpa\iplug2\examples\scrollbar\build-win\app\x64\debug\int\icontrol.obj
h:\mpa\iplug2\examples\scrollbar\build-win\app\x64\debug\int\itextentrycontrol.obj
h:\mpa\iplug2\examples\scrollbar\build-win\app\x64\debug\int\ipopupmenucontrol.obj
h:\mpa\iplug2\examples\scrollbar\build-win\app\x64\debug\int\icontrols.obj
h:\mpa\iplug2\examples\scrollbar\build-win\app\x64\debug\int\rtmidi.obj
h:\mpa\iplug2\examples\scrollbar\build-win\app\x64\debug\int\rtaudio.obj
h:\mpa\iplug2\examples\scrollbar\build-win\app\x64\debug\int\iasiothiscallresolver.obj
h:\mpa\iplug2\examples\scrollbar\build-win\app\x64\debug\int\asiolist.obj
h:\mpa\iplug2\examples\scrollbar\build-win\app\x64\debug\int\asiodrivers.obj
h:\mpa\iplug2\examples\scrollbar\build-win\app\x64\debug\int\asio.obj
h:\mpa\iplug2\examples\scrollbar\build-win\app\x64\debug\int\scrollbar.obj
h:\mpa\iplug2\examples\scrollbar\build-win\app\x64\debug\int\iplugtimer.obj
h:\mpa\iplug2\examples\scrollbar\build-win\app\x64\debug\int\iplugpluginbase.obj
h:\mpa\iplug2\examples\scrollbar\build-win\app\x64\debug\int\main.res
h:\mpa\iplug2\examples\scrollbar\build-win\app\x64\debug\scrollbar.exe
h:\mpa\iplug2\examples\scrollbar\build-win\app\x64\debug\scrollbar.ilk
h:\mpa\iplug2\examples\scrollbar\build-win\pdbs\scrollbar-app_x64.pdb
h:\mpa\iplug2\examples\scrollbar\build-win\app\x64\debug\int\scrollbar-app.tlog\cl.read.1.tlog
h:\mpa\iplug2\examples\scrollbar\build-win\app\x64\debug\int\scrollbar-app.tlog\cl.write.1.tlog
h:\mpa\iplug2\examples\scrollbar\build-win\app\x64\debug\int\scrollbar-app.tlog\cl.command.1.tlog
h:\mpa\iplug2\examples\scrollbar\build-win\app\x64\debug\int\scrollbar-app.tlog\rc.read.1.tlog
h:\mpa\iplug2\examples\scrollbar\build-win\app\x64\debug\int\scrollbar-app.tlog\rc.write.1.tlog
h:\mpa\iplug2\examples\scrollbar\build-win\app\x64\debug\int\scrollbar-app.tlog\rc.command.1.tlog
h:\mpa\iplug2\examples\scrollbar\build-win\app\x64\debug\int\scrollbar-app.tlog\link.read.1.tlog
h:\mpa\iplug2\examples\scrollbar\build-win\app\x64\debug\int\scrollbar-app.tlog\link.write.1.tlog
h:\mpa\iplug2\examples\scrollbar\build-win\app\x64\debug\int\scrollbar-app.tlog\link.command.1.tlog
