  Scrollbar.cpp
h:\mpa\iplug2\igraphics\igraphicspathbase.h(557): warning C4244: "Argument": Konvertierung von "double" in "float", möglicher Datenverlust
h:\mpa\iplug2\igraphics\icontrol.h(1050): warning C4244: "Argument": Konvertierung von "double" in "float", möglicher Datenverlust
h:\mpa\iplug2\examples\scrollbar\scrollbar.h(55): warning C4244: "Argument": Konvertierung von "double" in "float", möglicher Datenverlust
h:\mpa\iplug2\examples\scrollbar\scrollbar.h(56): warning C4244: "Argument": Konvertierung von "double" in "float", möglicher Datenverlust
h:\mpa\iplug2\examples\scrollbar\scrollbar.h(57): warning C4244: "Argument": Konvertierung von "double" in "float", möglicher Datenverlust
h:\mpa\iplug2\examples\scrollbar\scrollbar.h(58): warning C4244: "Argument": Konvertierung von "double" in "float", möglicher Datenverlust
h:\mpa\iplug2\examples\scrollbar\scrollbar.h(64): warning C4244: "Argument": Konvertierung von "double" in "float", möglicher Datenverlust
h:\mpa\iplug2\examples\scrollbar\scrollbar.h(65): warning C4244: "Argument": Konvertierung von "double" in "float", möglicher Datenverlust
h:\mpa\iplug2\examples\scrollbar\scrollbar.h(66): warning C4244: "Argument": Konvertierung von "double" in "float", möglicher Datenverlust
h:\mpa\iplug2\examples\scrollbar\scrollbar.h(67): warning C4244: "Argument": Konvertierung von "double" in "float", möglicher Datenverlust
h:\mpa\iplug2\examples\scrollbar\scrollbar.h(219): warning C4244: "=": Konvertierung von "double" in "int", möglicher Datenverlust
  Scrollbar-app.vcxproj -> H:\MPA\iPlug2\Examples\Scrollbar\build-win\app\x64\Debug\Scrollbar.exe
  POSTBUILD SCRIPT VARIABLES -----------------------------------------------------
  FORMAT ".exe" 
  NAME "Scrollbar" 
  PLATFORM "x64" 
  COPY_VST2 "1" 
  BUILT_BINARY "H:\MPA\iPlug2\Examples\Scrollbar\build-win\app\x64\Debug\Scrollbar.exe" 
  VST2_32_PATH "C:\Program Files (x86)\Common Files\VST2" 
  VST2_64_PATH "C:\Program Files\Common Files\VST2"  
  VST3_32_PATH "C:\Program Files (x86)\Common Files\VST3" 
  VST3_64_PATH "C:\Program Files\Common Files\VST3" 
  BUILD_DIR "H:\MPA\iPlug2\Examples\Scrollbar\build-win"
  VST_ICON "H:\MPA\iPlug2\Examples\Scrollbar\..\..\Dependencies\IPlug\VST3_SDK\doc\artwork\VST_Logo_Steinberg.ico" 
  AAX_ICON "H:\MPA\iPlug2\Examples\Scrollbar\..\..\Dependencies\IPlug\AAX_SDK\Utilities\PlugIn.ico" 
  CREATE_BUNDLE_SCRIPT "H:\MPA\iPlug2\Examples\Scrollbar\..\..\Scripts\create_bundle.bat"
  END POSTBUILD SCRIPT VARIABLES -----------------------------------------------------
          1 Datei(en) kopiert.
