h:\mpa\iplug2\examples\prodyssey\build-win\vst2\x64\debug\int\vc141.pdb
h:\mpa\iplug2\examples\prodyssey\build-win\vst2\x64\debug\int\vc141.idb
h:\mpa\iplug2\examples\prodyssey\build-win\vst2\x64\debug\int\prodyssey.obj
h:\mpa\iplug2\examples\prodyssey\build-win\vst2\x64\debug\int\iplugvst2.obj
h:\mpa\iplug2\examples\prodyssey\build-win\vst2\x64\debug\int\iplugtimer.obj
h:\mpa\iplug2\examples\prodyssey\build-win\vst2\x64\debug\int\iplugpluginbase.obj
h:\mpa\iplug2\examples\prodyssey\build-win\vst2\x64\debug\int\iplugpaths.obj
h:\mpa\iplug2\examples\prodyssey\build-win\vst2\x64\debug\int\iplugparameter.obj
h:\mpa\iplug2\examples\prodyssey\build-win\vst2\x64\debug\int\iplugapibase.obj
h:\mpa\iplug2\examples\prodyssey\build-win\vst2\x64\debug\int\voiceallocator.obj
h:\mpa\iplug2\examples\prodyssey\build-win\vst2\x64\debug\int\midisynth.obj
h:\mpa\iplug2\examples\prodyssey\build-win\vst2\x64\debug\int\igraphicswin.obj
h:\mpa\iplug2\examples\prodyssey\build-win\vst2\x64\debug\int\igraphicseditordelegate.obj
h:\mpa\iplug2\examples\prodyssey\build-win\vst2\x64\debug\int\igraphics.obj
h:\mpa\iplug2\examples\prodyssey\build-win\vst2\x64\debug\int\icontrol.obj
h:\mpa\iplug2\examples\prodyssey\build-win\vst2\x64\debug\int\itextentrycontrol.obj
h:\mpa\iplug2\examples\prodyssey\build-win\vst2\x64\debug\int\ipopupmenucontrol.obj
h:\mpa\iplug2\examples\prodyssey\build-win\vst2\x64\debug\int\icontrols.obj
h:\mpa\iplug2\examples\prodyssey\build-win\vst2\x64\debug\int\main.res
h:\mpa\iplug2\examples\prodyssey\build-win\vst2\x64\debug\int\prodyssey.lib
h:\mpa\iplug2\examples\prodyssey\build-win\vst2\x64\debug\int\prodyssey.exp
h:\mpa\iplug2\examples\prodyssey\build-win\vst2\x64\debug\int\prodyssey-vst2.tlog\cl.read.1.tlog
h:\mpa\iplug2\examples\prodyssey\build-win\vst2\x64\debug\int\prodyssey-vst2.tlog\cl.write.1.tlog
h:\mpa\iplug2\examples\prodyssey\build-win\vst2\x64\debug\int\prodyssey-vst2.tlog\cl.command.1.tlog
h:\mpa\iplug2\examples\prodyssey\build-win\vst2\x64\debug\int\prodyssey-vst2.tlog\rc.read.1.tlog
h:\mpa\iplug2\examples\prodyssey\build-win\vst2\x64\debug\int\prodyssey-vst2.tlog\rc.write.1.tlog
h:\mpa\iplug2\examples\prodyssey\build-win\vst2\x64\debug\int\prodyssey-vst2.tlog\rc.command.1.tlog
h:\mpa\iplug2\examples\prodyssey\build-win\vst2\x64\debug\int\prodyssey-vst2.tlog\link.read.1.tlog
h:\mpa\iplug2\examples\prodyssey\build-win\vst2\x64\debug\int\prodyssey-vst2.tlog\link.write.1.tlog
h:\mpa\iplug2\examples\prodyssey\build-win\vst2\x64\debug\int\prodyssey-vst2.tlog\link.command.1.tlog
h:\mpa\iplug2\examples\prodyssey\build-win\vst2\x64\debug\int\prodyssey-vst2.tlog\prodyssey-vst2.write.1u.tlog
h:\mpa\iplug2\examples\prodyssey\build-win\vst2\x64\debug\int\prodyssey-vst2.tlog\link.10396.read.1.tlog
h:\mpa\iplug2\examples\prodyssey\build-win\vst2\x64\debug\int\prodyssey-vst2.tlog\link.10396.write.1.tlog
