  writing resource files
  RtAudio.cpp
  asio.cpp
  asiodrivers.cpp
  asiolist.cpp
  iasiothiscallresolver.cpp
  RtMidi.cpp
  IControls.cpp
  IPopupMenuControl.cpp
  ITextEntryControl.cpp
  IControl.cpp
h:\mpa\iplug2\igraphics\icontrol.h(1050): warning C4244: "Argument": Konvertierung von "double" in "float", möglicher Datenverlust (Quelldatei wird kompiliert ..\..\..\IGraphics\Controls\IControls.cpp)
h:\mpa\iplug2\igraphics\controls\icontrols.cpp(724): warning C4244: "Initialisierung": Konvertierung von "double" in "float", möglicher Datenverlust
h:\mpa\iplug2\igraphics\controls\icontrols.cpp(725): warning C4244: "Initialisierung": Konvertierung von "double" in "float", möglicher Datenverlust
h:\mpa\iplug2\igraphics\controls\icontrols.cpp(729): warning C4244: "Argument": Konvertierung von "double" in "float", möglicher Datenverlust
h:\mpa\iplug2\igraphics\icontrol.h(1050): warning C4244: "Argument": Konvertierung von "double" in "float", möglicher Datenverlust (Quelldatei wird kompiliert ..\..\..\IGraphics\Controls\IPopupMenuControl.cpp)
  IGraphics.cpp
  IGraphicsEditorDelegate.cpp
h:\mpa\iplug2\igraphics\icontrol.h(1050): warning C4244: "Argument": Konvertierung von "double" in "float", möglicher Datenverlust (Quelldatei wird kompiliert ..\..\..\IGraphics\Controls\ITextEntryControl.cpp)
h:\mpa\iplug2\igraphics\controls\itextentrycontrol.cpp(107): warning C4305: "Argument": Verkürzung von "double" in "float"
h:\mpa\iplug2\igraphics\icontrol.h(1050): warning C4244: "Argument": Konvertierung von "double" in "float", möglicher Datenverlust (Quelldatei wird kompiliert ..\..\..\IGraphics\IControl.cpp)
  IGraphicsWin.cpp
  IPlugAPP.cpp
h:\mpa\iplug2\dependencies\igraphics\nanosvg\src\nanosvg.h(1098): warning C4244: "=": Konvertierung von "double" in "__int64", möglicher Datenverlust (Quelldatei wird kompiliert ..\..\..\IGraphics\IGraphics.cpp)
h:\mpa\iplug2\igraphics\icontrol.h(1050): warning C4244: "Argument": Konvertierung von "double" in "float", möglicher Datenverlust (Quelldatei wird kompiliert ..\..\..\IGraphics\IGraphicsEditorDelegate.cpp)
h:\mpa\iplug2\igraphics\icontrol.h(1050): warning C4244: "Argument": Konvertierung von "double" in "float", möglicher Datenverlust (Quelldatei wird kompiliert ..\..\..\IGraphics\IGraphics.cpp)
h:\mpa\iplug2\igraphics\igraphics.cpp(1395): warning C4244: "=": Konvertierung von "double" in "float", möglicher Datenverlust
h:\mpa\iplug2\igraphics\igraphics.cpp(1705): warning C4244: "Argument": Konvertierung von "double" in "float", möglicher Datenverlust
h:\mpa\iplug2\igraphics\igraphics.cpp(1729): warning C4244: "Argument": Konvertierung von "const _Ty" in "float", möglicher Datenverlust
          with
          [
              _Ty=double
          ]
h:\mpa\iplug2\igraphics\igraphics.cpp(1730): warning C4244: "Argument": Konvertierung von "const _Ty" in "float", möglicher Datenverlust
          with
          [
              _Ty=double
          ]
  IPlugAPP_dialog.cpp
  IPlugAPP_host.cpp
h:\mpa\iplug2\igraphics\igraphicspathbase.h(557): warning C4244: "Argument": Konvertierung von "double" in "float", möglicher Datenverlust (Quelldatei wird kompiliert ..\..\..\IGraphics\Platforms\IGraphicsWin.cpp)
h:\mpa\iplug2\igraphics\icontrol.h(1050): warning C4244: "Argument": Konvertierung von "double" in "float", möglicher Datenverlust (Quelldatei wird kompiliert ..\..\..\IGraphics\Platforms\IGraphicsWin.cpp)
h:\mpa\iplug2\igraphics\platforms\igraphicswin.cpp(197): warning C4101: "v": Unreferenzierte lokale Variable
h:\mpa\iplug2\igraphics\platforms\igraphicswin.cpp(840): warning C4390: ";": Leere kontrollierte Anweisung aufgetreten; ist dies beabsichtigt?
h:\mpa\iplug2\igraphics\platforms\igraphicswin.cpp(1510): warning C4302: "Typumwandlung": Verkürzung von "HINSTANCE" in "int"
h:\mpa\iplug2\igraphics\drawing\igraphicsnanovg.cpp(383): warning C4390: ";": Leere kontrollierte Anweisung aufgetreten; ist dies beabsichtigt? (Quelldatei wird kompiliert ..\..\..\IGraphics\Platforms\IGraphicsWin.cpp)
h:\mpa\iplug2\igraphics\drawing\igraphicsnanovg.cpp(413): warning C4390: ";": Leere kontrollierte Anweisung aufgetreten; ist dies beabsichtigt? (Quelldatei wird kompiliert ..\..\..\IGraphics\Platforms\IGraphicsWin.cpp)
  IPlugAPP_main.cpp
h:\mpa\iplug2\iplug\app\iplugapp_dialog.cpp(532): warning C4390: ";": Leere kontrollierte Anweisung aufgetreten; ist dies beabsichtigt?
  MidiSynth.cpp
  VoiceAllocator.cpp
  IPlugAPIBase.cpp
h:\mpa\iplug2\iplug\extras\synth\controlramp.h(53): warning C4244: "Initialisierung": Konvertierung von "double" in "float", möglicher Datenverlust (Quelldatei wird kompiliert ..\..\..\IPlug\Extras\Synth\MidiSynth.cpp)
h:\mpa\iplug2\iplug\extras\synth\controlramp.h(54): warning C4244: "Initialisierung": Konvertierung von "double" in "float", möglicher Datenverlust (Quelldatei wird kompiliert ..\..\..\IPlug\Extras\Synth\MidiSynth.cpp)
h:\mpa\iplug2\iplug\extras\synth\midisynth.h(86): warning C4244: "Argument": Konvertierung von "double" in "float", möglicher Datenverlust (Quelldatei wird kompiliert ..\..\..\IPlug\Extras\Synth\MidiSynth.cpp)
h:\mpa\iplug2\iplug\extras\synth\midisynth.cpp(81): warning C4244: "=": Konvertierung von "double" in "float", möglicher Datenverlust
h:\mpa\iplug2\iplug\extras\synth\midisynth.cpp(87): warning C4244: "=": Konvertierung von "double" in "float", möglicher Datenverlust
h:\mpa\iplug2\iplug\extras\synth\midisynth.cpp(149): warning C4244: "=": Konvertierung von "double" in "float", möglicher Datenverlust
h:\mpa\iplug2\iplug\extras\synth\midisynth.cpp(164): warning C4244: "=": Konvertierung von "double" in "float", möglicher Datenverlust
h:\mpa\iplug2\iplug\extras\synth\midisynth.cpp(244): warning C4244: "=": Konvertierung von "double" in "float", möglicher Datenverlust
  IPlugParameter.cpp
h:\mpa\iplug2\iplug\extras\synth\controlramp.h(53): warning C4244: "Initialisierung": Konvertierung von "double" in "float", möglicher Datenverlust (Quelldatei wird kompiliert ..\..\..\IPlug\Extras\Synth\VoiceAllocator.cpp)
h:\mpa\iplug2\iplug\extras\synth\controlramp.h(54): warning C4244: "Initialisierung": Konvertierung von "double" in "float", möglicher Datenverlust (Quelldatei wird kompiliert ..\..\..\IPlug\Extras\Synth\VoiceAllocator.cpp)
h:\mpa\iplug2\iplug\extras\synth\voiceallocator.cpp(293): warning C4244: "=": Konvertierung von "double" in "int", möglicher Datenverlust
h:\mpa\iplug2\iplug\extras\synth\voiceallocator.cpp(294): warning C4244: "=": Konvertierung von "double" in "int", möglicher Datenverlust
h:\mpa\iplug2\iplug\extras\synth\voiceallocator.cpp(411): warning C4244: "Argument": Konvertierung von "double" in "int", möglicher Datenverlust
h:\mpa\iplug2\iplug\extras\synth\voiceallocator.cpp(421): warning C4244: "Argument": Konvertierung von "double" in "float", möglicher Datenverlust
h:\mpa\iplug2\iplug\extras\synth\voiceallocator.cpp(441): warning C4244: "Argument": Konvertierung von "double" in "float", möglicher Datenverlust
h:\mpa\iplug2\iplug\extras\synth\voiceallocator.cpp(518): warning C4244: "Argument": Konvertierung von "double" in "int", möglicher Datenverlust
h:\mpa\iplug2\iplug\extras\synth\voiceallocator.cpp(521): warning C4244: "Argument": Konvertierung von "double" in "float", möglicher Datenverlust
  IPlugPaths.cpp
  IPlugPluginBase.cpp
  IPlugTimer.cpp
  Minimax.cpp
h:\mpa\iplug2\igraphics\igraphicspathbase.h(557): warning C4244: "Argument": Konvertierung von "double" in "float", möglicher Datenverlust (Quelldatei wird kompiliert ..\Minimax.cpp)
h:\mpa\iplug2\igraphics\icontrol.h(1050): warning C4244: "Argument": Konvertierung von "double" in "float", möglicher Datenverlust (Quelldatei wird kompiliert ..\Minimax.cpp)
h:\mpa\iplug2\mpa code\global.h(34): warning C4305: "Argument": Verkürzung von "double" in "float" (Quelldatei wird kompiliert ..\Minimax.cpp)
h:\mpa\iplug2\mpa code\global.h(35): warning C4305: "Argument": Verkürzung von "double" in "float" (Quelldatei wird kompiliert ..\Minimax.cpp)
h:\mpa\iplug2\mpa code\global.h(37): warning C4244: "Argument": Konvertierung von "double" in "float", möglicher Datenverlust (Quelldatei wird kompiliert ..\Minimax.cpp)
h:\mpa\iplug2\mpa code\global.h(38): warning C4244: "Argument": Konvertierung von "double" in "float", möglicher Datenverlust (Quelldatei wird kompiliert ..\Minimax.cpp)
h:\mpa\iplug2\mpa code\global.h(39): warning C4244: "Argument": Konvertierung von "double" in "float", möglicher Datenverlust (Quelldatei wird kompiliert ..\Minimax.cpp)
h:\mpa\iplug2\mpa code\global.h(40): warning C4244: "Argument": Konvertierung von "double" in "float", möglicher Datenverlust (Quelldatei wird kompiliert ..\Minimax.cpp)
h:\mpa\iplug2\mpa code\global.h(46): warning C4244: "Argument": Konvertierung von "double" in "float", möglicher Datenverlust (Quelldatei wird kompiliert ..\Minimax.cpp)
h:\mpa\iplug2\mpa code\global.h(47): warning C4244: "Argument": Konvertierung von "double" in "float", möglicher Datenverlust (Quelldatei wird kompiliert ..\Minimax.cpp)
h:\mpa\iplug2\mpa code\global.h(48): warning C4244: "Argument": Konvertierung von "double" in "float", möglicher Datenverlust (Quelldatei wird kompiliert ..\Minimax.cpp)
h:\mpa\iplug2\mpa code\global.h(49): warning C4244: "Argument": Konvertierung von "double" in "float", möglicher Datenverlust (Quelldatei wird kompiliert ..\Minimax.cpp)
h:\mpa\iplug2\mpa code\global.h(219): warning C4244: "=": Konvertierung von "double" in "int", möglicher Datenverlust (Quelldatei wird kompiliert ..\Minimax.cpp)
h:\mpa\iplug2\mpa code\global.h(253): warning C4244: "Argument": Konvertierung von "double" in "float", möglicher Datenverlust (Quelldatei wird kompiliert ..\Minimax.cpp)
h:\mpa\iplug2\mpa code\global.h(254): warning C4244: "Argument": Konvertierung von "double" in "float", möglicher Datenverlust (Quelldatei wird kompiliert ..\Minimax.cpp)
h:\mpa\iplug2\mpa code\global.h(391): warning C4244: "=": Konvertierung von "double" in "int", möglicher Datenverlust (Quelldatei wird kompiliert ..\Minimax.cpp)
h:\mpa\iplug2\mpa code\global.h(489): warning C4244: "Argument": Konvertierung von "double" in "float", möglicher Datenverlust (Quelldatei wird kompiliert ..\Minimax.cpp)
h:\mpa\iplug2\mpa code\global.h(490): warning C4244: "Argument": Konvertierung von "double" in "float", möglicher Datenverlust (Quelldatei wird kompiliert ..\Minimax.cpp)
h:\mpa\iplug2\mpa code\global.h(491): warning C4244: "Argument": Konvertierung von "double" in "float", möglicher Datenverlust (Quelldatei wird kompiliert ..\Minimax.cpp)
h:\mpa\iplug2\mpa code\global.h(492): warning C4244: "Argument": Konvertierung von "double" in "float", möglicher Datenverlust (Quelldatei wird kompiliert ..\Minimax.cpp)
h:\mpa\iplug2\mpa code\global.h(503): warning C4244: "Argument": Konvertierung von "double" in "float", möglicher Datenverlust (Quelldatei wird kompiliert ..\Minimax.cpp)
h:\mpa\iplug2\mpa code\global.h(504): warning C4244: "Argument": Konvertierung von "double" in "float", möglicher Datenverlust (Quelldatei wird kompiliert ..\Minimax.cpp)
h:\mpa\iplug2\mpa code\global.h(505): warning C4244: "Argument": Konvertierung von "double" in "float", möglicher Datenverlust (Quelldatei wird kompiliert ..\Minimax.cpp)
h:\mpa\iplug2\mpa code\global.h(506): warning C4244: "Argument": Konvertierung von "double" in "float", möglicher Datenverlust (Quelldatei wird kompiliert ..\Minimax.cpp)
h:\mpa\iplug2\examples\minimax\minimax.cpp(281): warning C4244: "Argument": Konvertierung von "int" in "float", möglicher Datenverlust
h:\mpa\iplug2\examples\minimax\minimax.cpp(282): warning C4244: "Argument": Konvertierung von "int" in "float", möglicher Datenverlust
h:\mpa\iplug2\examples\minimax\minimax.cpp(283): warning C4244: "Argument": Konvertierung von "int" in "float", möglicher Datenverlust
h:\mpa\iplug2\examples\minimax\minimax.cpp(284): warning C4244: "Argument": Konvertierung von "int" in "float", möglicher Datenverlust
h:\mpa\iplug2\examples\minimax\minimax.cpp(285): warning C4244: "Argument": Konvertierung von "int" in "float", möglicher Datenverlust
h:\mpa\iplug2\examples\minimax\minimax.cpp(286): warning C4244: "Argument": Konvertierung von "int" in "float", möglicher Datenverlust
h:\mpa\iplug2\examples\minimax\minimax.cpp(287): warning C4244: "Argument": Konvertierung von "int" in "float", möglicher Datenverlust
h:\mpa\iplug2\examples\minimax\minimax.cpp(288): warning C4244: "Argument": Konvertierung von "int" in "float", möglicher Datenverlust
h:\mpa\iplug2\examples\minimax\minimax.cpp(289): warning C4244: "Argument": Konvertierung von "int" in "float", möglicher Datenverlust
h:\mpa\iplug2\examples\minimax\minimax.cpp(290): warning C4244: "Argument": Konvertierung von "int" in "float", möglicher Datenverlust
h:\mpa\iplug2\examples\minimax\minimax.cpp(291): warning C4244: "Argument": Konvertierung von "int" in "float", möglicher Datenverlust
h:\mpa\iplug2\examples\minimax\minimax.cpp(293): warning C4244: "Argument": Konvertierung von "int" in "float", möglicher Datenverlust
h:\mpa\iplug2\examples\minimax\minimax.cpp(294): warning C4244: "Argument": Konvertierung von "int" in "float", möglicher Datenverlust
h:\mpa\iplug2\examples\minimax\minimax.cpp(295): warning C4244: "Argument": Konvertierung von "int" in "float", möglicher Datenverlust
h:\mpa\iplug2\examples\minimax\minimax.cpp(296): warning C4244: "Argument": Konvertierung von "int" in "float", möglicher Datenverlust
h:\mpa\iplug2\examples\minimax\minimax.cpp(297): warning C4244: "Argument": Konvertierung von "int" in "float", möglicher Datenverlust
h:\mpa\iplug2\examples\minimax\minimax.cpp(298): warning C4244: "Argument": Konvertierung von "int" in "float", möglicher Datenverlust
h:\mpa\iplug2\examples\minimax\minimax.cpp(318): warning C4244: "Argument": Konvertierung von "int" in "float", möglicher Datenverlust
h:\mpa\iplug2\examples\minimax\minimax.cpp(319): warning C4244: "Argument": Konvertierung von "int" in "float", möglicher Datenverlust
h:\mpa\iplug2\examples\minimax\minimax.cpp(320): warning C4244: "Argument": Konvertierung von "int" in "float", möglicher Datenverlust
h:\mpa\iplug2\examples\minimax\minimax.cpp(321): warning C4244: "Argument": Konvertierung von "int" in "float", möglicher Datenverlust
h:\mpa\iplug2\examples\minimax\minimax.cpp(322): warning C4244: "Argument": Konvertierung von "int" in "float", möglicher Datenverlust
h:\mpa\iplug2\examples\minimax\minimax.cpp(323): warning C4244: "Argument": Konvertierung von "int" in "float", möglicher Datenverlust
h:\mpa\iplug2\examples\minimax\minimax.cpp(329): warning C4244: "Argument": Konvertierung von "int" in "float", möglicher Datenverlust
h:\mpa\iplug2\examples\minimax\minimax.cpp(330): warning C4244: "Argument": Konvertierung von "int" in "float", möglicher Datenverlust
h:\mpa\iplug2\examples\minimax\minimax.cpp(331): warning C4244: "Argument": Konvertierung von "int" in "float", möglicher Datenverlust
h:\mpa\iplug2\examples\minimax\minimax.cpp(332): warning C4244: "Argument": Konvertierung von "int" in "float", möglicher Datenverlust
h:\mpa\iplug2\examples\minimax\minimax.cpp(333): warning C4244: "Argument": Konvertierung von "int" in "float", möglicher Datenverlust
h:\mpa\iplug2\examples\minimax\minimax.cpp(334): warning C4244: "Argument": Konvertierung von "int" in "float", möglicher Datenverlust
h:\mpa\iplug2\examples\minimax\minimax.cpp(337): warning C4244: "Argument": Konvertierung von "int" in "float", möglicher Datenverlust
h:\mpa\iplug2\examples\minimax\minimax.cpp(340): warning C4244: "Argument": Konvertierung von "int" in "float", möglicher Datenverlust
h:\mpa\iplug2\examples\minimax\minimax.cpp(346): warning C4244: "Argument": Konvertierung von "int" in "float", möglicher Datenverlust
h:\mpa\iplug2\examples\minimax\minimax.cpp(347): warning C4244: "Argument": Konvertierung von "int" in "float", möglicher Datenverlust
h:\mpa\iplug2\examples\minimax\minimax.cpp(348): warning C4244: "Argument": Konvertierung von "int" in "float", möglicher Datenverlust
h:\mpa\iplug2\examples\minimax\minimax.cpp(349): warning C4244: "Argument": Konvertierung von "int" in "float", möglicher Datenverlust
h:\mpa\iplug2\examples\minimax\minimax.cpp(352): warning C4244: "Argument": Konvertierung von "int" in "float", möglicher Datenverlust
h:\mpa\iplug2\examples\minimax\minimax.cpp(353): warning C4244: "Argument": Konvertierung von "int" in "float", möglicher Datenverlust
h:\mpa\iplug2\examples\minimax\minimax.cpp(354): warning C4244: "Argument": Konvertierung von "int" in "float", möglicher Datenverlust
h:\mpa\iplug2\examples\minimax\minimax.cpp(357): warning C4244: "Argument": Konvertierung von "int" in "float", möglicher Datenverlust
h:\mpa\iplug2\examples\minimax\minimax.cpp(360): warning C4244: "Argument": Konvertierung von "int" in "float", möglicher Datenverlust
h:\mpa\iplug2\examples\minimax\minimax.cpp(361): warning C4244: "Argument": Konvertierung von "int" in "float", möglicher Datenverlust
h:\mpa\iplug2\examples\minimax\minimax.cpp(362): warning C4244: "Argument": Konvertierung von "int" in "float", möglicher Datenverlust
h:\mpa\iplug2\examples\minimax\minimax.cpp(363): warning C4244: "Argument": Konvertierung von "int" in "float", möglicher Datenverlust
h:\mpa\iplug2\examples\minimax\minimax.cpp(364): warning C4244: "Argument": Konvertierung von "int" in "float", möglicher Datenverlust
h:\mpa\iplug2\examples\minimax\minimax.cpp(367): warning C4244: "Argument": Konvertierung von "int" in "float", möglicher Datenverlust
h:\mpa\iplug2\examples\minimax\minimax.cpp(368): warning C4244: "Argument": Konvertierung von "int" in "float", möglicher Datenverlust
h:\mpa\iplug2\examples\minimax\minimax.cpp(371): warning C4244: "Argument": Konvertierung von "int" in "float", möglicher Datenverlust
h:\mpa\iplug2\examples\minimax\minimax.cpp(372): warning C4244: "Argument": Konvertierung von "int" in "float", möglicher Datenverlust
h:\mpa\iplug2\examples\minimax\minimax.cpp(373): warning C4244: "Argument": Konvertierung von "int" in "float", möglicher Datenverlust
h:\mpa\iplug2\examples\minimax\minimax.cpp(376): warning C4244: "Argument": Konvertierung von "int" in "float", möglicher Datenverlust
h:\mpa\iplug2\mpa code\mixerui.h(7): warning C4244: "Initialisierung": Konvertierung von "double" in "int", möglicher Datenverlust (Quelldatei wird kompiliert ..\Minimax.cpp)
h:\mpa\iplug2\mpa code\mixerui.h(9): warning C4244: "Argument": Konvertierung von "int" in "float", möglicher Datenverlust (Quelldatei wird kompiliert ..\Minimax.cpp)
h:\mpa\iplug2\mpa code\mixerui.h(15): warning C4244: "Argument": Konvertierung von "int" in "float", möglicher Datenverlust (Quelldatei wird kompiliert ..\Minimax.cpp)
h:\mpa\iplug2\mpa code\mixerui.h(16): warning C4244: "Argument": Konvertierung von "int" in "float", möglicher Datenverlust (Quelldatei wird kompiliert ..\Minimax.cpp)
h:\mpa\iplug2\mpa code\mixerui.h(17): warning C4244: "Argument": Konvertierung von "int" in "float", möglicher Datenverlust (Quelldatei wird kompiliert ..\Minimax.cpp)
h:\mpa\iplug2\mpa code\mixerui.h(18): warning C4244: "Argument": Konvertierung von "int" in "float", möglicher Datenverlust (Quelldatei wird kompiliert ..\Minimax.cpp)
h:\mpa\iplug2\mpa code\mixerui.h(28): warning C4244: "Argument": Konvertierung von "int" in "float", möglicher Datenverlust (Quelldatei wird kompiliert ..\Minimax.cpp)
h:\mpa\iplug2\mpa code\mixerui.h(35): warning C4244: "Argument": Konvertierung von "int" in "float", möglicher Datenverlust (Quelldatei wird kompiliert ..\Minimax.cpp)
h:\mpa\iplug2\mpa code\mixerui.h(43): warning C4244: "Argument": Konvertierung von "int" in "float", möglicher Datenverlust (Quelldatei wird kompiliert ..\Minimax.cpp)
h:\mpa\iplug2\mpa code\mixerui.h(47): warning C4244: "Argument": Konvertierung von "int" in "float", möglicher Datenverlust (Quelldatei wird kompiliert ..\Minimax.cpp)
h:\mpa\iplug2\mpa code\mixerui.h(51): warning C4244: "Argument": Konvertierung von "int" in "float", möglicher Datenverlust (Quelldatei wird kompiliert ..\Minimax.cpp)
h:\mpa\iplug2\mpa code\mixerui.h(54): warning C4244: "Argument": Konvertierung von "int" in "float", möglicher Datenverlust (Quelldatei wird kompiliert ..\Minimax.cpp)
h:\mpa\iplug2\mpa code\mixerui.h(60): warning C4244: "Argument": Konvertierung von "int" in "float", möglicher Datenverlust (Quelldatei wird kompiliert ..\Minimax.cpp)
h:\mpa\iplug2\mpa code\mixerui.h(64): warning C4244: "Argument": Konvertierung von "int" in "float", möglicher Datenverlust (Quelldatei wird kompiliert ..\Minimax.cpp)
h:\mpa\iplug2\mpa code\mixerui.h(69): warning C4244: "Argument": Konvertierung von "int" in "float", möglicher Datenverlust (Quelldatei wird kompiliert ..\Minimax.cpp)
h:\mpa\iplug2\mpa code\mixerui.h(82): warning C4244: "Argument": Konvertierung von "int" in "float", möglicher Datenverlust (Quelldatei wird kompiliert ..\Minimax.cpp)
h:\mpa\iplug2\mpa code\mixerui.h(84): warning C4244: "Argument": Konvertierung von "int" in "float", möglicher Datenverlust (Quelldatei wird kompiliert ..\Minimax.cpp)
h:\mpa\iplug2\mpa code\mixerui.h(89): warning C4244: "Argument": Konvertierung von "int" in "float", möglicher Datenverlust (Quelldatei wird kompiliert ..\Minimax.cpp)
h:\mpa\iplug2\mpa code\keyboardui.h(4): warning C4305: "Argument": Verkürzung von "double" in "float" (Quelldatei wird kompiliert ..\Minimax.cpp)
h:\mpa\iplug2\mpa code\keyboardui.h(16): warning C4244: "Argument": Konvertierung von "double" in "float", möglicher Datenverlust (Quelldatei wird kompiliert ..\Minimax.cpp)
h:\mpa\iplug2\mpa code\resize.h(8): warning C4244: "=": Konvertierung von "double" in "int", möglicher Datenverlust (Quelldatei wird kompiliert ..\Minimax.cpp)
h:\mpa\iplug2\mpa code\resize.h(9): warning C4244: "=": Konvertierung von "double" in "int", möglicher Datenverlust (Quelldatei wird kompiliert ..\Minimax.cpp)
h:\mpa\iplug2\mpa code\resize.h(10): warning C4244: "=": Konvertierung von "double" in "int", möglicher Datenverlust (Quelldatei wird kompiliert ..\Minimax.cpp)
h:\mpa\iplug2\examples\minimax\minimax.cpp(649): warning C4244: "Argument": Konvertierung von "double" in "int", möglicher Datenverlust
h:\mpa\iplug2\mpa code\processmidi.h(86): warning C4244: "Argument": Konvertierung von "double" in "int", möglicher Datenverlust (Quelldatei wird kompiliert ..\Minimax.cpp)
h:\mpa\iplug2\examples\minimax\minimax.cpp(837): warning C4244: "=": Konvertierung von "double" in "uint8_t", möglicher Datenverlust
h:\mpa\iplug2\examples\minimax\minimax.cpp(840): warning C4244: "=": Konvertierung von "double" in "uint8_t", möglicher Datenverlust
h:\mpa\iplug2\examples\minimax\minimax.cpp(851): warning C4244: "=": Konvertierung von "double" in "uint8_t", möglicher Datenverlust
h:\mpa\iplug2\examples\minimax\minimax.cpp(856): warning C4244: "=": Konvertierung von "double" in "uint8_t", möglicher Datenverlust
h:\mpa\iplug2\examples\minimax\minimax.cpp(903): warning C4244: "=": Konvertierung von "double" in "int", möglicher Datenverlust
h:\mpa\iplug2\examples\minimax\minimax.cpp(944): warning C4244: "=": Konvertierung von "double" in "uint8_t", möglicher Datenverlust
  Code wird generiert.
h:\mpa\iplug2\igraphics\igraphicsstructs.h(531): warning C4715: "TextStyleString": Nicht alle Codepfade geben einen Wert zurück.
  7346 of 7393 functions (99.4%) were compiled, the rest were copied from previous compilation.
    339 functions were new in current compilation
    1 functions had inline decision re-evaluated but remain unchanged
  Codegenerierung ist abgeschlossen.
  Minimax-app.vcxproj -> H:\MPA\iPlug2\Examples\Minimax\build-win\app\x64\Release\Minimax.exe
  POSTBUILD SCRIPT VARIABLES -----------------------------------------------------
  FORMAT ".exe" 
  NAME "Minimax" 
  PLATFORM "x64" 
  COPY_VST2 "1" 
  BUILT_BINARY "H:\MPA\iPlug2\Examples\Minimax\build-win\app\x64\Release\Minimax.exe" 
  VST2_32_PATH "C:\Program Files (x86)\Common Files\VST2" 
  VST2_64_PATH "C:\Program Files\Common Files\VST2"  
  VST3_32_PATH "C:\Program Files (x86)\Common Files\VST3" 
  VST3_64_PATH "C:\Program Files\Common Files\VST3" 
  BUILD_DIR "H:\MPA\iPlug2\Examples\Minimax\build-win"
  VST_ICON "H:\MPA\iPlug2\Examples\Minimax\..\..\Dependencies\IPlug\VST3_SDK\doc\artwork\VST_Logo_Steinberg.ico" 
  AAX_ICON "H:\MPA\iPlug2\Examples\Minimax\..\..\Dependencies\IPlug\AAX_SDK\Utilities\PlugIn.ico" 
  CREATE_BUNDLE_SCRIPT "H:\MPA\iPlug2\Examples\Minimax\..\..\Scripts\create_bundle.bat"
  END POSTBUILD SCRIPT VARIABLES -----------------------------------------------------
